<?xml version="1.0" encoding="UTF-8" standalone="no"?>
<!DOCTYPE report PUBLIC "-//JACOCO//DTD Report 1.1//EN" "report.dtd"[]>
<report name="Pester (08/27/2025 23:39:12)">
  <sessioninfo id="this" start="1756337887348" dump="1756337952024" />
  <package name="modules/Process">
    <class name="modules/Process/Invoke-ConfigValidation" sourcefilename="Process/Invoke-ConfigValidation.psm1">
      <method name="Invoke-ConfigValidation" desc="()" line="23">
        <counter type="INSTRUCTION" missed="0" covered="37" />
        <counter type="LINE" missed="0" covered="36" />
        <counter type="METHOD" missed="0" covered="1" />
      </method>
      <method name="Test-ResolvedFilePaths" desc="()" line="86">
        <counter type="INSTRUCTION" missed="0" covered="13" />
        <counter type="LINE" missed="0" covered="8" />
        <counter type="METHOD" missed="0" covered="1" />
      </method>
      <method name="&lt;script&gt;" desc="()" line="103">
        <counter type="INSTRUCTION" missed="1" covered="0" />
        <counter type="LINE" missed="1" covered="0" />
        <counter type="METHOD" missed="1" covered="0" />
      </method>
      <counter type="INSTRUCTION" missed="1" covered="50" />
      <counter type="LINE" missed="1" covered="44" />
      <counter type="METHOD" missed="1" covered="2" />
      <counter type="CLASS" missed="0" covered="1" />
    </class>
    <class name="modules/Process/Invoke-CsvExport" sourcefilename="Process/Invoke-CsvExport.psm1">
      <method name="Invoke-CsvExport" desc="()" line="22">
        <counter type="INSTRUCTION" missed="11" covered="43" />
        <counter type="LINE" missed="7" covered="37" />
        <counter type="METHOD" missed="0" covered="1" />
      </method>
      <method name="&lt;script&gt;" desc="()" line="108">
        <counter type="INSTRUCTION" missed="1" covered="0" />
        <counter type="LINE" missed="1" covered="0" />
        <counter type="METHOD" missed="1" covered="0" />
      </method>
      <counter type="INSTRUCTION" missed="12" covered="43" />
      <counter type="LINE" missed="8" covered="37" />
      <counter type="METHOD" missed="1" covered="1" />
      <counter type="CLASS" missed="0" covered="1" />
    </class>
    <class name="modules/Process/Invoke-CsvImport" sourcefilename="Process/Invoke-CsvImport.psm1">
      <method name="Invoke-CsvImport" desc="()" line="26">
        <counter type="INSTRUCTION" missed="0" covered="15" />
        <counter type="LINE" missed="0" covered="13" />
        <counter type="METHOD" missed="0" covered="1" />
      </method>
      <method name="Invoke-CsvImportMain" desc="()" line="70">
        <counter type="INSTRUCTION" missed="0" covered="39" />
        <counter type="LINE" missed="0" covered="33" />
        <counter type="METHOD" missed="0" covered="1" />
      </method>
      <method name="New-TempCsvWithHeader" desc="()" line="145">
        <counter type="INSTRUCTION" missed="46" covered="0" />
        <counter type="LINE" missed="36" covered="0" />
        <counter type="METHOD" missed="1" covered="0" />
      </method>
      <method name="Invoke-Filtering" desc="()" line="232">
        <counter type="INSTRUCTION" missed="44" covered="0" />
        <counter type="LINE" missed="40" covered="0" />
        <counter type="METHOD" missed="1" covered="0" />
      </method>
      <method name="Import-CsvToSqliteTable" desc="()" line="329">
        <counter type="INSTRUCTION" missed="30" covered="0" />
        <counter type="LINE" missed="23" covered="0" />
        <counter type="METHOD" missed="1" covered="0" />
      </method>
      <method name="&lt;script&gt;" desc="()" line="386">
        <counter type="INSTRUCTION" missed="1" covered="0" />
        <counter type="LINE" missed="1" covered="0" />
        <counter type="METHOD" missed="1" covered="0" />
      </method>
      <counter type="INSTRUCTION" missed="121" covered="54" />
      <counter type="LINE" missed="100" covered="46" />
      <counter type="METHOD" missed="4" covered="2" />
      <counter type="CLASS" missed="0" covered="1" />
    </class>
    <class name="modules/Process/Invoke-DatabaseInitialization" sourcefilename="Process/Invoke-DatabaseInitialization.psm1">
      <method name="Invoke-DatabaseInitialization" desc="()" line="21">
        <counter type="INSTRUCTION" missed="5" covered="38" />
        <counter type="LINE" missed="3" covered="29" />
        <counter type="METHOD" missed="0" covered="1" />
      </method>
      <method name="New-DatabaseSchema" desc="()" line="91">
        <counter type="INSTRUCTION" missed="0" covered="11" />
        <counter type="LINE" missed="0" covered="11" />
        <counter type="METHOD" missed="0" covered="1" />
      </method>
      <method name="Invoke-DatabaseInitializationInternal" desc="()" line="123">
        <counter type="INSTRUCTION" missed="0" covered="2" />
        <counter type="LINE" missed="0" covered="2" />
        <counter type="METHOD" missed="0" covered="1" />
      </method>
      <method name="Invoke-SqliteSchemaCommand" desc="()" line="138">
        <counter type="INSTRUCTION" missed="11" covered="0" />
        <counter type="LINE" missed="10" covered="0" />
        <counter type="METHOD" missed="1" covered="0" />
      </method>
      <method name="&lt;script&gt;" desc="()" line="161">
        <counter type="INSTRUCTION" missed="1" covered="0" />
        <counter type="LINE" missed="1" covered="0" />
        <counter type="METHOD" missed="1" covered="0" />
      </method>
      <counter type="INSTRUCTION" missed="17" covered="51" />
      <counter type="LINE" missed="14" covered="42" />
      <counter type="METHOD" missed="2" covered="3" />
      <counter type="CLASS" missed="0" covered="1" />
    </class>
    <class name="modules/Process/Invoke-DataSync" sourcefilename="Process/Invoke-DataSync.psm1">
      <method name="Invoke-DataSync" desc="()" line="20">
        <counter type="INSTRUCTION" missed="1" covered="19" />
        <counter type="LINE" missed="1" covered="18" />
        <counter type="METHOD" missed="0" covered="1" />
      </method>
      <method name="Add-NewRecords" desc="()" line="80">
        <counter type="INSTRUCTION" missed="0" covered="12" />
        <counter type="LINE" missed="0" covered="10" />
        <counter type="METHOD" missed="0" covered="1" />
      </method>
      <method name="Add-UpdateRecords" desc="()" line="118">
        <counter type="INSTRUCTION" missed="0" covered="9" />
        <counter type="LINE" missed="0" covered="9" />
        <counter type="METHOD" missed="0" covered="1" />
      </method>
      <method name="Add-DeleteRecords" desc="()" line="158">
        <counter type="INSTRUCTION" missed="0" covered="12" />
        <counter type="LINE" missed="0" covered="10" />
        <counter type="METHOD" missed="0" covered="1" />
      </method>
      <method name="Add-KeepRecords" desc="()" line="197">
        <counter type="INSTRUCTION" missed="0" covered="16" />
        <counter type="LINE" missed="0" covered="16" />
        <counter type="METHOD" missed="0" covered="1" />
      </method>
      <method name="Add-ExcludedCurrentDataAsKeep" desc="()" line="249">
        <counter type="INSTRUCTION" missed="20" covered="5" />
        <counter type="LINE" missed="17" covered="5" />
        <counter type="METHOD" missed="0" covered="1" />
      </method>
      <method name="&lt;script&gt;" desc="()" line="304">
        <counter type="INSTRUCTION" missed="1" covered="0" />
        <counter type="LINE" missed="1" covered="0" />
        <counter type="METHOD" missed="1" covered="0" />
      </method>
      <counter type="INSTRUCTION" missed="22" covered="73" />
      <counter type="LINE" missed="19" covered="68" />
      <counter type="METHOD" missed="1" covered="6" />
      <counter type="CLASS" missed="0" covered="1" />
    </class>
    <class name="modules/Process/Show-SyncResult" sourcefilename="Process/Show-SyncResult.psm1">
      <method name="Show-SyncResult" desc="()" line="26">
        <counter type="INSTRUCTION" missed="2" covered="60" />
        <counter type="LINE" missed="2" covered="57" />
        <counter type="METHOD" missed="0" covered="1" />
      </method>
      <method name="&lt;script&gt;" desc="()" line="154">
        <counter type="INSTRUCTION" missed="1" covered="0" />
        <counter type="LINE" missed="1" covered="0" />
        <counter type="METHOD" missed="1" covered="0" />
      </method>
      <counter type="INSTRUCTION" missed="3" covered="60" />
      <counter type="LINE" missed="3" covered="57" />
      <counter type="METHOD" missed="1" covered="1" />
      <counter type="CLASS" missed="0" covered="1" />
    </class>
    <class name="modules/Process/Test-DataConsistency" sourcefilename="Process/Test-DataConsistency.psm1">
      <method name="Test-DataConsistency" desc="()" line="17">
        <counter type="INSTRUCTION" missed="0" covered="19" />
        <counter type="LINE" missed="0" covered="16" />
        <counter type="METHOD" missed="0" covered="1" />
      </method>
      <method name="&lt;script&gt;" desc="()" line="52">
        <counter type="INSTRUCTION" missed="1" covered="0" />
        <counter type="LINE" missed="1" covered="0" />
        <counter type="METHOD" missed="1" covered="0" />
      </method>
      <counter type="INSTRUCTION" missed="1" covered="19" />
      <counter type="LINE" missed="1" covered="16" />
      <counter type="METHOD" missed="1" covered="1" />
      <counter type="CLASS" missed="0" covered="1" />
    </class>
    <sourcefile name="Process/Invoke-ConfigValidation.psm1">
      <line nr="23" mi="0" ci="1" mb="0" cb="0" />
      <line nr="24" mi="0" ci="1" mb="0" cb="0" />
      <line nr="25" mi="0" ci="1" mb="0" cb="0" />
      <line nr="26" mi="0" ci="1" mb="0" cb="0" />
      <line nr="27" mi="0" ci="1" mb="0" cb="0" />
      <line nr="28" mi="0" ci="1" mb="0" cb="0" />
      <line nr="32" mi="0" ci="1" mb="0" cb="0" />
      <line nr="33" mi="0" ci="1" mb="0" cb="0" />
      <line nr="34" mi="0" ci="1" mb="0" cb="0" />
      <line nr="35" mi="0" ci="1" mb="0" cb="0" />
      <line nr="36" mi="0" ci="1" mb="0" cb="0" />
      <line nr="40" mi="0" ci="1" mb="0" cb="0" />
      <line nr="41" mi="0" ci="1" mb="0" cb="0" />
      <line nr="42" mi="0" ci="2" mb="0" cb="0" />
      <line nr="45" mi="0" ci="1" mb="0" cb="0" />
      <line nr="46" mi="0" ci="1" mb="0" cb="0" />
      <line nr="47" mi="0" ci="1" mb="0" cb="0" />
      <line nr="50" mi="0" ci="1" mb="0" cb="0" />
      <line nr="51" mi="0" ci="1" mb="0" cb="0" />
      <line nr="52" mi="0" ci="1" mb="0" cb="0" />
      <line nr="53" mi="0" ci="1" mb="0" cb="0" />
      <line nr="56" mi="0" ci="1" mb="0" cb="0" />
      <line nr="57" mi="0" ci="1" mb="0" cb="0" />
      <line nr="58" mi="0" ci="1" mb="0" cb="0" />
      <line nr="59" mi="0" ci="1" mb="0" cb="0" />
      <line nr="60" mi="0" ci="1" mb="0" cb="0" />
      <line nr="63" mi="0" ci="1" mb="0" cb="0" />
      <line nr="64" mi="0" ci="1" mb="0" cb="0" />
      <line nr="65" mi="0" ci="1" mb="0" cb="0" />
      <line nr="68" mi="0" ci="1" mb="0" cb="0" />
      <line nr="69" mi="0" ci="1" mb="0" cb="0" />
      <line nr="70" mi="0" ci="1" mb="0" cb="0" />
      <line nr="71" mi="0" ci="1" mb="0" cb="0" />
      <line nr="72" mi="0" ci="1" mb="0" cb="0" />
      <line nr="73" mi="0" ci="1" mb="0" cb="0" />
      <line nr="75" mi="0" ci="1" mb="0" cb="0" />
      <line nr="86" mi="0" ci="1" mb="0" cb="0" />
      <line nr="88" mi="0" ci="2" mb="0" cb="0" />
      <line nr="89" mi="0" ci="2" mb="0" cb="0" />
      <line nr="92" mi="0" ci="2" mb="0" cb="0" />
      <line nr="93" mi="0" ci="2" mb="0" cb="0" />
      <line nr="96" mi="0" ci="1" mb="0" cb="0" />
      <line nr="97" mi="0" ci="2" mb="0" cb="0" />
      <line nr="98" mi="0" ci="1" mb="0" cb="0" />
      <line nr="103" mi="1" ci="0" mb="0" cb="0" />
      <counter type="INSTRUCTION" missed="1" covered="50" />
      <counter type="LINE" missed="1" covered="44" />
      <counter type="METHOD" missed="1" covered="2" />
      <counter type="CLASS" missed="0" covered="1" />
    </sourcefile>
    <sourcefile name="Process/Invoke-CsvExport.psm1">
      <line nr="22" mi="0" ci="1" mb="0" cb="0" />
      <line nr="25" mi="0" ci="1" mb="0" cb="0" />
      <line nr="26" mi="0" ci="1" mb="0" cb="0" />
      <line nr="28" mi="1" ci="0" mb="0" cb="0" />
      <line nr="29" mi="1" ci="0" mb="0" cb="0" />
      <line nr="30" mi="1" ci="0" mb="0" cb="0" />
      <line nr="35" mi="0" ci="1" mb="0" cb="0" />
      <line nr="36" mi="0" ci="1" mb="0" cb="0" />
      <line nr="40" mi="0" ci="1" mb="0" cb="0" />
      <line nr="41" mi="0" ci="1" mb="0" cb="0" />
      <line nr="42" mi="0" ci="1" mb="0" cb="0" />
      <line nr="45" mi="0" ci="1" mb="0" cb="0" />
      <line nr="46" mi="1" ci="2" mb="0" cb="0" />
      <line nr="49" mi="0" ci="1" mb="0" cb="0" />
      <line nr="50" mi="0" ci="1" mb="0" cb="0" />
      <line nr="52" mi="0" ci="1" mb="0" cb="0" />
      <line nr="53" mi="0" ci="1" mb="0" cb="0" />
      <line nr="55" mi="0" ci="2" mb="0" cb="0" />
      <line nr="56" mi="0" ci="1" mb="0" cb="0" />
      <line nr="57" mi="0" ci="1" mb="0" cb="0" />
      <line nr="59" mi="0" ci="1" mb="0" cb="0" />
      <line nr="60" mi="0" ci="1" mb="0" cb="0" />
      <line nr="63" mi="0" ci="1" mb="0" cb="0" />
      <line nr="64" mi="0" ci="2" mb="0" cb="0" />
      <line nr="67" mi="0" ci="1" mb="0" cb="0" />
      <line nr="71" mi="0" ci="1" mb="0" cb="0" />
      <line nr="72" mi="0" ci="2" mb="0" cb="0" />
      <line nr="73" mi="0" ci="1" mb="0" cb="0" />
      <line nr="74" mi="0" ci="1" mb="0" cb="0" />
      <line nr="75" mi="0" ci="2" mb="0" cb="0" />
      <line nr="79" mi="1" ci="0" mb="0" cb="0" />
      <line nr="80" mi="2" ci="0" mb="0" cb="0" />
      <line nr="83" mi="0" ci="1" mb="0" cb="0" />
      <line nr="86" mi="0" ci="1" mb="0" cb="0" />
      <line nr="88" mi="0" ci="1" mb="0" cb="0" />
      <line nr="92" mi="0" ci="1" mb="0" cb="0" />
      <line nr="94" mi="0" ci="2" mb="0" cb="0" />
      <line nr="95" mi="2" ci="0" mb="0" cb="0" />
      <line nr="96" mi="2" ci="0" mb="0" cb="0" />
      <line nr="99" mi="0" ci="1" mb="0" cb="0" />
      <line nr="100" mi="0" ci="1" mb="0" cb="0" />
      <line nr="101" mi="0" ci="1" mb="0" cb="0" />
      <line nr="102" mi="0" ci="1" mb="0" cb="0" />
      <line nr="104" mi="0" ci="1" mb="0" cb="0" />
      <line nr="108" mi="1" ci="0" mb="0" cb="0" />
      <counter type="INSTRUCTION" missed="12" covered="43" />
      <counter type="LINE" missed="8" covered="37" />
      <counter type="METHOD" missed="1" covered="1" />
      <counter type="CLASS" missed="0" covered="1" />
    </sourcefile>
    <sourcefile name="Process/Invoke-CsvImport.psm1">
      <line nr="26" mi="0" ci="1" mb="0" cb="0" />
      <line nr="29" mi="0" ci="1" mb="0" cb="0" />
      <line nr="31" mi="0" ci="1" mb="0" cb="0" />
      <line nr="32" mi="0" ci="1" mb="0" cb="0" />
      <line nr="33" mi="0" ci="1" mb="0" cb="0" />
      <line nr="34" mi="0" ci="1" mb="0" cb="0" />
      <line nr="38" mi="0" ci="1" mb="0" cb="0" />
      <line nr="39" mi="0" ci="1" mb="0" cb="0" />
      <line nr="40" mi="0" ci="1" mb="0" cb="0" />
      <line nr="41" mi="0" ci="1" mb="0" cb="0" />
      <line nr="46" mi="0" ci="2" mb="0" cb="0" />
      <line nr="47" mi="0" ci="1" mb="0" cb="0" />
      <line nr="48" mi="0" ci="2" mb="0" cb="0" />
      <line nr="70" mi="0" ci="2" mb="0" cb="0" />
      <line nr="71" mi="0" ci="1" mb="0" cb="0" />
      <line nr="74" mi="0" ci="1" mb="0" cb="0" />
      <line nr="77" mi="0" ci="1" mb="0" cb="0" />
      <line nr="78" mi="0" ci="2" mb="0" cb="0" />
      <line nr="82" mi="0" ci="1" mb="0" cb="0" />
      <line nr="83" mi="0" ci="1" mb="0" cb="0" />
      <line nr="85" mi="0" ci="1" mb="0" cb="0" />
      <line nr="86" mi="0" ci="1" mb="0" cb="0" />
      <line nr="87" mi="0" ci="1" mb="0" cb="0" />
      <line nr="88" mi="0" ci="1" mb="0" cb="0" />
      <line nr="90" mi="0" ci="1" mb="0" cb="0" />
      <line nr="91" mi="0" ci="1" mb="0" cb="0" />
      <line nr="95" mi="0" ci="1" mb="0" cb="0" />
      <line nr="96" mi="0" ci="2" mb="0" cb="0" />
      <line nr="97" mi="0" ci="1" mb="0" cb="0" />
      <line nr="98" mi="0" ci="1" mb="0" cb="0" />
      <line nr="103" mi="0" ci="1" mb="0" cb="0" />
      <line nr="104" mi="0" ci="1" mb="0" cb="0" />
      <line nr="105" mi="0" ci="2" mb="0" cb="0" />
      <line nr="106" mi="0" ci="1" mb="0" cb="0" />
      <line nr="111" mi="0" ci="1" mb="0" cb="0" />
      <line nr="114" mi="0" ci="1" mb="0" cb="0" />
      <line nr="115" mi="0" ci="1" mb="0" cb="0" />
      <line nr="116" mi="0" ci="1" mb="0" cb="0" />
      <line nr="117" mi="0" ci="1" mb="0" cb="0" />
      <line nr="118" mi="0" ci="1" mb="0" cb="0" />
      <line nr="119" mi="0" ci="1" mb="0" cb="0" />
      <line nr="120" mi="0" ci="1" mb="0" cb="0" />
      <line nr="124" mi="0" ci="1" mb="0" cb="0" />
      <line nr="125" mi="0" ci="1" mb="0" cb="0" />
      <line nr="130" mi="0" ci="1" mb="0" cb="0" />
      <line nr="132" mi="0" ci="3" mb="0" cb="0" />
      <line nr="145" mi="1" ci="0" mb="0" cb="0" />
      <line nr="149" mi="1" ci="0" mb="0" cb="0" />
      <line nr="150" mi="1" ci="0" mb="0" cb="0" />
      <line nr="151" mi="1" ci="0" mb="0" cb="0" />
      <line nr="152" mi="1" ci="0" mb="0" cb="0" />
      <line nr="154" mi="1" ci="0" mb="0" cb="0" />
      <line nr="156" mi="2" ci="0" mb="0" cb="0" />
      <line nr="157" mi="1" ci="0" mb="0" cb="0" />
      <line nr="158" mi="2" ci="0" mb="0" cb="0" />
      <line nr="163" mi="2" ci="0" mb="0" cb="0" />
      <line nr="167" mi="1" ci="0" mb="0" cb="0" />
      <line nr="169" mi="1" ci="0" mb="0" cb="0" />
      <line nr="170" mi="1" ci="0" mb="0" cb="0" />
      <line nr="173" mi="2" ci="0" mb="0" cb="0" />
      <line nr="176" mi="1" ci="0" mb="0" cb="0" />
      <line nr="177" mi="1" ci="0" mb="0" cb="0" />
      <line nr="178" mi="1" ci="0" mb="0" cb="0" />
      <line nr="179" mi="1" ci="0" mb="0" cb="0" />
      <line nr="180" mi="2" ci="0" mb="0" cb="0" />
      <line nr="182" mi="1" ci="0" mb="0" cb="0" />
      <line nr="184" mi="1" ci="0" mb="0" cb="0" />
      <line nr="185" mi="1" ci="0" mb="0" cb="0" />
      <line nr="186" mi="1" ci="0" mb="0" cb="0" />
      <line nr="190" mi="1" ci="0" mb="0" cb="0" />
      <line nr="191" mi="1" ci="0" mb="0" cb="0" />
      <line nr="194" mi="1" ci="0" mb="0" cb="0" />
      <line nr="197" mi="2" ci="0" mb="0" cb="0" />
      <line nr="200" mi="1" ci="0" mb="0" cb="0" />
      <line nr="201" mi="2" ci="0" mb="0" cb="0" />
      <line nr="202" mi="2" ci="0" mb="0" cb="0" />
      <line nr="203" mi="2" ci="0" mb="0" cb="0" />
      <line nr="207" mi="1" ci="0" mb="0" cb="0" />
      <line nr="208" mi="1" ci="0" mb="0" cb="0" />
      <line nr="209" mi="2" ci="0" mb="0" cb="0" />
      <line nr="212" mi="1" ci="0" mb="0" cb="0" />
      <line nr="214" mi="1" ci="0" mb="0" cb="0" />
      <line nr="232" mi="1" ci="0" mb="0" cb="0" />
      <line nr="235" mi="1" ci="0" mb="0" cb="0" />
      <line nr="238" mi="1" ci="0" mb="0" cb="0" />
      <line nr="239" mi="1" ci="0" mb="0" cb="0" />
      <line nr="240" mi="1" ci="0" mb="0" cb="0" />
      <line nr="244" mi="1" ci="0" mb="0" cb="0" />
      <line nr="246" mi="1" ci="0" mb="0" cb="0" />
      <line nr="247" mi="1" ci="0" mb="0" cb="0" />
      <line nr="248" mi="1" ci="0" mb="0" cb="0" />
      <line nr="250" mi="1" ci="0" mb="0" cb="0" />
      <line nr="251" mi="1" ci="0" mb="0" cb="0" />
      <line nr="252" mi="1" ci="0" mb="0" cb="0" />
      <line nr="255" mi="1" ci="0" mb="0" cb="0" />
      <line nr="256" mi="1" ci="0" mb="0" cb="0" />
      <line nr="259" mi="1" ci="0" mb="0" cb="0" />
      <line nr="260" mi="1" ci="0" mb="0" cb="0" />
      <line nr="261" mi="1" ci="0" mb="0" cb="0" />
      <line nr="262" mi="1" ci="0" mb="0" cb="0" />
      <line nr="263" mi="1" ci="0" mb="0" cb="0" />
      <line nr="268" mi="1" ci="0" mb="0" cb="0" />
      <line nr="269" mi="1" ci="0" mb="0" cb="0" />
      <line nr="270" mi="1" ci="0" mb="0" cb="0" />
      <line nr="271" mi="1" ci="0" mb="0" cb="0" />
      <line nr="273" mi="1" ci="0" mb="0" cb="0" />
      <line nr="281" mi="1" ci="0" mb="0" cb="0" />
      <line nr="282" mi="1" ci="0" mb="0" cb="0" />
      <line nr="285" mi="1" ci="0" mb="0" cb="0" />
      <line nr="287" mi="3" ci="0" mb="0" cb="0" />
      <line nr="290" mi="1" ci="0" mb="0" cb="0" />
      <line nr="294" mi="1" ci="0" mb="0" cb="0" />
      <line nr="295" mi="1" ci="0" mb="0" cb="0" />
      <line nr="296" mi="1" ci="0" mb="0" cb="0" />
      <line nr="300" mi="1" ci="0" mb="0" cb="0" />
      <line nr="301" mi="3" ci="0" mb="0" cb="0" />
      <line nr="302" mi="1" ci="0" mb="0" cb="0" />
      <line nr="305" mi="1" ci="0" mb="0" cb="0" />
      <line nr="308" mi="1" ci="0" mb="0" cb="0" />
      <line nr="309" mi="1" ci="0" mb="0" cb="0" />
      <line nr="310" mi="1" ci="0" mb="0" cb="0" />
      <line nr="311" mi="1" ci="0" mb="0" cb="0" />
      <line nr="329" mi="2" ci="0" mb="0" cb="0" />
      <line nr="330" mi="1" ci="0" mb="0" cb="0" />
      <line nr="334" mi="1" ci="0" mb="0" cb="0" />
      <line nr="335" mi="1" ci="0" mb="0" cb="0" />
      <line nr="339" mi="1" ci="0" mb="0" cb="0" />
      <line nr="340" mi="1" ci="0" mb="0" cb="0" />
      <line nr="342" mi="3" ci="0" mb="0" cb="0" />
      <line nr="343" mi="2" ci="0" mb="0" cb="0" />
      <line nr="346" mi="1" ci="0" mb="0" cb="0" />
      <line nr="351" mi="1" ci="0" mb="0" cb="0" />
      <line nr="352" mi="1" ci="0" mb="0" cb="0" />
      <line nr="354" mi="1" ci="0" mb="0" cb="0" />
      <line nr="357" mi="1" ci="0" mb="0" cb="0" />
      <line nr="361" mi="2" ci="0" mb="0" cb="0" />
      <line nr="364" mi="1" ci="0" mb="0" cb="0" />
      <line nr="366" mi="1" ci="0" mb="0" cb="0" />
      <line nr="367" mi="1" ci="0" mb="0" cb="0" />
      <line nr="372" mi="2" ci="0" mb="0" cb="0" />
      <line nr="376" mi="1" ci="0" mb="0" cb="0" />
      <line nr="377" mi="1" ci="0" mb="0" cb="0" />
      <line nr="379" mi="1" ci="0" mb="0" cb="0" />
      <line nr="380" mi="1" ci="0" mb="0" cb="0" />
      <line nr="381" mi="2" ci="0" mb="0" cb="0" />
      <line nr="386" mi="1" ci="0" mb="0" cb="0" />
      <counter type="INSTRUCTION" missed="121" covered="54" />
      <counter type="LINE" missed="100" covered="46" />
      <counter type="METHOD" missed="4" covered="2" />
      <counter type="CLASS" missed="0" covered="1" />
    </sourcefile>
    <sourcefile name="Process/Invoke-DatabaseInitialization.psm1">
      <line nr="21" mi="0" ci="1" mb="0" cb="0" />
      <line nr="24" mi="0" ci="1" mb="0" cb="0" />
      <line nr="25" mi="0" ci="1" mb="0" cb="0" />
      <line nr="26" mi="0" ci="1" mb="0" cb="0" />
      <line nr="27" mi="0" ci="3" mb="0" cb="0" />
      <line nr="30" mi="0" ci="1" mb="0" cb="0" />
      <line nr="31" mi="0" ci="1" mb="0" cb="0" />
      <line nr="32" mi="0" ci="1" mb="0" cb="0" />
      <line nr="38" mi="0" ci="1" mb="0" cb="0" />
      <line nr="39" mi="0" ci="2" mb="0" cb="0" />
      <line nr="40" mi="0" ci="1" mb="0" cb="0" />
      <line nr="41" mi="0" ci="2" mb="0" cb="0" />
      <line nr="45" mi="0" ci="2" mb="0" cb="0" />
      <line nr="49" mi="0" ci="1" mb="0" cb="0" />
      <line nr="50" mi="0" ci="1" mb="0" cb="0" />
      <line nr="54" mi="0" ci="1" mb="0" cb="0" />
      <line nr="55" mi="0" ci="2" mb="0" cb="0" />
      <line nr="56" mi="0" ci="1" mb="0" cb="0" />
      <line nr="57" mi="0" ci="2" mb="0" cb="0" />
      <line nr="58" mi="0" ci="1" mb="0" cb="0" />
      <line nr="59" mi="0" ci="2" mb="0" cb="0" />
      <line nr="61" mi="0" ci="1" mb="0" cb="0" />
      <line nr="62" mi="1" ci="0" mb="0" cb="0" />
      <line nr="63" mi="1" ci="0" mb="0" cb="0" />
      <line nr="64" mi="3" ci="0" mb="0" cb="0" />
      <line nr="70" mi="0" ci="1" mb="0" cb="0" />
      <line nr="73" mi="0" ci="1" mb="0" cb="0" />
      <line nr="76" mi="0" ci="1" mb="0" cb="0" />
      <line nr="77" mi="0" ci="1" mb="0" cb="0" />
      <line nr="78" mi="0" ci="2" mb="0" cb="0" />
      <line nr="80" mi="0" ci="1" mb="0" cb="0" />
      <line nr="85" mi="0" ci="1" mb="0" cb="0" />
      <line nr="91" mi="0" ci="1" mb="0" cb="0" />
      <line nr="92" mi="0" ci="1" mb="0" cb="0" />
      <line nr="95" mi="0" ci="1" mb="0" cb="0" />
      <line nr="96" mi="0" ci="1" mb="0" cb="0" />
      <line nr="99" mi="0" ci="1" mb="0" cb="0" />
      <line nr="100" mi="0" ci="1" mb="0" cb="0" />
      <line nr="103" mi="0" ci="1" mb="0" cb="0" />
      <line nr="104" mi="0" ci="1" mb="0" cb="0" />
      <line nr="106" mi="0" ci="1" mb="0" cb="0" />
      <line nr="107" mi="0" ci="1" mb="0" cb="0" />
      <line nr="110" mi="0" ci="1" mb="0" cb="0" />
      <line nr="123" mi="0" ci="1" mb="0" cb="0" />
      <line nr="125" mi="0" ci="1" mb="0" cb="0" />
      <line nr="138" mi="1" ci="0" mb="0" cb="0" />
      <line nr="140" mi="1" ci="0" mb="0" cb="0" />
      <line nr="141" mi="2" ci="0" mb="0" cb="0" />
      <line nr="143" mi="1" ci="0" mb="0" cb="0" />
      <line nr="146" mi="1" ci="0" mb="0" cb="0" />
      <line nr="148" mi="1" ci="0" mb="0" cb="0" />
      <line nr="149" mi="1" ci="0" mb="0" cb="0" />
      <line nr="152" mi="1" ci="0" mb="0" cb="0" />
      <line nr="155" mi="1" ci="0" mb="0" cb="0" />
      <line nr="156" mi="1" ci="0" mb="0" cb="0" />
      <line nr="161" mi="1" ci="0" mb="0" cb="0" />
      <counter type="INSTRUCTION" missed="17" covered="51" />
      <counter type="LINE" missed="14" covered="42" />
      <counter type="METHOD" missed="2" covered="3" />
      <counter type="CLASS" missed="0" covered="1" />
    </sourcefile>
    <sourcefile name="Process/Invoke-DataSync.psm1">
      <line nr="20" mi="0" ci="1" mb="0" cb="0" />
      <line nr="21" mi="0" ci="1" mb="0" cb="0" />
      <line nr="24" mi="0" ci="1" mb="0" cb="0" />
      <line nr="26" mi="0" ci="1" mb="0" cb="0" />
      <line nr="27" mi="1" ci="0" mb="0" cb="0" />
      <line nr="30" mi="0" ci="2" mb="0" cb="0" />
      <line nr="34" mi="0" ci="1" mb="0" cb="0" />
      <line nr="35" mi="0" ci="1" mb="0" cb="0" />
      <line nr="38" mi="0" ci="1" mb="0" cb="0" />
      <line nr="41" mi="0" ci="1" mb="0" cb="0" />
      <line nr="44" mi="0" ci="1" mb="0" cb="0" />
      <line nr="47" mi="0" ci="1" mb="0" cb="0" />
      <line nr="50" mi="0" ci="1" mb="0" cb="0" />
      <line nr="53" mi="0" ci="1" mb="0" cb="0" />
      <line nr="56" mi="0" ci="1" mb="0" cb="0" />
      <line nr="57" mi="0" ci="1" mb="0" cb="0" />
      <line nr="58" mi="0" ci="1" mb="0" cb="0" />
      <line nr="61" mi="0" ci="1" mb="0" cb="0" />
      <line nr="64" mi="0" ci="1" mb="0" cb="0" />
      <line nr="80" mi="0" ci="1" mb="0" cb="0" />
      <line nr="81" mi="0" ci="1" mb="0" cb="0" />
      <line nr="82" mi="0" ci="3" mb="0" cb="0" />
      <line nr="84" mi="0" ci="1" mb="0" cb="0" />
      <line nr="87" mi="0" ci="1" mb="0" cb="0" />
      <line nr="88" mi="0" ci="1" mb="0" cb="0" />
      <line nr="90" mi="0" ci="1" mb="0" cb="0" />
      <line nr="92" mi="0" ci="1" mb="0" cb="0" />
      <line nr="101" mi="0" ci="1" mb="0" cb="0" />
      <line nr="104" mi="0" ci="1" mb="0" cb="0" />
      <line nr="118" mi="0" ci="1" mb="0" cb="0" />
      <line nr="120" mi="0" ci="1" mb="0" cb="0" />
      <line nr="123" mi="0" ci="1" mb="0" cb="0" />
      <line nr="124" mi="0" ci="1" mb="0" cb="0" />
      <line nr="126" mi="0" ci="1" mb="0" cb="0" />
      <line nr="129" mi="0" ci="1" mb="0" cb="0" />
      <line nr="131" mi="0" ci="1" mb="0" cb="0" />
      <line nr="141" mi="0" ci="1" mb="0" cb="0" />
      <line nr="144" mi="0" ci="1" mb="0" cb="0" />
      <line nr="158" mi="0" ci="1" mb="0" cb="0" />
      <line nr="159" mi="0" ci="1" mb="0" cb="0" />
      <line nr="161" mi="0" ci="3" mb="0" cb="0" />
      <line nr="163" mi="0" ci="1" mb="0" cb="0" />
      <line nr="166" mi="0" ci="1" mb="0" cb="0" />
      <line nr="167" mi="0" ci="1" mb="0" cb="0" />
      <line nr="169" mi="0" ci="1" mb="0" cb="0" />
      <line nr="171" mi="0" ci="1" mb="0" cb="0" />
      <line nr="180" mi="0" ci="1" mb="0" cb="0" />
      <line nr="183" mi="0" ci="1" mb="0" cb="0" />
      <line nr="197" mi="0" ci="1" mb="0" cb="0" />
      <line nr="198" mi="0" ci="1" mb="0" cb="0" />
      <line nr="201" mi="0" ci="1" mb="0" cb="0" />
      <line nr="202" mi="0" ci="1" mb="0" cb="0" />
      <line nr="203" mi="0" ci="1" mb="0" cb="0" />
      <line nr="204" mi="0" ci="1" mb="0" cb="0" />
      <line nr="206" mi="0" ci="1" mb="0" cb="0" />
      <line nr="209" mi="0" ci="1" mb="0" cb="0" />
      <line nr="211" mi="0" ci="1" mb="0" cb="0" />
      <line nr="214" mi="0" ci="1" mb="0" cb="0" />
      <line nr="215" mi="0" ci="1" mb="0" cb="0" />
      <line nr="217" mi="0" ci="1" mb="0" cb="0" />
      <line nr="220" mi="0" ci="1" mb="0" cb="0" />
      <line nr="222" mi="0" ci="1" mb="0" cb="0" />
      <line nr="233" mi="0" ci="1" mb="0" cb="0" />
      <line nr="236" mi="0" ci="1" mb="0" cb="0" />
      <line nr="249" mi="0" ci="1" mb="0" cb="0" />
      <line nr="252" mi="0" ci="1" mb="0" cb="0" />
      <line nr="257" mi="0" ci="1" mb="0" cb="0" />
      <line nr="259" mi="0" ci="1" mb="0" cb="0" />
      <line nr="260" mi="0" ci="1" mb="0" cb="0" />
      <line nr="264" mi="1" ci="0" mb="0" cb="0" />
      <line nr="267" mi="1" ci="0" mb="0" cb="0" />
      <line nr="268" mi="1" ci="0" mb="0" cb="0" />
      <line nr="271" mi="1" ci="0" mb="0" cb="0" />
      <line nr="272" mi="1" ci="0" mb="0" cb="0" />
      <line nr="273" mi="1" ci="0" mb="0" cb="0" />
      <line nr="274" mi="2" ci="0" mb="0" cb="0" />
      <line nr="276" mi="1" ci="0" mb="0" cb="0" />
      <line nr="278" mi="1" ci="0" mb="0" cb="0" />
      <line nr="282" mi="1" ci="0" mb="0" cb="0" />
      <line nr="285" mi="1" ci="0" mb="0" cb="0" />
      <line nr="287" mi="1" ci="0" mb="0" cb="0" />
      <line nr="294" mi="1" ci="0" mb="0" cb="0" />
      <line nr="297" mi="1" ci="0" mb="0" cb="0" />
      <line nr="298" mi="1" ci="0" mb="0" cb="0" />
      <line nr="299" mi="3" ci="0" mb="0" cb="0" />
      <line nr="301" mi="1" ci="0" mb="0" cb="0" />
      <line nr="304" mi="1" ci="0" mb="0" cb="0" />
      <counter type="INSTRUCTION" missed="22" covered="73" />
      <counter type="LINE" missed="19" covered="68" />
      <counter type="METHOD" missed="1" covered="6" />
      <counter type="CLASS" missed="0" covered="1" />
    </sourcefile>
    <sourcefile name="Process/Show-SyncResult.psm1">
      <line nr="26" mi="0" ci="1" mb="0" cb="0" />
      <line nr="27" mi="0" ci="1" mb="0" cb="0" />
      <line nr="30" mi="0" ci="1" mb="0" cb="0" />
      <line nr="31" mi="0" ci="1" mb="0" cb="0" />
      <line nr="32" mi="0" ci="1" mb="0" cb="0" />
      <line nr="33" mi="0" ci="1" mb="0" cb="0" />
      <line nr="35" mi="0" ci="1" mb="0" cb="0" />
      <line nr="36" mi="0" ci="2" mb="0" cb="0" />
      <line nr="37" mi="0" ci="1" mb="0" cb="0" />
      <line nr="38" mi="0" ci="1" mb="0" cb="0" />
      <line nr="41" mi="0" ci="1" mb="0" cb="0" />
      <line nr="44" mi="0" ci="1" mb="0" cb="0" />
      <line nr="47" mi="0" ci="1" mb="0" cb="0" />
      <line nr="55" mi="0" ci="1" mb="0" cb="0" />
      <line nr="57" mi="0" ci="1" mb="0" cb="0" />
      <line nr="58" mi="0" ci="3" mb="0" cb="0" />
      <line nr="62" mi="0" ci="1" mb="0" cb="0" />
      <line nr="65" mi="0" ci="1" mb="0" cb="0" />
      <line nr="67" mi="0" ci="1" mb="0" cb="0" />
      <line nr="68" mi="0" ci="1" mb="0" cb="0" />
      <line nr="70" mi="0" ci="1" mb="0" cb="0" />
      <line nr="71" mi="0" ci="1" mb="0" cb="0" />
      <line nr="72" mi="0" ci="1" mb="0" cb="0" />
      <line nr="73" mi="0" ci="1" mb="0" cb="0" />
      <line nr="74" mi="0" ci="1" mb="0" cb="0" />
      <line nr="77" mi="0" ci="1" mb="0" cb="0" />
      <line nr="79" mi="0" ci="1" mb="0" cb="0" />
      <line nr="92" mi="0" ci="1" mb="0" cb="0" />
      <line nr="94" mi="0" ci="1" mb="0" cb="0" />
      <line nr="95" mi="0" ci="1" mb="0" cb="0" />
      <line nr="96" mi="0" ci="1" mb="0" cb="0" />
      <line nr="97" mi="0" ci="1" mb="0" cb="0" />
      <line nr="98" mi="0" ci="1" mb="0" cb="0" />
      <line nr="99" mi="0" ci="1" mb="0" cb="0" />
      <line nr="102" mi="0" ci="1" mb="0" cb="0" />
      <line nr="105" mi="0" ci="1" mb="0" cb="0" />
      <line nr="106" mi="0" ci="1" mb="0" cb="0" />
      <line nr="110" mi="0" ci="1" mb="0" cb="0" />
      <line nr="111" mi="0" ci="1" mb="0" cb="0" />
      <line nr="112" mi="0" ci="1" mb="0" cb="0" />
      <line nr="113" mi="0" ci="1" mb="0" cb="0" />
      <line nr="118" mi="0" ci="1" mb="0" cb="0" />
      <line nr="119" mi="0" ci="1" mb="0" cb="0" />
      <line nr="120" mi="0" ci="1" mb="0" cb="0" />
      <line nr="124" mi="0" ci="1" mb="0" cb="0" />
      <line nr="125" mi="0" ci="1" mb="0" cb="0" />
      <line nr="129" mi="0" ci="1" mb="0" cb="0" />
      <line nr="130" mi="0" ci="1" mb="0" cb="0" />
      <line nr="131" mi="0" ci="1" mb="0" cb="0" />
      <line nr="132" mi="0" ci="1" mb="0" cb="0" />
      <line nr="133" mi="0" ci="1" mb="0" cb="0" />
      <line nr="134" mi="1" ci="0" mb="0" cb="0" />
      <line nr="136" mi="0" ci="1" mb="0" cb="0" />
      <line nr="139" mi="0" ci="1" mb="0" cb="0" />
      <line nr="142" mi="0" ci="1" mb="0" cb="0" />
      <line nr="145" mi="0" ci="1" mb="0" cb="0" />
      <line nr="146" mi="0" ci="1" mb="0" cb="0" />
      <line nr="147" mi="0" ci="1" mb="0" cb="0" />
      <line nr="148" mi="1" ci="0" mb="0" cb="0" />
      <line nr="154" mi="1" ci="0" mb="0" cb="0" />
      <counter type="INSTRUCTION" missed="3" covered="60" />
      <counter type="LINE" missed="3" covered="57" />
      <counter type="METHOD" missed="1" covered="1" />
      <counter type="CLASS" missed="0" covered="1" />
    </sourcefile>
    <sourcefile name="Process/Test-DataConsistency.psm1">
      <line nr="17" mi="0" ci="1" mb="0" cb="0" />
      <line nr="19" mi="0" ci="1" mb="0" cb="0" />
      <line nr="20" mi="0" ci="1" mb="0" cb="0" />
      <line nr="22" mi="0" ci="1" mb="0" cb="0" />
      <line nr="25" mi="0" ci="1" mb="0" cb="0" />
      <line nr="32" mi="0" ci="1" mb="0" cb="0" />
      <line nr="34" mi="0" ci="1" mb="0" cb="0" />
      <line nr="35" mi="0" ci="2" mb="0" cb="0" />
      <line nr="36" mi="0" ci="1" mb="0" cb="0" />
      <line nr="37" mi="0" ci="1" mb="0" cb="0" />
      <line nr="38" mi="0" ci="1" mb="0" cb="0" />
      <line nr="39" mi="0" ci="1" mb="0" cb="0" />
      <line nr="41" mi="0" ci="1" mb="0" cb="0" />
      <line nr="42" mi="0" ci="2" mb="0" cb="0" />
      <line nr="44" mi="0" ci="2" mb="0" cb="0" />
      <line nr="47" mi="0" ci="1" mb="0" cb="0" />
      <line nr="52" mi="1" ci="0" mb="0" cb="0" />
      <counter type="INSTRUCTION" missed="1" covered="19" />
      <counter type="LINE" missed="1" covered="16" />
      <counter type="METHOD" missed="1" covered="1" />
      <counter type="CLASS" missed="0" covered="1" />
    </sourcefile>
    <counter type="INSTRUCTION" missed="177" covered="350" />
    <counter type="LINE" missed="146" covered="310" />
    <counter type="METHOD" missed="11" covered="16" />
    <counter type="CLASS" missed="0" covered="7" />
  </package>
  <package name="modules/Utils/DataAccess">
    <class name="modules/Utils/DataAccess/DatabaseUtils" sourcefilename="Utils/DataAccess/DatabaseUtils.psm1">
      <method name="Get-TableDefinition" desc="()" line="15">
        <counter type="INSTRUCTION" missed="0" covered="7" />
        <counter type="LINE" missed="0" covered="7" />
        <counter type="METHOD" missed="0" covered="1" />
      </method>
      <method name="Clear-Table" desc="()" line="45">
        <counter type="INSTRUCTION" missed="1" covered="14" />
        <counter type="LINE" missed="0" covered="13" />
        <counter type="METHOD" missed="0" covered="1" />
      </method>
      <method name="New-CreateTableSql" desc="()" line="83">
        <counter type="INSTRUCTION" missed="25" covered="29" />
        <counter type="LINE" missed="16" covered="22" />
        <counter type="METHOD" missed="0" covered="1" />
      </method>
      <method name="New-SelectSql" desc="()" line="171">
        <counter type="INSTRUCTION" missed="0" covered="11" />
        <counter type="LINE" missed="0" covered="11" />
        <counter type="METHOD" missed="0" covered="1" />
      </method>
      <method name="New-CreateTempTableSql" desc="()" line="203">
        <counter type="INSTRUCTION" missed="0" covered="13" />
        <counter type="LINE" missed="0" covered="10" />
        <counter type="METHOD" missed="0" covered="1" />
      </method>
      <method name="Get-ColumnMapping" desc="()" line="230">
        <counter type="INSTRUCTION" missed="0" covered="9" />
        <counter type="LINE" missed="0" covered="8" />
        <counter type="METHOD" missed="0" covered="1" />
      </method>
      <method name="Get-TableKeyColumns" desc="()" line="252">
        <counter type="INSTRUCTION" missed="1" covered="3" />
        <counter type="LINE" missed="1" covered="3" />
        <counter type="METHOD" missed="0" covered="1" />
      </method>
      <method name="Get-ComparisonColumns" desc="()" line="271">
        <counter type="INSTRUCTION" missed="0" covered="16" />
        <counter type="LINE" missed="0" covered="14" />
        <counter type="METHOD" missed="0" covered="1" />
      </method>
      <method name="New-CreateIndexSql" desc="()" line="313">
        <counter type="INSTRUCTION" missed="5" covered="18" />
        <counter type="LINE" missed="4" covered="16" />
        <counter type="METHOD" missed="0" covered="1" />
      </method>
      <method name="New-OptimizationPragmas" desc="()" line="352">
        <counter type="INSTRUCTION" missed="0" covered="17" />
        <counter type="LINE" missed="0" covered="13" />
        <counter type="METHOD" missed="0" covered="1" />
      </method>
      <method name="New-FilterWhereClause" desc="()" line="384">
        <counter type="INSTRUCTION" missed="1" covered="20" />
        <counter type="LINE" missed="1" covered="15" />
        <counter type="METHOD" missed="0" covered="1" />
      </method>
      <method name="New-FilteredInsertSql" desc="()" line="432">
        <counter type="INSTRUCTION" missed="0" covered="7" />
        <counter type="LINE" missed="0" covered="7" />
        <counter type="METHOD" missed="0" covered="1" />
      </method>
      <method name="New-JoinCondition" desc="()" line="461">
        <counter type="INSTRUCTION" missed="22" covered="0" />
        <counter type="LINE" missed="18" covered="0" />
        <counter type="METHOD" missed="1" covered="0" />
      </method>
      <method name="Get-ReverseColumnMapping" desc="()" line="509">
        <counter type="INSTRUCTION" missed="8" covered="0" />
        <counter type="LINE" missed="8" covered="0" />
        <counter type="METHOD" missed="1" covered="0" />
      </method>
      <method name="New-ComparisonWhereClause" desc="()" line="546">
        <counter type="INSTRUCTION" missed="18" covered="0" />
        <counter type="LINE" missed="16" covered="0" />
        <counter type="METHOD" missed="1" covered="0" />
      </method>
      <method name="New-PriorityBasedCaseStatement" desc="()" line="593">
        <counter type="INSTRUCTION" missed="19" covered="0" />
        <counter type="LINE" missed="14" covered="0" />
        <counter type="METHOD" missed="1" covered="0" />
      </method>
      <method name="Get-PriorityBasedSourceField" desc="()" line="636">
        <counter type="INSTRUCTION" missed="10" covered="0" />
        <counter type="LINE" missed="9" covered="0" />
        <counter type="METHOD" missed="1" covered="0" />
      </method>
      <method name="Get-SyncResultInsertColumns" desc="()" line="658">
        <counter type="INSTRUCTION" missed="2" covered="0" />
        <counter type="LINE" missed="2" covered="0" />
        <counter type="METHOD" missed="1" covered="0" />
      </method>
      <method name="New-GroupByClause" desc="()" line="675">
        <counter type="INSTRUCTION" missed="10" covered="0" />
        <counter type="LINE" missed="8" covered="0" />
        <counter type="METHOD" missed="1" covered="0" />
      </method>
      <method name="New-SyncResultSelectClause" desc="()" line="706">
        <counter type="INSTRUCTION" missed="12" covered="0" />
        <counter type="LINE" missed="11" covered="0" />
        <counter type="METHOD" missed="1" covered="0" />
      </method>
      <method name="New-PriorityBasedSyncResultSelectClause" desc="()" line="737">
        <counter type="INSTRUCTION" missed="12" covered="0" />
        <counter type="LINE" missed="11" covered="0" />
        <counter type="METHOD" missed="1" covered="0" />
      </method>
      <method name="&lt;script&gt;" desc="()" line="761">
        <counter type="INSTRUCTION" missed="2" covered="0" />
        <counter type="LINE" missed="2" covered="0" />
        <counter type="METHOD" missed="1" covered="0" />
      </method>
      <counter type="INSTRUCTION" missed="148" covered="164" />
      <counter type="LINE" missed="121" covered="139" />
      <counter type="METHOD" missed="10" covered="12" />
      <counter type="CLASS" missed="0" covered="1" />
    </class>
    <class name="modules/Utils/DataAccess/FileSystemUtils" sourcefilename="Utils/DataAccess/FileSystemUtils.psm1">
      <method name="New-HistoryFileName" desc="()" line="18">
        <counter type="INSTRUCTION" missed="0" covered="3" />
        <counter type="LINE" missed="0" covered="3" />
        <counter type="METHOD" missed="0" covered="1" />
      </method>
      <method name="Copy-InputFileToHistory" desc="()" line="33">
        <counter type="INSTRUCTION" missed="0" covered="14" />
        <counter type="LINE" missed="0" covered="11" />
        <counter type="METHOD" missed="0" covered="1" />
      </method>
      <method name="Resolve-FilePath" desc="()" line="66">
        <counter type="INSTRUCTION" missed="0" covered="14" />
        <counter type="LINE" missed="0" covered="14" />
        <counter type="METHOD" missed="0" covered="1" />
      </method>
      <method name="&lt;script&gt;" desc="()" line="96">
        <counter type="INSTRUCTION" missed="2" covered="0" />
        <counter type="LINE" missed="2" covered="0" />
        <counter type="METHOD" missed="1" covered="0" />
      </method>
      <counter type="INSTRUCTION" missed="2" covered="31" />
      <counter type="LINE" missed="2" covered="28" />
      <counter type="METHOD" missed="1" covered="3" />
      <counter type="CLASS" missed="0" covered="1" />
    </class>
    <sourcefile name="Utils/DataAccess/DatabaseUtils.psm1">
      <line nr="15" mi="0" ci="1" mb="0" cb="0" />
      <line nr="18" mi="0" ci="1" mb="0" cb="0" />
      <line nr="19" mi="0" ci="1" mb="0" cb="0" />
      <line nr="20" mi="0" ci="1" mb="0" cb="0" />
      <line nr="23" mi="0" ci="1" mb="0" cb="0" />
      <line nr="24" mi="0" ci="1" mb="0" cb="0" />
      <line nr="27" mi="0" ci="1" mb="0" cb="0" />
      <line nr="45" mi="0" ci="1" mb="0" cb="0" />
      <line nr="50" mi="0" ci="1" mb="0" cb="0" />
      <line nr="52" mi="0" ci="1" mb="0" cb="0" />
      <line nr="54" mi="0" ci="1" mb="0" cb="0" />
      <line nr="55" mi="0" ci="1" mb="0" cb="0" />
      <line nr="56" mi="0" ci="1" mb="0" cb="0" />
      <line nr="57" mi="1" ci="2" mb="0" cb="0" />
      <line nr="59" mi="0" ci="1" mb="0" cb="0" />
      <line nr="62" mi="0" ci="1" mb="0" cb="0" />
      <line nr="66" mi="0" ci="1" mb="0" cb="0" />
      <line nr="67" mi="0" ci="1" mb="0" cb="0" />
      <line nr="69" mi="0" ci="1" mb="0" cb="0" />
      <line nr="72" mi="0" ci="1" mb="0" cb="0" />
      <line nr="83" mi="0" ci="1" mb="0" cb="0" />
      <line nr="86" mi="0" ci="1" mb="0" cb="0" />
      <line nr="87" mi="0" ci="1" mb="0" cb="0" />
      <line nr="88" mi="0" ci="3" mb="0" cb="0" />
      <line nr="89" mi="0" ci="1" mb="0" cb="0" />
      <line nr="90" mi="0" ci="2" mb="0" cb="0" />
      <line nr="92" mi="0" ci="1" mb="0" cb="0" />
      <line nr="96" mi="0" ci="1" mb="0" cb="0" />
      <line nr="97" mi="0" ci="1" mb="0" cb="0" />
      <line nr="98" mi="0" ci="1" mb="0" cb="0" />
      <line nr="100" mi="0" ci="1" mb="0" cb="0" />
      <line nr="101" mi="2" ci="0" mb="0" cb="0" />
      <line nr="105" mi="0" ci="1" mb="0" cb="0" />
      <line nr="107" mi="0" ci="1" mb="0" cb="0" />
      <line nr="108" mi="0" ci="2" mb="0" cb="0" />
      <line nr="109" mi="0" ci="1" mb="0" cb="0" />
      <line nr="110" mi="0" ci="2" mb="0" cb="0" />
      <line nr="113" mi="1" ci="0" mb="0" cb="0" />
      <line nr="114" mi="2" ci="0" mb="0" cb="0" />
      <line nr="115" mi="1" ci="0" mb="0" cb="0" />
      <line nr="116" mi="2" ci="0" mb="0" cb="0" />
      <line nr="119" mi="1" ci="0" mb="0" cb="0" />
      <line nr="120" mi="1" ci="0" mb="0" cb="0" />
      <line nr="121" mi="1" ci="0" mb="0" cb="0" />
      <line nr="122" mi="3" ci="0" mb="0" cb="0" />
      <line nr="124" mi="1" ci="0" mb="0" cb="0" />
      <line nr="125" mi="2" ci="0" mb="0" cb="0" />
      <line nr="127" mi="1" ci="0" mb="0" cb="0" />
      <line nr="128" mi="2" ci="0" mb="0" cb="0" />
      <line nr="131" mi="1" ci="0" mb="0" cb="0" />
      <line nr="132" mi="2" ci="0" mb="0" cb="0" />
      <line nr="136" mi="2" ci="0" mb="0" cb="0" />
      <line nr="143" mi="0" ci="1" mb="0" cb="0" />
      <line nr="144" mi="0" ci="2" mb="0" cb="0" />
      <line nr="147" mi="0" ci="1" mb="0" cb="0" />
      <line nr="148" mi="0" ci="2" mb="0" cb="0" />
      <line nr="151" mi="0" ci="1" mb="0" cb="0" />
      <line nr="153" mi="0" ci="1" mb="0" cb="0" />
      <line nr="171" mi="0" ci="1" mb="0" cb="0" />
      <line nr="172" mi="0" ci="1" mb="0" cb="0" />
      <line nr="175" mi="0" ci="1" mb="0" cb="0" />
      <line nr="176" mi="0" ci="1" mb="0" cb="0" />
      <line nr="178" mi="0" ci="1" mb="0" cb="0" />
      <line nr="179" mi="0" ci="1" mb="0" cb="0" />
      <line nr="182" mi="0" ci="1" mb="0" cb="0" />
      <line nr="183" mi="0" ci="1" mb="0" cb="0" />
      <line nr="186" mi="0" ci="1" mb="0" cb="0" />
      <line nr="187" mi="0" ci="1" mb="0" cb="0" />
      <line nr="190" mi="0" ci="1" mb="0" cb="0" />
      <line nr="203" mi="0" ci="1" mb="0" cb="0" />
      <line nr="205" mi="0" ci="1" mb="0" cb="0" />
      <line nr="206" mi="0" ci="1" mb="0" cb="0" />
      <line nr="207" mi="0" ci="1" mb="0" cb="0" />
      <line nr="208" mi="0" ci="3" mb="0" cb="0" />
      <line nr="209" mi="0" ci="1" mb="0" cb="0" />
      <line nr="213" mi="0" ci="1" mb="0" cb="0" />
      <line nr="214" mi="0" ci="2" mb="0" cb="0" />
      <line nr="215" mi="0" ci="1" mb="0" cb="0" />
      <line nr="217" mi="0" ci="1" mb="0" cb="0" />
      <line nr="230" mi="0" ci="1" mb="0" cb="0" />
      <line nr="232" mi="0" ci="1" mb="0" cb="0" />
      <line nr="233" mi="0" ci="1" mb="0" cb="0" />
      <line nr="237" mi="0" ci="1" mb="0" cb="0" />
      <line nr="238" mi="0" ci="1" mb="0" cb="0" />
      <line nr="239" mi="0" ci="2" mb="0" cb="0" />
      <line nr="240" mi="0" ci="1" mb="0" cb="0" />
      <line nr="242" mi="0" ci="1" mb="0" cb="0" />
      <line nr="252" mi="0" ci="1" mb="0" cb="0" />
      <line nr="255" mi="0" ci="1" mb="0" cb="0" />
      <line nr="256" mi="1" ci="0" mb="0" cb="0" />
      <line nr="259" mi="0" ci="1" mb="0" cb="0" />
      <line nr="271" mi="0" ci="1" mb="0" cb="0" />
      <line nr="274" mi="0" ci="1" mb="0" cb="0" />
      <line nr="275" mi="0" ci="1" mb="0" cb="0" />
      <line nr="276" mi="0" ci="1" mb="0" cb="0" />
      <line nr="279" mi="0" ci="1" mb="0" cb="0" />
      <line nr="280" mi="0" ci="1" mb="0" cb="0" />
      <line nr="282" mi="0" ci="1" mb="0" cb="0" />
      <line nr="285" mi="0" ci="2" mb="0" cb="0" />
      <line nr="286" mi="0" ci="1" mb="0" cb="0" />
      <line nr="291" mi="0" ci="2" mb="0" cb="0" />
      <line nr="292" mi="0" ci="1" mb="0" cb="0" />
      <line nr="296" mi="0" ci="1" mb="0" cb="0" />
      <line nr="297" mi="0" ci="1" mb="0" cb="0" />
      <line nr="301" mi="0" ci="1" mb="0" cb="0" />
      <line nr="313" mi="0" ci="1" mb="0" cb="0" />
      <line nr="315" mi="0" ci="1" mb="0" cb="0" />
      <line nr="316" mi="1" ci="0" mb="0" cb="0" />
      <line nr="320" mi="0" ci="1" mb="0" cb="0" />
      <line nr="321" mi="0" ci="1" mb="0" cb="0" />
      <line nr="322" mi="0" ci="1" mb="0" cb="0" />
      <line nr="324" mi="0" ci="1" mb="0" cb="0" />
      <line nr="325" mi="1" ci="0" mb="0" cb="0" />
      <line nr="328" mi="0" ci="1" mb="0" cb="0" />
      <line nr="330" mi="0" ci="1" mb="0" cb="0" />
      <line nr="331" mi="0" ci="1" mb="0" cb="0" />
      <line nr="334" mi="0" ci="1" mb="0" cb="0" />
      <line nr="335" mi="2" ci="0" mb="0" cb="0" />
      <line nr="336" mi="1" ci="0" mb="0" cb="0" />
      <line nr="339" mi="0" ci="1" mb="0" cb="0" />
      <line nr="340" mi="0" ci="1" mb="0" cb="0" />
      <line nr="341" mi="0" ci="2" mb="0" cb="0" />
      <line nr="342" mi="0" ci="1" mb="0" cb="0" />
      <line nr="343" mi="0" ci="2" mb="0" cb="0" />
      <line nr="347" mi="0" ci="1" mb="0" cb="0" />
      <line nr="352" mi="0" ci="1" mb="0" cb="0" />
      <line nr="353" mi="0" ci="1" mb="0" cb="0" />
      <line nr="355" mi="0" ci="1" mb="0" cb="0" />
      <line nr="356" mi="0" ci="1" mb="0" cb="0" />
      <line nr="358" mi="0" ci="1" mb="0" cb="0" />
      <line nr="359" mi="0" ci="2" mb="0" cb="0" />
      <line nr="362" mi="0" ci="1" mb="0" cb="0" />
      <line nr="363" mi="0" ci="2" mb="0" cb="0" />
      <line nr="366" mi="0" ci="1" mb="0" cb="0" />
      <line nr="367" mi="0" ci="2" mb="0" cb="0" />
      <line nr="370" mi="0" ci="1" mb="0" cb="0" />
      <line nr="371" mi="0" ci="2" mb="0" cb="0" />
      <line nr="375" mi="0" ci="1" mb="0" cb="0" />
      <line nr="384" mi="0" ci="1" mb="0" cb="0" />
      <line nr="386" mi="0" ci="1" mb="0" cb="0" />
      <line nr="387" mi="0" ci="1" mb="0" cb="0" />
      <line nr="390" mi="0" ci="1" mb="0" cb="0" />
      <line nr="392" mi="0" ci="1" mb="0" cb="0" />
      <line nr="393" mi="0" ci="1" mb="0" cb="0" />
      <line nr="396" mi="0" ci="1" mb="0" cb="0" />
      <line nr="398" mi="0" ci="1" mb="0" cb="0" />
      <line nr="399" mi="0" ci="1" mb="0" cb="0" />
      <line nr="401" mi="0" ci="1" mb="0" cb="0" />
      <line nr="402" mi="0" ci="3" mb="0" cb="0" />
      <line nr="406" mi="0" ci="1" mb="0" cb="0" />
      <line nr="407" mi="0" ci="3" mb="0" cb="0" />
      <line nr="413" mi="0" ci="1" mb="0" cb="0" />
      <line nr="414" mi="0" ci="2" mb="0" cb="0" />
      <line nr="417" mi="1" ci="0" mb="0" cb="0" />
      <line nr="432" mi="0" ci="1" mb="0" cb="0" />
      <line nr="433" mi="0" ci="1" mb="0" cb="0" />
      <line nr="435" mi="0" ci="1" mb="0" cb="0" />
      <line nr="436" mi="0" ci="1" mb="0" cb="0" />
      <line nr="438" mi="0" ci="1" mb="0" cb="0" />
      <line nr="439" mi="0" ci="1" mb="0" cb="0" />
      <line nr="442" mi="0" ci="1" mb="0" cb="0" />
      <line nr="461" mi="1" ci="0" mb="0" cb="0" />
      <line nr="463" mi="1" ci="0" mb="0" cb="0" />
      <line nr="466" mi="1" ci="0" mb="0" cb="0" />
      <line nr="467" mi="1" ci="0" mb="0" cb="0" />
      <line nr="470" mi="1" ci="0" mb="0" cb="0" />
      <line nr="472" mi="1" ci="0" mb="0" cb="0" />
      <line nr="473" mi="1" ci="0" mb="0" cb="0" />
      <line nr="474" mi="1" ci="0" mb="0" cb="0" />
      <line nr="477" mi="1" ci="0" mb="0" cb="0" />
      <line nr="478" mi="1" ci="0" mb="0" cb="0" />
      <line nr="479" mi="1" ci="0" mb="0" cb="0" />
      <line nr="483" mi="1" ci="0" mb="0" cb="0" />
      <line nr="484" mi="1" ci="0" mb="0" cb="0" />
      <line nr="485" mi="1" ci="0" mb="0" cb="0" />
      <line nr="490" mi="3" ci="0" mb="0" cb="0" />
      <line nr="491" mi="3" ci="0" mb="0" cb="0" />
      <line nr="493" mi="1" ci="0" mb="0" cb="0" />
      <line nr="496" mi="1" ci="0" mb="0" cb="0" />
      <line nr="509" mi="1" ci="0" mb="0" cb="0" />
      <line nr="511" mi="1" ci="0" mb="0" cb="0" />
      <line nr="512" mi="1" ci="0" mb="0" cb="0" />
      <line nr="515" mi="1" ci="0" mb="0" cb="0" />
      <line nr="516" mi="1" ci="0" mb="0" cb="0" />
      <line nr="517" mi="1" ci="0" mb="0" cb="0" />
      <line nr="518" mi="1" ci="0" mb="0" cb="0" />
      <line nr="521" mi="1" ci="0" mb="0" cb="0" />
      <line nr="546" mi="1" ci="0" mb="0" cb="0" />
      <line nr="549" mi="1" ci="0" mb="0" cb="0" />
      <line nr="551" mi="1" ci="0" mb="0" cb="0" />
      <line nr="554" mi="1" ci="0" mb="0" cb="0" />
      <line nr="555" mi="1" ci="0" mb="0" cb="0" />
      <line nr="556" mi="1" ci="0" mb="0" cb="0" />
      <line nr="559" mi="1" ci="0" mb="0" cb="0" />
      <line nr="562" mi="1" ci="0" mb="0" cb="0" />
      <line nr="563" mi="1" ci="0" mb="0" cb="0" />
      <line nr="565" mi="1" ci="0" mb="0" cb="0" />
      <line nr="566" mi="1" ci="0" mb="0" cb="0" />
      <line nr="570" mi="1" ci="0" mb="0" cb="0" />
      <line nr="571" mi="1" ci="0" mb="0" cb="0" />
      <line nr="574" mi="1" ci="0" mb="0" cb="0" />
      <line nr="575" mi="2" ci="0" mb="0" cb="0" />
      <line nr="578" mi="2" ci="0" mb="0" cb="0" />
      <line nr="593" mi="2" ci="0" mb="0" cb="0" />
      <line nr="595" mi="1" ci="0" mb="0" cb="0" />
      <line nr="597" mi="1" ci="0" mb="0" cb="0" />
      <line nr="598" mi="1" ci="0" mb="0" cb="0" />
      <line nr="600" mi="2" ci="0" mb="0" cb="0" />
      <line nr="602" mi="1" ci="0" mb="0" cb="0" />
      <line nr="605" mi="2" ci="0" mb="0" cb="0" />
      <line nr="607" mi="1" ci="0" mb="0" cb="0" />
      <line nr="611" mi="2" ci="0" mb="0" cb="0" />
      <line nr="616" mi="1" ci="0" mb="0" cb="0" />
      <line nr="617" mi="2" ci="0" mb="0" cb="0" />
      <line nr="619" mi="1" ci="0" mb="0" cb="0" />
      <line nr="620" mi="1" ci="0" mb="0" cb="0" />
      <line nr="623" mi="1" ci="0" mb="0" cb="0" />
      <line nr="636" mi="1" ci="0" mb="0" cb="0" />
      <line nr="637" mi="1" ci="0" mb="0" cb="0" />
      <line nr="639" mi="1" ci="0" mb="0" cb="0" />
      <line nr="640" mi="1" ci="0" mb="0" cb="0" />
      <line nr="644" mi="2" ci="0" mb="0" cb="0" />
      <line nr="646" mi="1" ci="0" mb="0" cb="0" />
      <line nr="647" mi="1" ci="0" mb="0" cb="0" />
      <line nr="648" mi="1" ci="0" mb="0" cb="0" />
      <line nr="653" mi="1" ci="0" mb="0" cb="0" />
      <line nr="658" mi="1" ci="0" mb="0" cb="0" />
      <line nr="661" mi="1" ci="0" mb="0" cb="0" />
      <line nr="675" mi="1" ci="0" mb="0" cb="0" />
      <line nr="676" mi="1" ci="0" mb="0" cb="0" />
      <line nr="679" mi="1" ci="0" mb="0" cb="0" />
      <line nr="680" mi="1" ci="0" mb="0" cb="0" />
      <line nr="684" mi="1" ci="0" mb="0" cb="0" />
      <line nr="685" mi="3" ci="0" mb="0" cb="0" />
      <line nr="686" mi="1" ci="0" mb="0" cb="0" />
      <line nr="689" mi="1" ci="0" mb="0" cb="0" />
      <line nr="706" mi="1" ci="0" mb="0" cb="0" />
      <line nr="707" mi="1" ci="0" mb="0" cb="0" />
      <line nr="709" mi="2" ci="0" mb="0" cb="0" />
      <line nr="710" mi="1" ci="0" mb="0" cb="0" />
      <line nr="711" mi="1" ci="0" mb="0" cb="0" />
      <line nr="714" mi="1" ci="0" mb="0" cb="0" />
      <line nr="715" mi="1" ci="0" mb="0" cb="0" />
      <line nr="717" mi="1" ci="0" mb="0" cb="0" />
      <line nr="718" mi="1" ci="0" mb="0" cb="0" />
      <line nr="722" mi="1" ci="0" mb="0" cb="0" />
      <line nr="727" mi="1" ci="0" mb="0" cb="0" />
      <line nr="737" mi="1" ci="0" mb="0" cb="0" />
      <line nr="738" mi="1" ci="0" mb="0" cb="0" />
      <line nr="740" mi="2" ci="0" mb="0" cb="0" />
      <line nr="741" mi="1" ci="0" mb="0" cb="0" />
      <line nr="742" mi="1" ci="0" mb="0" cb="0" />
      <line nr="745" mi="1" ci="0" mb="0" cb="0" />
      <line nr="746" mi="1" ci="0" mb="0" cb="0" />
      <line nr="748" mi="1" ci="0" mb="0" cb="0" />
      <line nr="749" mi="1" ci="0" mb="0" cb="0" />
      <line nr="753" mi="1" ci="0" mb="0" cb="0" />
      <line nr="758" mi="1" ci="0" mb="0" cb="0" />
      <line nr="761" mi="1" ci="0" mb="0" cb="0" />
      <line nr="762" mi="1" ci="0" mb="0" cb="0" />
      <counter type="INSTRUCTION" missed="148" covered="164" />
      <counter type="LINE" missed="121" covered="139" />
      <counter type="METHOD" missed="10" covered="12" />
      <counter type="CLASS" missed="0" covered="1" />
    </sourcefile>
    <sourcefile name="Utils/DataAccess/FileSystemUtils.psm1">
      <line nr="18" mi="0" ci="1" mb="0" cb="0" />
      <line nr="19" mi="0" ci="1" mb="0" cb="0" />
      <line nr="20" mi="0" ci="1" mb="0" cb="0" />
      <line nr="33" mi="0" ci="2" mb="0" cb="0" />
      <line nr="34" mi="0" ci="1" mb="0" cb="0" />
      <line nr="38" mi="0" ci="2" mb="0" cb="0" />
      <line nr="39" mi="0" ci="2" mb="0" cb="0" />
      <line nr="40" mi="0" ci="1" mb="0" cb="0" />
      <line nr="44" mi="0" ci="1" mb="0" cb="0" />
      <line nr="45" mi="0" ci="1" mb="0" cb="0" />
      <line nr="46" mi="0" ci="1" mb="0" cb="0" />
      <line nr="49" mi="0" ci="1" mb="0" cb="0" />
      <line nr="51" mi="0" ci="1" mb="0" cb="0" />
      <line nr="53" mi="0" ci="1" mb="0" cb="0" />
      <line nr="66" mi="0" ci="1" mb="0" cb="0" />
      <line nr="69" mi="0" ci="1" mb="0" cb="0" />
      <line nr="70" mi="0" ci="1" mb="0" cb="0" />
      <line nr="71" mi="0" ci="1" mb="0" cb="0" />
      <line nr="74" mi="0" ci="1" mb="0" cb="0" />
      <line nr="75" mi="0" ci="1" mb="0" cb="0" />
      <line nr="77" mi="0" ci="1" mb="0" cb="0" />
      <line nr="78" mi="0" ci="1" mb="0" cb="0" />
      <line nr="79" mi="0" ci="1" mb="0" cb="0" />
      <line nr="84" mi="0" ci="1" mb="0" cb="0" />
      <line nr="85" mi="0" ci="1" mb="0" cb="0" />
      <line nr="89" mi="0" ci="1" mb="0" cb="0" />
      <line nr="90" mi="0" ci="1" mb="0" cb="0" />
      <line nr="93" mi="0" ci="1" mb="0" cb="0" />
      <line nr="96" mi="1" ci="0" mb="0" cb="0" />
      <line nr="97" mi="1" ci="0" mb="0" cb="0" />
      <counter type="INSTRUCTION" missed="2" covered="31" />
      <counter type="LINE" missed="2" covered="28" />
      <counter type="METHOD" missed="1" covered="3" />
      <counter type="CLASS" missed="0" covered="1" />
    </sourcefile>
    <counter type="INSTRUCTION" missed="150" covered="195" />
    <counter type="LINE" missed="123" covered="167" />
    <counter type="METHOD" missed="11" covered="15" />
    <counter type="CLASS" missed="0" covered="2" />
  </package>
  <package name="modules/Utils/DataProcessing">
    <class name="modules/Utils/DataProcessing/CsvProcessingUtils" sourcefilename="Utils/DataProcessing/CsvProcessingUtils.psm1">
      <method name="Get-CsvFormatConfig" desc="()" line="16">
        <counter type="INSTRUCTION" missed="0" covered="9" />
        <counter type="LINE" missed="0" covered="6" />
        <counter type="METHOD" missed="0" covered="1" />
      </method>
      <method name="ConvertTo-PowerShellEncoding" desc="()" line="40">
        <counter type="INSTRUCTION" missed="3" covered="8" />
        <counter type="LINE" missed="3" covered="8" />
        <counter type="METHOD" missed="0" covered="1" />
      </method>
      <method name="Import-CsvWithFormat" desc="()" line="67">
        <counter type="INSTRUCTION" missed="0" covered="23" />
        <counter type="LINE" missed="0" covered="18" />
        <counter type="METHOD" missed="0" covered="1" />
      </method>
      <method name="Test-CsvFormat" desc="()" line="122">
        <counter type="INSTRUCTION" missed="24" covered="29" />
        <counter type="LINE" missed="15" covered="21" />
        <counter type="METHOD" missed="0" covered="1" />
      </method>
      <method name="Get-CsvColumns" desc="()" line="196">
        <counter type="INSTRUCTION" missed="3" covered="8" />
        <counter type="LINE" missed="2" covered="4" />
        <counter type="METHOD" missed="0" covered="1" />
      </method>
      <method name="Get-RequiredColumns" desc="()" line="221">
        <counter type="INSTRUCTION" missed="11" covered="0" />
        <counter type="LINE" missed="6" covered="0" />
        <counter type="METHOD" missed="1" covered="0" />
      </method>
      <method name="&lt;script&gt;" desc="()" line="238">
        <counter type="INSTRUCTION" missed="2" covered="0" />
        <counter type="LINE" missed="2" covered="0" />
        <counter type="METHOD" missed="1" covered="0" />
      </method>
      <counter type="INSTRUCTION" missed="43" covered="77" />
      <counter type="LINE" missed="28" covered="57" />
      <counter type="METHOD" missed="2" covered="5" />
      <counter type="CLASS" missed="0" covered="1" />
    </class>
    <class name="modules/Utils/DataProcessing/DataFilteringUtils" sourcefilename="Utils/DataProcessing/DataFilteringUtils.psm1">
      <method name="New-TempTableName" desc="()" line="15">
        <counter type="INSTRUCTION" missed="0" covered="1" />
        <counter type="LINE" missed="0" covered="1" />
        <counter type="METHOD" missed="0" covered="1" />
      </method>
      <method name="Show-FilteringStatistics" desc="()" line="33">
        <counter type="INSTRUCTION" missed="0" covered="17" />
        <counter type="LINE" missed="0" covered="14" />
        <counter type="METHOD" missed="0" covered="1" />
      </method>
      <method name="Save-ExcludedDataForKeep" desc="()" line="74">
        <counter type="INSTRUCTION" missed="1" covered="18" />
        <counter type="LINE" missed="0" covered="17" />
        <counter type="METHOD" missed="0" covered="1" />
      </method>
      <method name="&lt;script&gt;" desc="()" line="113">
        <counter type="INSTRUCTION" missed="2" covered="0" />
        <counter type="LINE" missed="2" covered="0" />
        <counter type="METHOD" missed="1" covered="0" />
      </method>
      <counter type="INSTRUCTION" missed="3" covered="36" />
      <counter type="LINE" missed="2" covered="32" />
      <counter type="METHOD" missed="1" covered="3" />
      <counter type="CLASS" missed="0" covered="1" />
    </class>
    <sourcefile name="Utils/DataProcessing/CsvProcessingUtils.psm1">
      <line nr="16" mi="0" ci="1" mb="0" cb="0" />
      <line nr="19" mi="0" ci="3" mb="0" cb="0" />
      <line nr="21" mi="0" ci="1" mb="0" cb="0" />
      <line nr="22" mi="0" ci="1" mb="0" cb="0" />
      <line nr="25" mi="0" ci="1" mb="0" cb="0" />
      <line nr="28" mi="0" ci="2" mb="0" cb="0" />
      <line nr="40" mi="0" ci="1" mb="0" cb="0" />
      <line nr="41" mi="0" ci="1" mb="0" cb="0" />
      <line nr="42" mi="0" ci="1" mb="0" cb="0" />
      <line nr="43" mi="1" ci="0" mb="0" cb="0" />
      <line nr="44" mi="1" ci="0" mb="0" cb="0" />
      <line nr="45" mi="0" ci="1" mb="0" cb="0" />
      <line nr="46" mi="1" ci="0" mb="0" cb="0" />
      <line nr="47" mi="0" ci="1" mb="0" cb="0" />
      <line nr="48" mi="0" ci="1" mb="0" cb="0" />
      <line nr="50" mi="0" ci="1" mb="0" cb="0" />
      <line nr="51" mi="0" ci="1" mb="0" cb="0" />
      <line nr="67" mi="0" ci="1" mb="0" cb="0" />
      <line nr="69" mi="0" ci="1" mb="0" cb="0" />
      <line nr="70" mi="0" ci="4" mb="0" cb="0" />
      <line nr="73" mi="0" ci="1" mb="0" cb="0" />
      <line nr="76" mi="0" ci="1" mb="0" cb="0" />
      <line nr="77" mi="0" ci="1" mb="0" cb="0" />
      <line nr="78" mi="0" ci="1" mb="0" cb="0" />
      <line nr="82" mi="0" ci="1" mb="0" cb="0" />
      <line nr="83" mi="0" ci="1" mb="0" cb="0" />
      <line nr="87" mi="0" ci="1" mb="0" cb="0" />
      <line nr="90" mi="0" ci="1" mb="0" cb="0" />
      <line nr="91" mi="0" ci="1" mb="0" cb="0" />
      <line nr="92" mi="0" ci="1" mb="0" cb="0" />
      <line nr="93" mi="0" ci="1" mb="0" cb="0" />
      <line nr="94" mi="0" ci="1" mb="0" cb="0" />
      <line nr="100" mi="0" ci="2" mb="0" cb="0" />
      <line nr="101" mi="0" ci="1" mb="0" cb="0" />
      <line nr="105" mi="0" ci="2" mb="0" cb="0" />
      <line nr="122" mi="0" ci="1" mb="0" cb="0" />
      <line nr="123" mi="0" ci="3" mb="0" cb="0" />
      <line nr="125" mi="0" ci="1" mb="0" cb="0" />
      <line nr="128" mi="0" ci="1" mb="0" cb="0" />
      <line nr="129" mi="0" ci="2" mb="0" cb="0" />
      <line nr="132" mi="0" ci="1" mb="0" cb="0" />
      <line nr="133" mi="0" ci="1" mb="0" cb="0" />
      <line nr="134" mi="1" ci="0" mb="0" cb="0" />
      <line nr="137" mi="0" ci="1" mb="0" cb="0" />
      <line nr="138" mi="0" ci="2" mb="0" cb="0" />
      <line nr="139" mi="0" ci="1" mb="0" cb="0" />
      <line nr="142" mi="2" ci="0" mb="0" cb="0" />
      <line nr="143" mi="1" ci="0" mb="0" cb="0" />
      <line nr="147" mi="0" ci="1" mb="0" cb="0" />
      <line nr="148" mi="0" ci="1" mb="0" cb="0" />
      <line nr="149" mi="0" ci="1" mb="0" cb="0" />
      <line nr="150" mi="0" ci="1" mb="0" cb="0" />
      <line nr="153" mi="0" ci="1" mb="0" cb="0" />
      <line nr="154" mi="2" ci="0" mb="0" cb="0" />
      <line nr="155" mi="1" ci="0" mb="0" cb="0" />
      <line nr="159" mi="0" ci="1" mb="0" cb="0" />
      <line nr="160" mi="0" ci="1" mb="0" cb="0" />
      <line nr="161" mi="0" ci="3" mb="0" cb="0" />
      <line nr="162" mi="0" ci="2" mb="0" cb="0" />
      <line nr="163" mi="0" ci="2" mb="0" cb="0" />
      <line nr="164" mi="0" ci="1" mb="0" cb="0" />
      <line nr="168" mi="1" ci="0" mb="0" cb="0" />
      <line nr="170" mi="3" ci="0" mb="0" cb="0" />
      <line nr="172" mi="1" ci="0" mb="0" cb="0" />
      <line nr="173" mi="2" ci="0" mb="0" cb="0" />
      <line nr="174" mi="2" ci="0" mb="0" cb="0" />
      <line nr="175" mi="1" ci="0" mb="0" cb="0" />
      <line nr="178" mi="3" ci="0" mb="0" cb="0" />
      <line nr="179" mi="1" ci="0" mb="0" cb="0" />
      <line nr="183" mi="2" ci="0" mb="0" cb="0" />
      <line nr="184" mi="1" ci="0" mb="0" cb="0" />
      <line nr="196" mi="0" ci="1" mb="0" cb="0" />
      <line nr="199" mi="0" ci="1" mb="0" cb="0" />
      <line nr="200" mi="1" ci="0" mb="0" cb="0" />
      <line nr="203" mi="0" ci="1" mb="0" cb="0" />
      <line nr="204" mi="0" ci="5" mb="0" cb="0" />
      <line nr="208" mi="2" ci="0" mb="0" cb="0" />
      <line nr="221" mi="1" ci="0" mb="0" cb="0" />
      <line nr="224" mi="1" ci="0" mb="0" cb="0" />
      <line nr="225" mi="1" ci="0" mb="0" cb="0" />
      <line nr="228" mi="1" ci="0" mb="0" cb="0" />
      <line nr="229" mi="5" ci="0" mb="0" cb="0" />
      <line nr="233" mi="2" ci="0" mb="0" cb="0" />
      <line nr="238" mi="1" ci="0" mb="0" cb="0" />
      <line nr="239" mi="1" ci="0" mb="0" cb="0" />
      <counter type="INSTRUCTION" missed="43" covered="77" />
      <counter type="LINE" missed="28" covered="57" />
      <counter type="METHOD" missed="2" covered="5" />
      <counter type="CLASS" missed="0" covered="1" />
    </sourcefile>
    <sourcefile name="Utils/DataProcessing/DataFilteringUtils.psm1">
      <line nr="15" mi="0" ci="1" mb="0" cb="0" />
      <line nr="33" mi="0" ci="1" mb="0" cb="0" />
      <line nr="34" mi="0" ci="4" mb="0" cb="0" />
      <line nr="36" mi="0" ci="1" mb="0" cb="0" />
      <line nr="37" mi="0" ci="1" mb="0" cb="0" />
      <line nr="39" mi="0" ci="1" mb="0" cb="0" />
      <line nr="40" mi="0" ci="1" mb="0" cb="0" />
      <line nr="41" mi="0" ci="1" mb="0" cb="0" />
      <line nr="42" mi="0" ci="1" mb="0" cb="0" />
      <line nr="43" mi="0" ci="1" mb="0" cb="0" />
      <line nr="45" mi="0" ci="1" mb="0" cb="0" />
      <line nr="46" mi="0" ci="1" mb="0" cb="0" />
      <line nr="50" mi="0" ci="1" mb="0" cb="0" />
      <line nr="51" mi="0" ci="1" mb="0" cb="0" />
      <line nr="54" mi="0" ci="1" mb="0" cb="0" />
      <line nr="74" mi="0" ci="1" mb="0" cb="0" />
      <line nr="76" mi="0" ci="1" mb="0" cb="0" />
      <line nr="77" mi="0" ci="1" mb="0" cb="0" />
      <line nr="82" mi="0" ci="1" mb="0" cb="0" />
      <line nr="83" mi="0" ci="1" mb="0" cb="0" />
      <line nr="85" mi="0" ci="1" mb="0" cb="0" />
      <line nr="86" mi="0" ci="1" mb="0" cb="0" />
      <line nr="88" mi="0" ci="1" mb="0" cb="0" />
      <line nr="91" mi="0" ci="1" mb="0" cb="0" />
      <line nr="92" mi="0" ci="1" mb="0" cb="0" />
      <line nr="95" mi="0" ci="1" mb="0" cb="0" />
      <line nr="97" mi="0" ci="1" mb="0" cb="0" />
      <line nr="103" mi="0" ci="1" mb="0" cb="0" />
      <line nr="106" mi="0" ci="1" mb="0" cb="0" />
      <line nr="107" mi="0" ci="1" mb="0" cb="0" />
      <line nr="108" mi="1" ci="2" mb="0" cb="0" />
      <line nr="110" mi="0" ci="1" mb="0" cb="0" />
      <line nr="113" mi="1" ci="0" mb="0" cb="0" />
      <line nr="114" mi="1" ci="0" mb="0" cb="0" />
      <counter type="INSTRUCTION" missed="3" covered="36" />
      <counter type="LINE" missed="2" covered="32" />
      <counter type="METHOD" missed="1" covered="3" />
      <counter type="CLASS" missed="0" covered="1" />
    </sourcefile>
    <counter type="INSTRUCTION" missed="46" covered="113" />
    <counter type="LINE" missed="30" covered="89" />
    <counter type="METHOD" missed="3" covered="8" />
    <counter type="CLASS" missed="0" covered="2" />
  </package>
  <package name="modules/Utils/Foundation">
    <class name="modules/Utils/Foundation/CoreUtils" sourcefilename="Utils/Foundation/CoreUtils.psm1">
      <method name="Find-ProjectRoot" desc="()" line="6">
        <counter type="INSTRUCTION" missed="1" covered="9" />
        <counter type="LINE" missed="1" covered="7" />
        <counter type="METHOD" missed="0" covered="1" />
      </method>
      <method name="Get-Sqlite3Path" desc="()" line="28">
        <counter type="INSTRUCTION" missed="0" covered="6" />
        <counter type="LINE" missed="0" covered="5" />
        <counter type="METHOD" missed="0" covered="1" />
      </method>
      <method name="Get-CrossPlatformEncoding" desc="()" line="41">
        <counter type="INSTRUCTION" missed="0" covered="3" />
        <counter type="LINE" missed="0" covered="3" />
        <counter type="METHOD" missed="0" covered="1" />
      </method>
      <method name="Test-PathSafe" desc="()" line="59">
        <counter type="INSTRUCTION" missed="0" covered="3" />
        <counter type="LINE" missed="0" covered="3" />
        <counter type="METHOD" missed="0" covered="1" />
      </method>
      <method name="Get-Timestamp" desc="()" line="75">
        <counter type="INSTRUCTION" missed="0" covered="5" />
        <counter type="LINE" missed="0" covered="5" />
        <counter type="METHOD" missed="0" covered="1" />
      </method>
      <method name="Invoke-SqliteCommand" desc="()" line="99">
        <counter type="INSTRUCTION" missed="0" covered="12" />
        <counter type="LINE" missed="0" covered="10" />
        <counter type="METHOD" missed="0" covered="1" />
      </method>
      <method name="Invoke-SqliteCsvQuery" desc="()" line="133">
        <counter type="INSTRUCTION" missed="1" covered="18" />
        <counter type="LINE" missed="1" covered="17" />
        <counter type="METHOD" missed="0" covered="1" />
      </method>
      <method name="Invoke-SqliteCsvExport" desc="()" line="191">
        <counter type="INSTRUCTION" missed="0" covered="14" />
        <counter type="LINE" missed="0" covered="9" />
        <counter type="METHOD" missed="0" covered="1" />
      </method>
      <method name="&lt;script&gt;" desc="()" line="211">
        <counter type="INSTRUCTION" missed="2" covered="0" />
        <counter type="LINE" missed="2" covered="0" />
        <counter type="METHOD" missed="1" covered="0" />
      </method>
      <counter type="INSTRUCTION" missed="4" covered="70" />
      <counter type="LINE" missed="4" covered="59" />
      <counter type="METHOD" missed="1" covered="8" />
      <counter type="CLASS" missed="0" covered="1" />
    </class>
    <sourcefile name="Utils/Foundation/CoreUtils.psm1">
      <line nr="6" mi="0" ci="1" mb="0" cb="0" />
      <line nr="10" mi="0" ci="1" mb="0" cb="0" />
      <line nr="12" mi="0" ci="2" mb="0" cb="0" />
      <line nr="13" mi="0" ci="1" mb="0" cb="0" />
      <line nr="14" mi="0" ci="2" mb="0" cb="0" />
      <line nr="15" mi="0" ci="1" mb="0" cb="0" />
      <line nr="18" mi="0" ci="1" mb="0" cb="0" />
      <line nr="22" mi="1" ci="0" mb="0" cb="0" />
      <line nr="28" mi="0" ci="1" mb="0" cb="0" />
      <line nr="29" mi="0" ci="1" mb="0" cb="0" />
      <line nr="30" mi="0" ci="1" mb="0" cb="0" />
      <line nr="32" mi="0" ci="1" mb="0" cb="0" />
      <line nr="35" mi="0" ci="2" mb="0" cb="0" />
      <line nr="41" mi="0" ci="1" mb="0" cb="0" />
      <line nr="43" mi="0" ci="1" mb="0" cb="0" />
      <line nr="47" mi="0" ci="1" mb="0" cb="0" />
      <line nr="59" mi="0" ci="1" mb="0" cb="0" />
      <line nr="60" mi="0" ci="1" mb="0" cb="0" />
      <line nr="63" mi="0" ci="1" mb="0" cb="0" />
      <line nr="75" mi="0" ci="1" mb="0" cb="0" />
      <line nr="76" mi="0" ci="1" mb="0" cb="0" />
      <line nr="77" mi="0" ci="1" mb="0" cb="0" />
      <line nr="81" mi="0" ci="1" mb="0" cb="0" />
      <line nr="82" mi="0" ci="1" mb="0" cb="0" />
      <line nr="99" mi="0" ci="1" mb="0" cb="0" />
      <line nr="100" mi="0" ci="1" mb="0" cb="0" />
      <line nr="101" mi="0" ci="2" mb="0" cb="0" />
      <line nr="103" mi="0" ci="1" mb="0" cb="0" />
      <line nr="105" mi="0" ci="1" mb="0" cb="0" />
      <line nr="106" mi="0" ci="1" mb="0" cb="0" />
      <line nr="109" mi="0" ci="1" mb="0" cb="0" />
      <line nr="112" mi="0" ci="2" mb="0" cb="0" />
      <line nr="116" mi="0" ci="1" mb="0" cb="0" />
      <line nr="117" mi="0" ci="1" mb="0" cb="0" />
      <line nr="133" mi="0" ci="1" mb="0" cb="0" />
      <line nr="137" mi="0" ci="1" mb="0" cb="0" />
      <line nr="138" mi="0" ci="1" mb="0" cb="0" />
      <line nr="139" mi="0" ci="1" mb="0" cb="0" />
      <line nr="140" mi="0" ci="1" mb="0" cb="0" />
      <line nr="141" mi="0" ci="1" mb="0" cb="0" />
      <line nr="144" mi="0" ci="1" mb="0" cb="0" />
      <line nr="146" mi="0" ci="1" mb="0" cb="0" />
      <line nr="147" mi="0" ci="1" mb="0" cb="0" />
      <line nr="151" mi="0" ci="2" mb="0" cb="0" />
      <line nr="154" mi="0" ci="1" mb="0" cb="0" />
      <line nr="155" mi="0" ci="1" mb="0" cb="0" />
      <line nr="156" mi="0" ci="1" mb="0" cb="0" />
      <line nr="157" mi="0" ci="1" mb="0" cb="0" />
      <line nr="160" mi="0" ci="1" mb="0" cb="0" />
      <line nr="164" mi="1" ci="0" mb="0" cb="0" />
      <line nr="170" mi="0" ci="1" mb="0" cb="0" />
      <line nr="171" mi="0" ci="1" mb="0" cb="0" />
      <line nr="191" mi="0" ci="2" mb="0" cb="0" />
      <line nr="192" mi="0" ci="1" mb="0" cb="0" />
      <line nr="194" mi="0" ci="1" mb="0" cb="0" />
      <line nr="195" mi="0" ci="1" mb="0" cb="0" />
      <line nr="199" mi="0" ci="1" mb="0" cb="0" />
      <line nr="200" mi="0" ci="2" mb="0" cb="0" />
      <line nr="202" mi="0" ci="3" mb="0" cb="0" />
      <line nr="204" mi="0" ci="1" mb="0" cb="0" />
      <line nr="207" mi="0" ci="2" mb="0" cb="0" />
      <line nr="211" mi="1" ci="0" mb="0" cb="0" />
      <line nr="212" mi="1" ci="0" mb="0" cb="0" />
      <counter type="INSTRUCTION" missed="4" covered="70" />
      <counter type="LINE" missed="4" covered="59" />
      <counter type="METHOD" missed="1" covered="8" />
      <counter type="CLASS" missed="0" covered="1" />
    </sourcefile>
    <counter type="INSTRUCTION" missed="4" covered="70" />
    <counter type="LINE" missed="4" covered="59" />
    <counter type="METHOD" missed="1" covered="8" />
    <counter type="CLASS" missed="0" covered="1" />
  </package>
  <package name="modules/Utils/Infrastructure">
    <class name="modules/Utils/Infrastructure/ConfigurationUtils" sourcefilename="Utils/Infrastructure/ConfigurationUtils.psm1">
      <method name="&lt;script&gt;" desc="()" line="6">
        <counter type="INSTRUCTION" missed="3" covered="0" />
        <counter type="LINE" missed="3" covered="0" />
        <counter type="METHOD" missed="1" covered="0" />
      </method>
      <method name="Get-DataSyncConfig" desc="()" line="16">
        <counter type="INSTRUCTION" missed="2" covered="11" />
        <counter type="LINE" missed="1" covered="10" />
        <counter type="METHOD" missed="0" covered="1" />
      </method>
      <method name="Get-FilePathConfig" desc="()" line="43">
        <counter type="INSTRUCTION" missed="4" covered="19" />
        <counter type="LINE" missed="2" covered="16" />
        <counter type="METHOD" missed="0" covered="1" />
      </method>
      <method name="Get-LoggingConfig" desc="()" line="78">
        <counter type="INSTRUCTION" missed="0" covered="14" />
        <counter type="LINE" missed="0" covered="12" />
        <counter type="METHOD" missed="0" covered="1" />
      </method>
      <method name="Get-DataFilterConfig" desc="()" line="106">
        <counter type="INSTRUCTION" missed="0" covered="4" />
        <counter type="LINE" missed="0" covered="4" />
        <counter type="METHOD" missed="0" covered="1" />
      </method>
      <method name="Get-SyncResultMappingConfig" desc="()" line="117">
        <counter type="INSTRUCTION" missed="0" covered="4" />
        <counter type="LINE" missed="0" covered="4" />
        <counter type="METHOD" missed="0" covered="1" />
      </method>
      <method name="Test-DataSyncConfig" desc="()" line="134">
        <counter type="INSTRUCTION" missed="6" covered="16" />
        <counter type="LINE" missed="6" covered="14" />
        <counter type="METHOD" missed="0" covered="1" />
      </method>
      <method name="Test-CsvFormatConfig" desc="()" line="191">
        <counter type="INSTRUCTION" missed="35" covered="0" />
        <counter type="LINE" missed="26" covered="0" />
        <counter type="METHOD" missed="1" covered="0" />
      </method>
      <method name="Test-SyncRulesConsistency" desc="()" line="254">
        <counter type="INSTRUCTION" missed="5" covered="14" />
        <counter type="LINE" missed="4" covered="10" />
        <counter type="METHOD" missed="0" covered="1" />
      </method>
      <method name="Test-KeyColumnsValidation" desc="()" line="284">
        <counter type="INSTRUCTION" missed="13" covered="0" />
        <counter type="LINE" missed="10" covered="0" />
        <counter type="METHOD" missed="1" covered="0" />
      </method>
      <method name="Test-DataFilterConsistency" desc="()" line="310">
        <counter type="INSTRUCTION" missed="15" covered="0" />
        <counter type="LINE" missed="9" covered="0" />
        <counter type="METHOD" missed="1" covered="0" />
      </method>
      <method name="Test-TableConstraintsConfig" desc="()" line="338">
        <counter type="INSTRUCTION" missed="8" covered="16" />
        <counter type="LINE" missed="4" covered="10" />
        <counter type="METHOD" missed="0" covered="1" />
      </method>
      <method name="Test-SyncResultMappingConfig" desc="()" line="374">
        <counter type="INSTRUCTION" missed="3" covered="13" />
        <counter type="LINE" missed="3" covered="10" />
        <counter type="METHOD" missed="0" covered="1" />
      </method>
      <method name="Test-LoggingConfig" desc="()" line="407">
        <counter type="INSTRUCTION" missed="13" covered="0" />
        <counter type="LINE" missed="9" covered="0" />
        <counter type="METHOD" missed="1" covered="0" />
      </method>
      <method name="Reset-DataSyncConfig" desc="()" line="428">
        <counter type="INSTRUCTION" missed="0" covered="1" />
        <counter type="LINE" missed="0" covered="1" />
        <counter type="METHOD" missed="0" covered="1" />
      </method>
      <counter type="INSTRUCTION" missed="107" covered="112" />
      <counter type="LINE" missed="77" covered="91" />
      <counter type="METHOD" missed="5" covered="10" />
      <counter type="CLASS" missed="1" covered="0" />
    </class>
[...]
        <counter type="METHOD" missed="0" covered="1" />
      </method>
      <method name="Get-ShouldContinueOnError" desc="()" line="201">
        <counter type="INSTRUCTION" missed="0" covered="4" />
        <counter type="LINE" missed="0" covered="4" />
        <counter type="METHOD" missed="0" covered="1" />
      </method>
      <method name="Write-ErrorDetails" desc="()" line="227">
        <counter type="INSTRUCTION" missed="0" covered="18" />
        <counter type="LINE" missed="0" covered="11" />
        <counter type="METHOD" missed="0" covered="1" />
      </method>
      <method name="Invoke-FileOperationWithErrorHandling" desc="()" line="271">
        <counter type="INSTRUCTION" missed="0" covered="4" />
        <counter type="LINE" missed="0" covered="4" />
        <counter type="METHOD" missed="0" covered="1" />
      </method>
      <method name="&lt;script&gt;" desc="()" line="279">
        <counter type="INSTRUCTION" missed="2" covered="0" />
        <counter type="LINE" missed="2" covered="0" />
        <counter type="METHOD" missed="1" covered="0" />
      </method>
      <counter type="INSTRUCTION" missed="4" covered="111" />
      <counter type="LINE" missed="3" covered="93" />
      <counter type="METHOD" missed="1" covered="6" />
      <counter type="CLASS" missed="0" covered="1" />
    </class>
    <class name="modules/Utils/Infrastructure/LoggingUtils" sourcefilename="Utils/Infrastructure/LoggingUtils.psm1">
      <method name="Move-LogFileToRotate" desc="()" line="16">
        <counter type="INSTRUCTION" missed="0" covered="16" />
        <counter type="LINE" missed="0" covered="14" />
        <counter type="METHOD" missed="0" covered="1" />
      </method>
      <method name="Write-LogToFile" desc="()" line="50">
        <counter type="INSTRUCTION" missed="0" covered="19" />
        <counter type="LINE" missed="0" covered="16" />
        <counter type="METHOD" missed="0" covered="1" />
      </method>
      <method name="Write-SystemLog" desc="()" line="100">
        <counter type="INSTRUCTION" missed="4" covered="7" />
        <counter type="LINE" missed="4" covered="7" />
        <counter type="METHOD" missed="0" covered="1" />
      </method>
      <method name="&lt;script&gt;" desc="()" line="137">
        <counter type="INSTRUCTION" missed="2" covered="0" />
        <counter type="LINE" missed="2" covered="0" />
        <counter type="METHOD" missed="1" covered="0" />
      </method>
      <counter type="INSTRUCTION" missed="6" covered="42" />
      <counter type="LINE" missed="6" covered="37" />
      <counter type="METHOD" missed="1" covered="3" />
      <counter type="CLASS" missed="0" covered="1" />
    </class>
    <sourcefile name="Utils/Infrastructure/ConfigurationUtils.psm1">
      <line nr="6" mi="1" ci="0" mb="0" cb="0" />
      <line nr="16" mi="0" ci="1" mb="0" cb="0" />
      <line nr="17" mi="0" ci="1" mb="0" cb="0" />
      <line nr="21" mi="0" ci="1" mb="0" cb="0" />
      <line nr="22" mi="0" ci="1" mb="0" cb="0" />
      <line nr="23" mi="0" ci="1" mb="0" cb="0" />
      <line nr="26" mi="0" ci="1" mb="0" cb="0" />
      <line nr="29" mi="0" ci="1" mb="0" cb="0" />
      <line nr="30" mi="0" ci="1" mb="0" cb="0" />
      <line nr="31" mi="0" ci="2" mb="0" cb="0" />
      <line nr="33" mi="0" ci="1" mb="0" cb="0" />
      <line nr="36" mi="2" ci="0" mb="0" cb="0" />
      <line nr="43" mi="0" ci="1" mb="0" cb="0" />
      <line nr="46" mi="0" ci="1" mb="0" cb="0" />
      <line nr="47" mi="0" ci="1" mb="0" cb="0" />
      <line nr="48" mi="0" ci="1" mb="0" cb="0" />
      <line nr="49" mi="0" ci="1" mb="0" cb="0" />
      <line nr="50" mi="0" ci="1" mb="0" cb="0" />
      <line nr="51" mi="0" ci="1" mb="0" cb="0" />
      <line nr="55" mi="0" ci="2" mb="0" cb="0" />
      <line nr="59" mi="0" ci="1" mb="0" cb="0" />
      <line nr="60" mi="0" ci="1" mb="0" cb="0" />
      <line nr="61" mi="2" ci="0" mb="0" cb="0" />
      <line nr="63" mi="0" ci="1" mb="0" cb="0" />
      <line nr="64" mi="0" ci="2" mb="0" cb="0" />
      <line nr="66" mi="0" ci="1" mb="0" cb="0" />
      <line nr="67" mi="0" ci="2" mb="0" cb="0" />
      <line nr="69" mi="0" ci="1" mb="0" cb="0" />
      <line nr="70" mi="2" ci="0" mb="0" cb="0" />
      <line nr="73" mi="0" ci="1" mb="0" cb="0" />
      <line nr="78" mi="0" ci="1" mb="0" cb="0" />
      <line nr="80" mi="0" ci="1" mb="0" cb="0" />
      <line nr="81" mi="0" ci="1" mb="0" cb="0" />
      <line nr="83" mi="0" ci="1" mb="0" cb="0" />
      <line nr="84" mi="0" ci="1" mb="0" cb="0" />
      <line nr="85" mi="0" ci="1" mb="0" cb="0" />
      <line nr="86" mi="0" ci="1" mb="0" cb="0" />
      <line nr="87" mi="0" ci="1" mb="0" cb="0" />
      <line nr="88" mi="0" ci="1" mb="0" cb="0" />
      <line nr="89" mi="0" ci="2" mb="0" cb="0" />
      <line nr="93" mi="0" ci="2" mb="0" cb="0" />
      <line nr="96" mi="0" ci="1" mb="0" cb="0" />
      <line nr="106" mi="0" ci="1" mb="0" cb="0" />
      <line nr="108" mi="0" ci="1" mb="0" cb="0" />
      <line nr="109" mi="0" ci="1" mb="0" cb="0" />
      <line nr="112" mi="0" ci="1" mb="0" cb="0" />
      <line nr="117" mi="0" ci="1" mb="0" cb="0" />
      <line nr="119" mi="0" ci="1" mb="0" cb="0" />
      <line nr="120" mi="0" ci="1" mb="0" cb="0" />
      <line nr="123" mi="0" ci="1" mb="0" cb="0" />
      <line nr="134" mi="0" ci="1" mb="0" cb="0" />
      <line nr="135" mi="0" ci="1" mb="0" cb="0" />
      <line nr="139" mi="0" ci="1" mb="0" cb="0" />
      <line nr="140" mi="0" ci="1" mb="0" cb="0" />
      <line nr="141" mi="0" ci="1" mb="0" cb="0" />
      <line nr="142" mi="0" ci="1" mb="0" cb="0" />
      <line nr="145" mi="0" ci="1" mb="0" cb="0" />
      <line nr="146" mi="0" ci="1" mb="0" cb="0" />
      <line nr="151" mi="0" ci="2" mb="0" cb="0" />
      <line nr="152" mi="0" ci="1" mb="0" cb="0" />
      <line nr="153" mi="0" ci="1" mb="0" cb="0" />
      <line nr="154" mi="1" ci="0" mb="0" cb="0" />
      <line nr="159" mi="0" ci="1" mb="0" cb="0" />
      <line nr="162" mi="0" ci="1" mb="0" cb="0" />
      <line nr="165" mi="1" ci="0" mb="0" cb="0" />
      <line nr="168" mi="1" ci="0" mb="0" cb="0" />
      <line nr="169" mi="1" ci="0" mb="0" cb="0" />
      <line nr="173" mi="1" ci="0" mb="0" cb="0" />
      <line nr="176" mi="1" ci="0" mb="0" cb="0" />
      <line nr="180" mi="0" ci="2" mb="0" cb="0" />
      <line nr="191" mi="1" ci="0" mb="0" cb="0" />
      <line nr="192" mi="1" ci="0" mb="0" cb="0" />
      <line nr="195" mi="1" ci="0" mb="0" cb="0" />
      <line nr="197" mi="2" ci="0" mb="0" cb="0" />
      <line nr="198" mi="2" ci="0" mb="0" cb="0" />
      <line nr="200" mi="2" ci="0" mb="0" cb="0" />
      <line nr="201" mi="1" ci="0" mb="0" cb="0" />
      <line nr="202" mi="1" ci="0" mb="0" cb="0" />
      <line nr="205" mi="1" ci="0" mb="0" cb="0" />
      <line nr="206" mi="2" ci="0" mb="0" cb="0" />
      <line nr="210" mi="1" ci="0" mb="0" cb="0" />
      <line nr="211" mi="2" ci="0" mb="0" cb="0" />
      <line nr="215" mi="1" ci="0" mb="0" cb="0" />
      <line nr="216" mi="2" ci="0" mb="0" cb="0" />
      <line nr="220" mi="1" ci="0" mb="0" cb="0" />
      <line nr="221" mi="1" ci="0" mb="0" cb="0" />
      <line nr="224" mi="1" ci="0" mb="0" cb="0" />
      <line nr="225" mi="1" ci="0" mb="0" cb="0" />
      <line nr="228" mi="1" ci="0" mb="0" cb="0" />
      <line nr="229" mi="1" ci="0" mb="0" cb="0" />
      <line nr="233" mi="2" ci="0" mb="0" cb="0" />
      <line nr="234" mi="2" ci="0" mb="0" cb="0" />
      <line nr="235" mi="1" ci="0" mb="0" cb="0" />
      <line nr="239" mi="1" ci="0" mb="0" cb="0" />
      <line nr="240" mi="2" ci="0" mb="0" cb="0" />
      <line nr="241" mi="1" ci="0" mb="0" cb="0" />
      <line nr="254" mi="0" ci="1" mb="0" cb="0" />
      <line nr="255" mi="1" ci="0" mb="0" cb="0" />
      <line nr="257" mi="0" ci="1" mb="0" cb="0" />
      <line nr="258" mi="1" ci="0" mb="0" cb="0" />
      <line nr="261" mi="0" ci="1" mb="0" cb="0" />
      <line nr="262" mi="0" ci="3" mb="0" cb="0" />
      <line nr="263" mi="0" ci="3" mb="0" cb="0" />
      <line nr="265" mi="0" ci="1" mb="0" cb="0" />
      <line nr="266" mi="0" ci="1" mb="0" cb="0" />
      <line nr="267" mi="1" ci="0" mb="0" cb="0" />
      <line nr="271" mi="0" ci="1" mb="0" cb="0" />
      <line nr="272" mi="0" ci="1" mb="0" cb="0" />
      <line nr="273" mi="0" ci="1" mb="0" cb="0" />
      <line nr="274" mi="2" ci="0" mb="0" cb="0" />
      <line nr="284" mi="1" ci="0" mb="0" cb="0" />
      <line nr="285" mi="1" ci="0" mb="0" cb="0" />
      <line nr="288" mi="1" ci="0" mb="0" cb="0" />
      <line nr="290" mi="2" ci="0" mb="0" cb="0" />
      <line nr="291" mi="1" ci="0" mb="0" cb="0" />
      <line nr="292" mi="1" ci="0" mb="0" cb="0" />
      <line nr="295" mi="3" ci="0" mb="0" cb="0" />
      <line nr="297" mi="1" ci="0" mb="0" cb="0" />
      <line nr="298" mi="1" ci="0" mb="0" cb="0" />
      <line nr="299" mi="1" ci="0" mb="0" cb="0" />
      <line nr="310" mi="2" ci="0" mb="0" cb="0" />
      <line nr="311" mi="1" ci="0" mb="0" cb="0" />
      <line nr="312" mi="3" ci="0" mb="0" cb="0" />
      <line nr="313" mi="1" ci="0" mb="0" cb="0" />
      <line nr="315" mi="1" ci="0" mb="0" cb="0" />
      <line nr="316" mi="1" ci="0" mb="0" cb="0" />
      <line nr="317" mi="2" ci="0" mb="0" cb="0" />
      <line nr="320" mi="2" ci="0" mb="0" cb="0" />
      <line nr="321" mi="2" ci="0" mb="0" cb="0" />
      <line nr="338" mi="0" ci="2" mb="0" cb="0" />
      <line nr="340" mi="0" ci="1" mb="0" cb="0" />
      <line nr="341" mi="0" ci="1" mb="0" cb="0" />
      <line nr="342" mi="1" ci="0" mb="0" cb="0" />
      <line nr="345" mi="0" ci="1" mb="0" cb="0" />
      <line nr="346" mi="2" ci="0" mb="0" cb="0" />
      <line nr="349" mi="0" ci="1" mb="0" cb="0" />
      <line nr="350" mi="0" ci="4" mb="0" cb="0" />
      <line nr="354" mi="0" ci="1" mb="0" cb="0" />
      <line nr="355" mi="3" ci="0" mb="0" cb="0" />
      <line nr="359" mi="0" ci="3" mb="0" cb="0" />
      <line nr="360" mi="0" ci="1" mb="0" cb="0" />
      <line nr="361" mi="0" ci="1" mb="0" cb="0" />
      <line nr="362" mi="2" ci="0" mb="0" cb="0" />
      <line nr="374" mi="0" ci="1" mb="0" cb="0" />
      <line nr="375" mi="1" ci="0" mb="0" cb="0" />
      <line nr="378" mi="0" ci="1" mb="0" cb="0" />
      <line nr="380" mi="0" ci="1" mb="0" cb="0" />
      <line nr="381" mi="1" ci="0" mb="0" cb="0" />
      <line nr="384" mi="0" ci="2" mb="0" cb="0" />
      <line nr="386" mi="0" ci="1" mb="0" cb="0" />
      <line nr="387" mi="0" ci="1" mb="0" cb="0" />
      <line nr="389" mi="0" ci="1" mb="0" cb="0" />
      <line nr="390" mi="1" ci="0" mb="0" cb="0" />
      <line nr="393" mi="0" ci="1" mb="0" cb="0" />
      <line nr="394" mi="0" ci="1" mb="0" cb="0" />
      <line nr="395" mi="0" ci="3" mb="0" cb="0" />
      <line nr="407" mi="1" ci="0" mb="0" cb="0" />
      <line nr="409" mi="2" ci="0" mb="0" cb="0" />
      <line nr="410" mi="1" ci="0" mb="0" cb="0" />
      <line nr="411" mi="1" ci="0" mb="0" cb="0" />
      <line nr="412" mi="2" ci="0" mb="0" cb="0" />
      <line nr="416" mi="1" ci="0" mb="0" cb="0" />
      <line nr="417" mi="2" ci="0" mb="0" cb="0" />
      <line nr="420" mi="1" ci="0" mb="0" cb="0" />
      <line nr="421" mi="2" ci="0" mb="0" cb="0" />
      <line nr="428" mi="0" ci="1" mb="0" cb="0" />
      <line nr="431" mi="1" ci="0" mb="0" cb="0" />
      <line nr="432" mi="1" ci="0" mb="0" cb="0" />
      <counter type="INSTRUCTION" missed="107" covered="112" />
      <counter type="LINE" missed="77" covered="91" />
      <counter type="METHOD" missed="5" covered="10" />
      <counter type="CLASS" missed="1" covered="0" />
    </sourcefile>
    <sourcefile name="Utils/Infrastructure/ErrorHandlingUtils.psm1">
      <line nr="18" mi="0" ci="1" mb="0" cb="0" />
      <line nr="20" mi="0" ci="1" mb="0" cb="0" />
      <line nr="22" mi="0" ci="1" mb="0" cb="0" />
      <line nr="23" mi="0" ci="1" mb="0" cb="0" />
      <line nr="24" mi="0" ci="1" mb="0" cb="0" />
      <line nr="25" mi="0" ci="1" mb="0" cb="0" />
      <line nr="26" mi="0" ci="1" mb="0" cb="0" />
      <line nr="27" mi="0" ci="1" mb="0" cb="0" />
      <line nr="28" mi="0" ci="1" mb="0" cb="0" />
      <line nr="29" mi="0" ci="2" mb="0" cb="0" />
      <line nr="30" mi="0" ci="2" mb="0" cb="0" />
      <line nr="32" mi="0" ci="1" mb="0" cb="0" />
      <line nr="33" mi="0" ci="1" mb="0" cb="0" />
      <line nr="34" mi="0" ci="1" mb="0" cb="0" />
      <line nr="35" mi="0" ci="1" mb="0" cb="0" />
      <line nr="37" mi="0" ci="1" mb="0" cb="0" />
      <line nr="38" mi="0" ci="1" mb="0" cb="0" />
      <line nr="39" mi="0" ci="1" mb="0" cb="0" />
      <line nr="40" mi="0" ci="1" mb="0" cb="0" />
      <line nr="42" mi="0" ci="1" mb="0" cb="0" />
      <line nr="46" mi="0" ci="2" mb="0" cb="0" />
      <line nr="49" mi="0" ci="1" mb="0" cb="0" />
      <line nr="52" mi="0" ci="2" mb="0" cb="0" />
      <line nr="54" mi="0" ci="1" mb="0" cb="0" />
      <line nr="55" mi="0" ci="1" mb="0" cb="0" />
      <line nr="56" mi="0" ci="1" mb="0" cb="0" />
      <line nr="57" mi="0" ci="2" mb="0" cb="0" />
      <line nr="58" mi="0" ci="1" mb="0" cb="0" />
      <line nr="59" mi="0" ci="1" mb="0" cb="0" />
      <line nr="60" mi="0" ci="1" mb="0" cb="0" />
      <line nr="82" mi="0" ci="1" mb="0" cb="0" />
      <line nr="84" mi="0" ci="1" mb="0" cb="0" />
      <line nr="86" mi="0" ci="1" mb="0" cb="0" />
      <line nr="89" mi="0" ci="1" mb="0" cb="0" />
      <line nr="90" mi="0" ci="1" mb="0" cb="0" />
      <line nr="91" mi="0" ci="1" mb="0" cb="0" />
      <line nr="94" mi="0" ci="2" mb="0" cb="0" />
      <line nr="95" mi="0" ci="1" mb="0" cb="0" />
      <line nr="96" mi="0" ci="1" mb="0" cb="0" />
      <line nr="99" mi="0" ci="1" mb="0" cb="0" />
      <line nr="101" mi="0" ci="1" mb="0" cb="0" />
      <line nr="104" mi="0" ci="1" mb="0" cb="0" />
      <line nr="105" mi="0" ci="1" mb="0" cb="0" />
      <line nr="108" mi="0" ci="1" mb="0" cb="0" />
      <line nr="112" mi="0" ci="1" mb="0" cb="0" />
      <line nr="114" mi="0" ci="1" mb="0" cb="0" />
      <line nr="115" mi="0" ci="1" mb="0" cb="0" />
      <line nr="118" mi="0" ci="1" mb="0" cb="0" />
      <line nr="121" mi="0" ci="1" mb="0" cb="0" />
      <line nr="124" mi="0" ci="1" mb="0" cb="0" />
      <line nr="127" mi="0" ci="2" mb="0" cb="0" />
      <line nr="128" mi="1" ci="2" mb="0" cb="0" />
      <line nr="129" mi="0" ci="2" mb="0" cb="0" />
      <line nr="130" mi="0" ci="1" mb="0" cb="0" />
      <line nr="131" mi="0" ci="1" mb="0" cb="0" />
      <line nr="136" mi="0" ci="1" mb="0" cb="0" />
      <line nr="137" mi="0" ci="1" mb="0" cb="0" />
      <line nr="140" mi="0" ci="1" mb="0" cb="0" />
      <line nr="144" mi="0" ci="1" mb="0" cb="0" />
      <line nr="146" mi="0" ci="1" mb="0" cb="0" />
      <line nr="147" mi="0" ci="1" mb="0" cb="0" />
      <line nr="148" mi="0" ci="1" mb="0" cb="0" />
      <line nr="151" mi="0" ci="2" mb="0" cb="0" />
      <line nr="156" mi="0" ci="2" mb="0" cb="0" />
      <line nr="157" mi="0" ci="1" mb="0" cb="0" />
      <line nr="158" mi="0" ci="1" mb="0" cb="0" />
      <line nr="162" mi="0" ci="1" mb="0" cb="0" />
      <line nr="177" mi="0" ci="1" mb="0" cb="0" />
      <line nr="178" mi="0" ci="1" mb="0" cb="0" />
      <line nr="179" mi="0" ci="1" mb="0" cb="0" />
      <line nr="183" mi="0" ci="1" mb="0" cb="0" />
      <line nr="184" mi="0" ci="1" mb="0" cb="0" />
      <line nr="185" mi="0" ci="1" mb="0" cb="0" />
      <line nr="186" mi="0" ci="1" mb="0" cb="0" />
      <line nr="187" mi="1" ci="0" mb="0" cb="0" />
      <line nr="201" mi="0" ci="1" mb="0" cb="0" />
      <line nr="202" mi="0" ci="1" mb="0" cb="0" />
      <line nr="203" mi="0" ci="1" mb="0" cb="0" />
      <line nr="207" mi="0" ci="1" mb="0" cb="0" />
      <line nr="227" mi="0" ci="1" mb="0" cb="0" />
      <line nr="230" mi="0" ci="2" mb="0" cb="0" />
      <line nr="233" mi="0" ci="1" mb="0" cb="0" />
      <line nr="234" mi="0" ci="2" mb="0" cb="0" />
      <line nr="238" mi="0" ci="1" mb="0" cb="0" />
      <line nr="239" mi="0" ci="5" mb="0" cb="0" />
      <line nr="240" mi="0" ci="2" mb="0" cb="0" />
      <line nr="244" mi="0" ci="1" mb="0" cb="0" />
      <line nr="246" mi="0" ci="1" mb="0" cb="0" />
      <line nr="249" mi="0" ci="1" mb="0" cb="0" />
      <line nr="252" mi="0" ci="1" mb="0" cb="0" />
      <line nr="271" mi="0" ci="1" mb="0" cb="0" />
      <line nr="272" mi="0" ci="1" mb="0" cb="0" />
      <line nr="273" mi="0" ci="1" mb="0" cb="0" />
      <line nr="276" mi="0" ci="1" mb="0" cb="0" />
      <line nr="279" mi="1" ci="0" mb="0" cb="0" />
      <line nr="280" mi="1" ci="0" mb="0" cb="0" />
      <counter type="INSTRUCTION" missed="4" covered="111" />
      <counter type="LINE" missed="3" covered="93" />
      <counter type="METHOD" missed="1" covered="6" />
      <counter type="CLASS" missed="0" covered="1" />
    </sourcefile>
    <sourcefile name="Utils/Infrastructure/LoggingUtils.psm1">
      <line nr="16" mi="0" ci="1" mb="0" cb="0" />
      <line nr="17" mi="0" ci="1" mb="0" cb="0" />
      <line nr="18" mi="0" ci="1" mb="0" cb="0" />
      <line nr="21" mi="0" ci="1" mb="0" cb="0" />
      <line nr="22" mi="0" ci="1" mb="0" cb="0" />
      <line nr="23" mi="0" ci="1" mb="0" cb="0" />
      <line nr="24" mi="0" ci="1" mb="0" cb="0" />
      <line nr="28" mi="0" ci="1" mb="0" cb="0" />
      <line nr="29" mi="0" ci="2" mb="0" cb="0" />
      <line nr="30" mi="0" ci="1" mb="0" cb="0" />
      <line nr="32" mi="0" ci="1" mb="0" cb="0" />
      <line nr="33" mi="0" ci="2" mb="0" cb="0" />
      <line nr="34" mi="0" ci="1" mb="0" cb="0" />
      <line nr="35" mi="0" ci="1" mb="0" cb="0" />
      <line nr="50" mi="0" ci="1" mb="0" cb="0" />
      <line nr="53" mi="0" ci="1" mb="0" cb="0" />
      <line nr="57" mi="0" ci="1" mb="0" cb="0" />
      <line nr="58" mi="0" ci="1" mb="0" cb="0" />
      <line nr="62" mi="0" ci="1" mb="0" cb="0" />
      <line nr="63" mi="0" ci="1" mb="0" cb="0" />
      <line nr="64" mi="0" ci="1" mb="0" cb="0" />
      <line nr="67" mi="0" ci="2" mb="0" cb="0" />
      <line nr="68" mi="0" ci="2" mb="0" cb="0" />
      <line nr="72" mi="0" ci="1" mb="0" cb="0" />
      <line nr="73" mi="0" ci="2" mb="0" cb="0" />
      <line nr="74" mi="0" ci="1" mb="0" cb="0" />
      <line nr="75" mi="0" ci="1" mb="0" cb="0" />
      <line nr="79" mi="0" ci="1" mb="0" cb="0" />
      <line nr="80" mi="0" ci="1" mb="0" cb="0" />
      <line nr="82" mi="0" ci="1" mb="0" cb="0" />
      <line nr="100" mi="0" ci="1" mb="0" cb="0" />
      <line nr="102" mi="1" ci="0" mb="0" cb="0" />
      <line nr="106" mi="0" ci="1" mb="0" cb="0" />
      <line nr="108" mi="0" ci="1" mb="0" cb="0" />
      <line nr="111" mi="0" ci="1" mb="0" cb="0" />
      <line nr="114" mi="0" ci="1" mb="0" cb="0" />
      <line nr="117" mi="0" ci="1" mb="0" cb="0" />
      <line nr="124" mi="0" ci="1" mb="0" cb="0" />
      <line nr="128" mi="1" ci="0" mb="0" cb="0" />
      <line nr="129" mi="1" ci="0" mb="0" cb="0" />
      <line nr="130" mi="1" ci="0" mb="0" cb="0" />
      <line nr="137" mi="1" ci="0" mb="0" cb="0" />
      <line nr="138" mi="1" ci="0" mb="0" cb="0" />
      <counter type="INSTRUCTION" missed="6" covered="42" />
      <counter type="LINE" missed="6" covered="37" />
      <counter type="METHOD" missed="1" covered="3" />
      <counter type="CLASS" missed="0" covered="1" />
    </sourcefile>
    <counter type="INSTRUCTION" missed="117" covered="265" />
    <counter type="LINE" missed="86" covered="221" />
    <counter type="METHOD" missed="7" covered="19" />
    <counter type="CLASS" missed="1" covered="2" />
  </package>
  <counter type="INSTRUCTION" missed="494" covered="993" />
  <counter type="LINE" missed="389" covered="846" />
  <counter type="METHOD" missed="33" covered="66" />
  <counter type="CLASS" missed="1" covered="14" />
</report>
