<?xml version="1.0" encoding="utf-8" standalone="no"?>
<test-results xmlns:xsi="http://www.w3.org/2001/XMLSchema-instance" xsi:noNamespaceSchemaLocation="nunit_schema_2.5.xsd" name="Pester" total="337" errors="0" failures="168" not-run="0" inconclusive="0" ignored="0" skipped="0" invalid="0" date="2025-08-17" time="06:34:55">
  <environment cwd="/workspaces/ps-sqlite" clr-version="8.0.12" nunit-version="2.5.8.0" os-version="6.6.76-08096-g300882a0a131" machine-name="f389b0d092e5" user-domain="" platform="Linux" user="node" />
  <culture-info current-culture="en-US" current-uiculture="en-US" />
  <test-suite type="TestFixture" name="Pester" executed="True" result="Failure" success="False" time="34.5334" asserts="0" description="Pester">
    <results>
      <test-suite type="TestFixture" name="/workspaces/ps-sqlite/tests/main.Tests.ps1" executed="True" result="Success" success="True" time="1.3115" asserts="0" description="/workspaces/ps-sqlite/tests/main.Tests.ps1">
        <results>
          <test-suite type="TestFixture" name="メインスクリプトテスト" executed="True" result="Success" success="True" time="0.3181" asserts="0" description="メインスクリプトテスト">
            <results>
              <test-suite type="TestFixture" name="メインスクリプトテスト.設定読み込み" executed="True" result="Success" success="True" time="0.214" asserts="0" description="メインスクリプトテスト.設定読み込み">
                <results>
                  <test-case description="設定ファイルを正常に読み込むこと" name="メインスクリプトテスト.設定読み込み.設定ファイルを正常に読み込むこと" time="0.1693" asserts="0" success="True" result="Success" executed="True" />
                </results>
              </test-suite>
              <test-suite type="TestFixture" name="メインスクリプトテスト.パラメータ検証" executed="True" result="Success" success="True" time="0.2665" asserts="0" description="メインスクリプトテスト.パラメータ検証">
                <results>
                  <test-case description="必須パラメータを検証すること" name="メインスクリプトテスト.パラメータ検証.必須パラメータを検証すること" time="0.0402" asserts="0" success="True" result="Success" executed="True" />
                </results>
              </test-suite>
              <test-suite type="TestFixture" name="メインスクリプトテスト.ファイル操作" executed="True" result="Success" success="True" time="0.294" asserts="0" description="メインスクリプトテスト.ファイル操作">
                <results>
                  <test-case description="タイムスタンプフォーマットを正しく処理すること" name="メインスクリプトテスト.ファイル操作.タイムスタンプフォーマットを正しく処理すること" time="0.015" asserts="0" success="True" result="Success" executed="True" />
                </results>
              </test-suite>
            </results>
          </test-suite>
          <test-suite type="TestFixture" name="パフォーマンステスト" executed="True" result="Success" success="True" time="0.689" asserts="0" description="パフォーマンステスト">
            <results>
              <test-suite type="TestFixture" name="パフォーマンステスト.メモリ使用量" executed="True" result="Success" success="True" time="0.361" asserts="0" description="パフォーマンステスト.メモリ使用量">
                <results>
                  <test-case description="操作中にメモリリークしないこと" name="パフォーマンステスト.メモリ使用量.操作中にメモリリークしないこと" time="0.3509" asserts="0" success="True" result="Success" executed="True" />
                </results>
              </test-suite>
            </results>
          </test-suite>
        </results>
      </test-suite>
      <test-suite type="TestFixture" name="/workspaces/ps-sqlite/tests/Process/Invoke-CsvImport.Tests.ps1" executed="True" result="Failure" success="False" time="1.2303" asserts="0" description="/workspaces/ps-sqlite/tests/Process/Invoke-CsvImport.Tests.ps1">
        <results>
          <test-suite type="TestFixture" name="Invoke-CsvImport テスト" executed="True" result="Failure" success="False" time="0.8918" asserts="0" description="Invoke-CsvImport テスト">
            <results>
              <test-suite type="TestFixture" name="Invoke-CsvImport テスト.CSVファイル読み取り" executed="True" result="Success" success="True" time="0.1028" asserts="0" description="Invoke-CsvImport テスト.CSVファイル読み取り">
                <results>
                  <test-case description="有効なCSVファイルを正常に読み取ること" name="Invoke-CsvImport テスト.CSVファイル読み取り.有効なCSVファイルを正常に読み取ること" time="0.0414" asserts="0" success="True" result="Success" executed="True" />
                  <test-case description="存在しないCSVファイルを適切に処理すること" name="Invoke-CsvImport テスト.CSVファイル読み取り.存在しないCSVファイルを適切に処理すること" time="0.0234" asserts="0" success="True" result="Success" executed="True" />
                  <test-case description="空のCSVファイルを処理すること" name="Invoke-CsvImport テスト.CSVファイル読み取り.空のCSVファイルを処理すること" time="0.0088" asserts="0" success="True" result="Success" executed="True" />
                  <test-case description="CSVエンコーディングを正しく検出すること" name="Invoke-CsvImport テスト.CSVファイル読み取り.CSVエンコーディングを正しく検出すること" time="0.0183" asserts="0" success="True" result="Success" executed="True" />
                </results>
              </test-suite>
              <test-suite type="TestFixture" name="Invoke-CsvImport テスト.データフィルタリング" executed="True" result="Success" success="True" time="0.1845" asserts="0" description="Invoke-CsvImport テスト.データフィルタリング">
                <results>
                  <test-case description="Z接頭辞の従業員IDを除外すること" name="Invoke-CsvImport テスト.データフィルタリング.Z接頭辞の従業員IDを除外すること" time="0.0222" asserts="0" success="True" result="Success" executed="True" />
                  <test-case description="Y接頭辞の従業員IDを除外すること" name="Invoke-CsvImport テスト.データフィルタリング.Y接頭辞の従業員IDを除外すること" time="0.0159" asserts="0" success="True" result="Success" executed="True" />
                  <test-case description="複数のフィルタルールを同時に適用すること" name="Invoke-CsvImport テスト.データフィルタリング.複数のフィルタルールを同時に適用すること" time="0.0197" asserts="0" success="True" result="Success" executed="True" />
                  <test-case description="フィルタリング後の空の結果を処理すること" name="Invoke-CsvImport テスト.データフィルタリング.フィルタリング後の空の結果を処理すること" time="0.0136" asserts="0" success="True" result="Success" executed="True" />
                </results>
              </test-suite>
              <test-suite type="TestFixture" name="Invoke-CsvImport テスト.データ検証" executed="True" result="Failure" success="False" time="0.3831" asserts="0" description="Invoke-CsvImport テスト.データ検証">
                <results>
                  <test-case description="必須フィールドの存在を検証すること" name="Invoke-CsvImport テスト.データ検証.必須フィールドの存在を検証すること" time="0.014" asserts="0" success="True" result="Success" executed="True" />
                  <test-case description="一貫性のないCSV構造を処理すること" name="Invoke-CsvImport テスト.データ検証.一貫性のないCSV構造を処理すること" time="0.0244" asserts="0" success="True" result="Success" executed="True" />
                  <test-case description="データ型と形式を検証すること" name="Invoke-CsvImport テスト.データ検証.データ型と形式を検証すること" time="0.0372" asserts="0" success="True" result="Success" executed="True" />
                  <test-case description="特殊文字とエンコーディングを処理すること" name="Invoke-CsvImport テスト.データ検証.特殊文字とエンコーディングを処理すること" time="0.1114" asserts="0" success="False" result="Failure" executed="True">
                    <failure>
                      <message>Expected 5, but got 0.</message>
                      <stack-trace>at $japaneseNames.Count | Should -Be 5  # All names contain Japanese characters, /workspaces/ps-sqlite/tests/Process/Invoke-CsvImport.Tests.ps1:210
at &lt;ScriptBlock&gt;, /workspaces/ps-sqlite/tests/Process/Invoke-CsvImport.Tests.ps1:210</stack-trace>
                    </failure>
                  </test-case>
                </results>
              </test-suite>
              <test-suite type="TestFixture" name="Invoke-CsvImport テスト.パフォーマンスとメモリ" executed="True" result="Success" success="True" time="0.6519" asserts="0" description="Invoke-CsvImport テスト.パフォーマンスとメモリ">
                <results>
                  <test-case description="大きなCSVファイルを効率的に処理すること" name="Invoke-CsvImport テスト.パフォーマンスとメモリ.大きなCSVファイルを効率的に処理すること" time="0.0222" asserts="0" success="True" result="Success" executed="True" />
                  <test-case description="大きなデータセットでメモリリークを起こさないこと" name="Invoke-CsvImport テスト.パフォーマンスとメモリ.大きなデータセットでメモリリークを起こさないこと" time="0.2333" asserts="0" success="True" result="Success" executed="True" />
                </results>
              </test-suite>
              <test-suite type="TestFixture" name="Invoke-CsvImport テスト.エラーハンドリング" executed="True" result="Failure" success="False" time="0.7524" asserts="0" description="Invoke-CsvImport テスト.エラーハンドリング">
                <results>
                  <test-case description="破損したCSVファイルを適切に処理すること" name="Invoke-CsvImport テスト.エラーハンドリング.破損したCSVファイルを適切に処理すること" time="0.0495" asserts="0" success="False" result="Failure" executed="True">
                    <failure>
                      <message>Expected strings to be the same, but they were different.
Expected length: 14
Actual length:   7
Strings differ at index 0.
Expected: 'corrupted_file'
But was:  'success'
           ^</message>
                      <stack-trace>at $result | Should -Be "corrupted_file", /workspaces/ps-sqlite/tests/Process/Invoke-CsvImport.Tests.ps1:276
at &lt;ScriptBlock&gt;, /workspaces/ps-sqlite/tests/Process/Invoke-CsvImport.Tests.ps1:276</stack-trace>
                    </failure>
                  </test-case>
                  <test-case description="意味のあるエラーメッセージを提供すること" name="Invoke-CsvImport テスト.エラーハンドリング.意味のあるエラーメッセージを提供すること" time="0.0234" asserts="0" success="True" result="Success" executed="True" />
                  <test-case description="アクセス拒否エラーを処理すること" name="Invoke-CsvImport テスト.エラーハンドリング.アクセス拒否エラーを処理すること" time="0.0111" asserts="0" success="True" result="Success" executed="True" />
                </results>
              </test-suite>
              <test-suite type="TestFixture" name="Invoke-CsvImport テスト.履歴とバックアップ" executed="True" result="Success" success="True" time="0.8362" asserts="0" description="Invoke-CsvImport テスト.履歴とバックアップ">
                <results>
                  <test-case description="タイムスタンプ付きバックアップコピーを作成すること" name="Invoke-CsvImport テスト.履歴とバックアップ.タイムスタンプ付きバックアップコピーを作成すること" time="0.0105" asserts="0" success="True" result="Success" executed="True" />
                  <test-case description="処理中に元ファイルを保持すること" name="Invoke-CsvImport テスト.履歴とバックアップ.処理中に元ファイルを保持すること" time="0.0575" asserts="0" success="True" result="Success" executed="True" />
                </results>
              </test-suite>
              <test-suite type="TestFixture" name="Invoke-CsvImport テスト.設定統合" executed="True" result="Success" success="True" time="0.8828" asserts="0" description="Invoke-CsvImport テスト.設定統合">
                <results>
                  <test-case description="列マッピング設定を尊重すること" name="Invoke-CsvImport テスト.設定統合.列マッピング設定を尊重すること" time="0.0179" asserts="0" success="True" result="Success" executed="True" />
                  <test-case description="設定ベースのフィルタを適用すること" name="Invoke-CsvImport テスト.設定統合.設定ベースのフィルタを適用すること" time="0.0195" asserts="0" success="True" result="Success" executed="True" />
                </results>
              </test-suite>
            </results>
          </test-suite>
          <test-suite type="TestFixture" name="CSVインポート統合テスト" executed="True" result="Success" success="True" time="0.9363" asserts="0" description="CSVインポート統合テスト">
            <results>
              <test-suite type="TestFixture" name="CSVインポート統合テスト.エンドツーエンドインポートプロセス" executed="True" result="Success" success="True" time="0.0368" asserts="0" description="CSVインポート統合テスト.エンドツーエンドインポートプロセス">
                <results>
                  <test-case description="完全なインポートワークフローを完了すること" name="CSVインポート統合テスト.エンドツーエンドインポートプロセス.完全なインポートワークフローを完了すること" time="0.0095" asserts="0" success="True" result="Success" executed="True" />
                  <test-case description="プロセス全体でデータ整合性を維持すること" name="CSVインポート統合テスト.エンドツーエンドインポートプロセス.プロセス全体でデータ整合性を維持すること" time="0.0191" asserts="0" success="True" result="Success" executed="True" />
                </results>
              </test-suite>
            </results>
          </test-suite>
        </results>
      </test-suite>
      <test-suite type="TestFixture" name="/workspaces/ps-sqlite/tests/Process/Invoke-DatabaseInitialization.Tests.ps1" executed="True" result="Failure" success="False" time="0.6474" asserts="0" description="/workspaces/ps-sqlite/tests/Process/Invoke-DatabaseInitialization.Tests.ps1">
        <results>
          <test-suite type="TestFixture" name="Invoke-DatabaseInitialization テスト" executed="True" result="Failure" success="False" time="0.4995" asserts="0" description="Invoke-DatabaseInitialization テスト">
            <results>
              <test-suite type="TestFixture" name="Invoke-DatabaseInitialization テスト.SQL生成" executed="True" result="Success" success="True" time="0.0606" asserts="0" description="Invoke-DatabaseInitialization テスト.SQL生成">
                <results>
                  <test-case description="正しいCREATE TABLE文を生成すること" name="Invoke-DatabaseInitialization テスト.SQL生成.正しいCREATE TABLE文を生成すること" time="0.0197" asserts="0" success="True" result="Success" executed="True" />
                  <test-case description="制約のないテーブルを処理すること" name="Invoke-DatabaseInitialization テスト.SQL生成.制約のないテーブルを処理すること" time="0.0133" asserts="0" success="True" result="Success" executed="True" />
                  <test-case description="適切なインデックス文を生成すること" name="Invoke-DatabaseInitialization テスト.SQL生成.適切なインデックス文を生成すること" time="0.0102" asserts="0" success="True" result="Success" executed="True" />
                  <test-case description="複合インデックス文を生成すること" name="Invoke-DatabaseInitialization テスト.SQL生成.複合インデックス文を生成すること" time="0.0083" asserts="0" success="True" result="Success" executed="True" />
                </results>
              </test-suite>
              <test-suite type="TestFixture" name="Invoke-DatabaseInitialization テスト.データベースファイル操作" executed="True" result="Success" success="True" time="0.1341" asserts="0" description="Invoke-DatabaseInitialization テスト.データベースファイル操作">
                <results>
                  <test-case description="存在しない場合に新しいデータベースファイルを作成すること" name="Invoke-DatabaseInitialization テスト.データベースファイル操作.存在しない場合に新しいデータベースファイルを作成すること" time="0.0214" asserts="0" success="True" result="Success" executed="True" />
                  <test-case description="既存データベースを適切に処理すること" name="Invoke-DatabaseInitialization テスト.データベースファイル操作.既存データベースを適切に処理すること" time="0.0193" asserts="0" success="True" result="Success" executed="True" />
                  <test-case description="データベースファイルのアクセス権を検証すること" name="Invoke-DatabaseInitialization テスト.データベースファイル操作.データベースファイルのアクセス権を検証すること" time="0.0238" asserts="0" success="True" result="Success" executed="True" />
                </results>
              </test-suite>
              <test-suite type="TestFixture" name="Invoke-DatabaseInitialization テスト.テーブルスキーマ検証" executed="True" result="Success" success="True" time="0.2002" asserts="0" description="Invoke-DatabaseInitialization テスト.テーブルスキーマ検証">
                <results>
                  <test-case description="必須列の存在を検証すること" name="Invoke-DatabaseInitialization テスト.テーブルスキーマ検証.必須列の存在を検証すること" time="0.0176" asserts="0" success="True" result="Success" executed="True" />
                  <test-case description="列のデータ型を検証すること" name="Invoke-DatabaseInitialization テスト.テーブルスキーマ検証.列のデータ型を検証すること" time="0.0123" asserts="0" success="True" result="Success" executed="True" />
                  <test-case description="制約構文を検証すること" name="Invoke-DatabaseInitialization テスト.テーブルスキーマ検証.制約構文を検証すること" time="0.015" asserts="0" success="True" result="Success" executed="True" />
                  <test-case description="重複した列名を検出すること" name="Invoke-DatabaseInitialization テスト.テーブルスキーマ検証.重複した列名を検出すること" time="0.012" asserts="0" success="True" result="Success" executed="True" />
                </results>
              </test-suite>
              <test-suite type="TestFixture" name="Invoke-DatabaseInitialization テスト.エラーハンドリング" executed="True" result="Failure" success="False" time="0.3071" asserts="0" description="Invoke-DatabaseInitialization テスト.エラーハンドリング">
                <results>
                  <test-case description="無効なテーブル設定を適切に処理すること" name="Invoke-DatabaseInitialization テスト.エラーハンドリング.無効なテーブル設定を適切に処理すること" time="0.0112" asserts="0" success="True" result="Success" executed="True" />
                  <test-case description="SQL実行エラーを処理すること" name="Invoke-DatabaseInitialization テスト.エラーハンドリング.SQL実行エラーを処理すること" time="0.0365" asserts="0" success="False" result="Failure" executed="True">
                    <failure>
                      <message>Expected strings to be the same, but they were different.
String lengths are both 9.
Strings differ at index 4.
Expected: 'sql_error'
But was:  'sql_valid'
           ----^</message>
                      <stack-trace>at $result | Should -Be "sql_error", /workspaces/ps-sqlite/tests/Process/Invoke-DatabaseInitialization.Tests.ps1:326
at &lt;ScriptBlock&gt;, /workspaces/ps-sqlite/tests/Process/Invoke-DatabaseInitialization.Tests.ps1:326</stack-trace>
                    </failure>
                  </test-case>
                  <test-case description="データベース接続失敗を処理すること" name="Invoke-DatabaseInitialization テスト.エラーハンドリング.データベース接続失敗を処理すること" time="0.027" asserts="0" success="True" result="Success" executed="True" />
                  <test-case description="意味のあるエラーメッセージを提供すること" name="Invoke-DatabaseInitialization テスト.エラーハンドリング.意味のあるエラーメッセージを提供すること" time="0.0195" asserts="0" success="True" result="Success" executed="True" />
                </results>
              </test-suite>
              <test-suite type="TestFixture" name="Invoke-DatabaseInitialization テスト.パフォーマンス最適化" executed="True" result="Success" success="True" time="0.4028" asserts="0" description="Invoke-DatabaseInitialization テスト.パフォーマンス最適化">
                <results>
                  <test-case description="should generate efficient table creation order" name="Invoke-DatabaseInitialization テスト.パフォーマンス最適化.should generate efficient table creation order" time="0.0228" asserts="0" success="True" result="Success" executed="True" />
                  <test-case description="should batch SQL operations for performance" name="Invoke-DatabaseInitialization テスト.パフォーマンス最適化.should batch SQL operations for performance" time="0.0183" asserts="0" success="True" result="Success" executed="True" />
                  <test-case description="should handle large schema initialization efficiently" name="Invoke-DatabaseInitialization テスト.パフォーマンス最適化.should handle large schema initialization efficiently" time="0.0378" asserts="0" success="True" result="Success" executed="True" />
                </results>
              </test-suite>
              <test-suite type="TestFixture" name="Invoke-DatabaseInitialization テスト.設定統合" executed="True" result="Success" success="True" time="0.4892" asserts="0" description="Invoke-DatabaseInitialization テスト.設定統合">
                <results>
                  <test-case description="should read table configuration from config file" name="Invoke-DatabaseInitialization テスト.設定統合.should read table configuration from config file" time="0.0427" asserts="0" success="True" result="Success" executed="True" />
                  <test-case description="should validate configuration schema version" name="Invoke-DatabaseInitialization テスト.設定統合.should validate configuration schema version" time="0.0143" asserts="0" success="True" result="Success" executed="True" />
                  <test-case description="should handle configuration updates gracefully" name="Invoke-DatabaseInitialization テスト.設定統合.should handle configuration updates gracefully" time="0.01" asserts="0" success="True" result="Success" executed="True" />
                </results>
              </test-suite>
            </results>
          </test-suite>
          <test-suite type="TestFixture" name="データベース初期化統合テスト" executed="True" result="Success" success="True" time="0.5599" asserts="0" description="データベース初期化統合テスト">
            <results>
              <test-suite type="TestFixture" name="データベース初期化統合テスト.完全データベースセットアップ" executed="True" result="Success" success="True" time="0.0512" asserts="0" description="データベース初期化統合テスト.完全データベースセットアップ">
                <results>
                  <test-case description="should initialize complete database schema" name="データベース初期化統合テスト.完全データベースセットアップ.should initialize complete database schema" time="0.0184" asserts="0" success="True" result="Success" executed="True" />
                  <test-case description="should handle database migration scenarios" name="データベース初期化統合テスト.完全データベースセットアップ.should handle database migration scenarios" time="0.0129" asserts="0" success="True" result="Success" executed="True" />
                  <test-case description="should verify database integrity after initialization" name="データベース初期化統合テスト.完全データベースセットアップ.should verify database integrity after initialization" time="0.0098" asserts="0" success="True" result="Success" executed="True" />
                </results>
              </test-suite>
            </results>
          </test-suite>
        </results>
      </test-suite>
      <test-suite type="TestFixture" name="/workspaces/ps-sqlite/tests/Process/Invoke-DataSync.Tests.ps1" executed="True" result="Success" success="True" time="1.0695" asserts="0" description="/workspaces/ps-sqlite/tests/Process/Invoke-DataSync.Tests.ps1">
        <results>
          <test-suite type="TestFixture" name="Invoke-DataSync Tests" executed="True" result="Success" success="True" time="0.9176" asserts="0" description="Invoke-DataSync Tests">
            <results>
              <test-suite type="TestFixture" name="Invoke-DataSync Tests.Data Comparison Logic" executed="True" result="Success" success="True" time="0.0576" asserts="0" description="Invoke-DataSync Tests.Data Comparison Logic">
                <results>
                  <test-case description="should identify records to ADD (new in provided data)" name="Invoke-DataSync Tests.Data Comparison Logic.should identify records to ADD (new in provided data)" time="0.0178" asserts="0" success="True" result="Success" executed="True" />
                  <test-case description="should identify records to DELETE (only in current data)" name="Invoke-DataSync Tests.Data Comparison Logic.should identify records to DELETE (only in current data)" time="0.0126" asserts="0" success="True" result="Success" executed="True" />
                  <test-case description="should identify records to KEEP/UPDATE (common records)" name="Invoke-DataSync Tests.Data Comparison Logic.should identify records to KEEP/UPDATE (common records)" time="0.0174" asserts="0" success="True" result="Success" executed="True" />
                </results>
              </test-suite>
              <test-suite type="TestFixture" name="Invoke-DataSync Tests.Data Synchronization Process" executed="True" result="Success" success="True" time="0.1214" asserts="0" description="Invoke-DataSync Tests.Data Synchronization Process">
                <results>
                  <test-case description="should handle empty provided data gracefully" name="Invoke-DataSync Tests.Data Synchronization Process.should handle empty provided data gracefully" time="0.0151" asserts="0" success="True" result="Success" executed="True" />
                  <test-case description="should handle empty current data gracefully" name="Invoke-DataSync Tests.Data Synchronization Process.should handle empty current data gracefully" time="0.0112" asserts="0" success="True" result="Success" executed="True" />
                  <test-case description="should detect data changes requiring UPDATE" name="Invoke-DataSync Tests.Data Synchronization Process.should detect data changes requiring UPDATE" time="0.0095" asserts="0" success="True" result="Success" executed="True" />
                  <test-case description="should preserve unchanged records as KEEP" name="Invoke-DataSync Tests.Data Synchronization Process.should preserve unchanged records as KEEP" time="0.0177" asserts="0" success="True" result="Success" executed="True" />
                </results>
              </test-suite>
              <test-suite type="TestFixture" name="Invoke-DataSync Tests.Column Mapping" executed="True" result="Success" success="True" time="0.1545" asserts="0" description="Invoke-DataSync Tests.Column Mapping">
                <results>
                  <test-case description="should correctly map employee_id to user_id" name="Invoke-DataSync Tests.Column Mapping.should correctly map employee_id to user_id" time="0.0109" asserts="0" success="True" result="Success" executed="True" />
                  <test-case description="should handle missing columns gracefully" name="Invoke-DataSync Tests.Column Mapping.should handle missing columns gracefully" time="0.0134" asserts="0" success="True" result="Success" executed="True" />
                </results>
              </test-suite>
              <test-suite type="TestFixture" name="Invoke-DataSync Tests.Sync Statistics Generation" executed="True" result="Success" success="True" time="0.3306" asserts="0" description="Invoke-DataSync Tests.Sync Statistics Generation">
                <results>
                  <test-case description="should generate accurate sync statistics" name="Invoke-DataSync Tests.Sync Statistics Generation.should generate accurate sync statistics" time="0.0238" asserts="0" success="True" result="Success" executed="True" />
                  <test-case description="should track processing time accurately" name="Invoke-DataSync Tests.Sync Statistics Generation.should track processing time accurately" time="0.1387" asserts="0" success="True" result="Success" executed="True" />
                </results>
              </test-suite>
              <test-suite type="TestFixture" name="Invoke-DataSync Tests.Error Handling" executed="True" result="Success" success="True" time="0.3818" asserts="0" description="Invoke-DataSync Tests.Error Handling">
                <results>
                  <test-case description="should handle database connection errors" name="Invoke-DataSync Tests.Error Handling.should handle database connection errors" time="0.0167" asserts="0" success="True" result="Success" executed="True" />
                  <test-case description="should handle malformed data gracefully" name="Invoke-DataSync Tests.Error Handling.should handle malformed data gracefully" time="0.0101" asserts="0" success="True" result="Success" executed="True" />
                  <test-case description="should validate required fields" name="Invoke-DataSync Tests.Error Handling.should validate required fields" time="0.0134" asserts="0" success="True" result="Success" executed="True" />
                </results>
              </test-suite>
              <test-suite type="TestFixture" name="Invoke-DataSync Tests.Large Dataset Handling" executed="True" result="Success" success="True" time="0.8689" asserts="0" description="Invoke-DataSync Tests.Large Dataset Handling">
                <results>
                  <test-case description="should process large datasets efficiently" name="Invoke-DataSync Tests.Large Dataset Handling.should process large datasets efficiently" time="0.4779" asserts="0" success="True" result="Success" executed="True" />
                </results>
              </test-suite>
              <test-suite type="TestFixture" name="Invoke-DataSync Tests.Data Integrity Validation" executed="True" result="Success" success="True" time="0.9089" asserts="0" description="Invoke-DataSync Tests.Data Integrity Validation">
                <results>
                  <test-case description="should validate data consistency after sync" name="Invoke-DataSync Tests.Data Integrity Validation.should validate data consistency after sync" time="0.0136" asserts="0" success="True" result="Success" executed="True" />
                  <test-case description="should detect duplicate records" name="Invoke-DataSync Tests.Data Integrity Validation.should detect duplicate records" time="0.0159" asserts="0" success="True" result="Success" executed="True" />
                </results>
              </test-suite>
            </results>
          </test-suite>
          <test-suite type="TestFixture" name="Data Sync Integration Tests" executed="True" result="Success" success="True" time="0.9536" asserts="0" description="Data Sync Integration Tests">
            <results>
              <test-suite type="TestFixture" name="Data Sync Integration Tests.End-to-End Synchronization" executed="True" result="Success" success="True" time="0.0276" asserts="0" description="Data Sync Integration Tests.End-to-End Synchronization">
                <results>
                  <test-case description="should perform complete sync workflow" name="Data Sync Integration Tests.End-to-End Synchronization.should perform complete sync workflow" time="0.0189" asserts="0" success="True" result="Success" executed="True" />
                </results>
              </test-suite>
            </results>
          </test-suite>
        </results>
      </test-suite>
      <test-suite type="TestFixture" name="/workspaces/ps-sqlite/tests/Process/Show-SyncResult.Tests.ps1" executed="True" result="Failure" success="False" time="0.3727" asserts="0" description="/workspaces/ps-sqlite/tests/Process/Show-SyncResult.Tests.ps1">
        <results>
          <test-suite type="TestFixture" name="Show-SyncResult" executed="True" result="Failure" success="False" time="0.3122" asserts="0" description="Show-SyncResult">
            <results>
              <test-suite type="TestFixture" name="Show-SyncResult.正常な結果表示" executed="True" result="Failure" success="False" time="0" asserts="0" description="Show-SyncResult.正常な結果表示">
                <results>
                  <test-case description="同期結果を正しく表示する" name="Show-SyncResult.正常な結果表示.同期結果を正しく表示する" time="0" asserts="0" success="False" result="Failure" executed="True">
                    <failure>
                      <message>This test should run but it did not. Most likely a setup in some parent block failed.</message>
                      <stack-trace />
                    </failure>
                  </test-case>
                  <test-case description="テーブル件数を表示する" name="Show-SyncResult.正常な結果表示.テーブル件数を表示する" time="0" asserts="0" success="False" result="Failure" executed="True">
                    <failure>
                      <message>This test should run but it did not. Most likely a setup in some parent block failed.</message>
                      <stack-trace />
                    </failure>
                  </test-case>
                  <test-case description="同期結果を表示する" name="Show-SyncResult.正常な結果表示.同期結果を表示する" time="0" asserts="0" success="False" result="Failure" executed="True">
                    <failure>
                      <message>This test should run but it did not. Most likely a setup in some parent block failed.</message>
                      <stack-trace />
                    </failure>
                  </test-case>
                  <test-case description="同期処理総件数を表示する" name="Show-SyncResult.正常な結果表示.同期処理総件数を表示する" time="0" asserts="0" success="False" result="Failure" executed="True">
                    <failure>
                      <message>This test should run but it did not. Most likely a setup in some parent block failed.</message>
                      <stack-trace />
                    </failure>
                  </test-case>
                  <test-case description="適切にログ出力を行う" name="Show-SyncResult.正常な結果表示.適切にログ出力を行う" time="0" asserts="0" success="False" result="Failure" executed="True">
                    <failure>
                      <message>This test should run but it did not. Most likely a setup in some parent block failed.</message>
                      <stack-trace />
                    </failure>
                  </test-case>
                </results>
              </test-suite>
              <test-suite type="TestFixture" name="Show-SyncResult.エラーハンドリング" executed="True" result="Failure" success="False" time="0" asserts="0" description="Show-SyncResult.エラーハンドリング">
                <results>
                  <test-case description="データベース接続エラー時に適切に処理する" name="Show-SyncResult.エラーハンドリング.データベース接続エラー時に適切に処理する" time="0" asserts="0" success="False" result="Failure" executed="True">
                    <failure>
                      <message>This test should run but it did not. Most likely a setup in some parent block failed.</message>
                      <stack-trace />
                    </failure>
                  </test-case>
                </results>
              </test-suite>
            </results>
          </test-suite>
        </results>
      </test-suite>
      <test-suite type="TestFixture" name="/workspaces/ps-sqlite/tests/Utils/Foundation/CoreUtils.Tests.ps1" executed="True" result="Success" success="True" time="1.5775" asserts="0" description="/workspaces/ps-sqlite/tests/Utils/Foundation/CoreUtils.Tests.ps1">
        <results>
          <test-suite type="TestFixture" name="CoreUtils (基盤層) テスト" executed="True" result="Success" success="True" time="1.3373" asserts="0" description="CoreUtils (基盤層) テスト">
            <results>
              <test-suite type="TestFixture" name="CoreUtils (基盤層) テスト.レイヤーアーキテクチャ検証" executed="True" result="Success" success="True" time="0.0804" asserts="0" description="CoreUtils (基盤層) テスト.レイヤーアーキテクチャ検証">
                <results>
                  <test-case description="Layer 1 で依存関係がないこと" name="CoreUtils (基盤層) テスト.レイヤーアーキテクチャ検証.Layer 1 で依存関係がないこと" time="0.0226" asserts="0" success="True" result="Success" executed="True" />
                  <test-case description="設定に依存しないこと" name="CoreUtils (基盤層) テスト.レイヤーアーキテクチャ検証.設定に依存しないこと" time="0.0493" asserts="0" success="True" result="Success" executed="True" />
                </results>
              </test-suite>
              <test-suite type="TestFixture" name="CoreUtils (基盤層) テスト.Get-Sqlite3Path 関数" executed="True" result="Success" success="True" time="0.3221" asserts="0" description="CoreUtils (基盤層) テスト.Get-Sqlite3Path 関数">
                <results>
                  <test-case description="SQLite3コマンドパスを返すこと" name="CoreUtils (基盤層) テスト.Get-Sqlite3Path 関数.SQLite3コマンドパスを返すこと" time="0.0149" asserts="0" success="True" result="Success" executed="True" />
                  <test-case description="sqlite3が利用できない場合にエラーをスローすること" name="CoreUtils (基盤層) テスト.Get-Sqlite3Path 関数.sqlite3が利用できない場合にエラーをスローすること" time="0.189" asserts="0" success="True" result="Success" executed="True" />
                  <test-case description="コマンド解決エラーを適切に処理すること" name="CoreUtils (基盤層) テスト.Get-Sqlite3Path 関数.コマンド解決エラーを適切に処理すること" time="0.0278" asserts="0" success="True" result="Success" executed="True" />
                </results>
              </test-suite>
              <test-suite type="TestFixture" name="CoreUtils (基盤層) テスト.Get-CrossPlatformEncoding 関数" executed="True" result="Success" success="True" time="0.3766" asserts="0" description="CoreUtils (基盤層) テスト.Get-CrossPlatformEncoding 関数">
                <results>
                  <test-case description="PowerShell Core (version 6+) でUTF8エンコーディングを返すこと" name="CoreUtils (基盤層) テスト.Get-CrossPlatformEncoding 関数.PowerShell Core (version 6+) でUTF8エンコーディングを返すこと" time="0.0071" asserts="0" success="True" result="Success" executed="True" />
                  <test-case description="Windows PowerShell (version &lt; 6) でBOM付きUTF8エンコーディングを返すこと" name="CoreUtils (基盤層) テスト.Get-CrossPlatformEncoding 関数.Windows PowerShell (version &lt; 6) でBOM付きUTF8エンコーディングを返すこと" time="0.0063" asserts="0" success="True" result="Success" executed="True" />
                  <test-case description="常に有効なエンコーディングオブジェクトを返すこと" name="CoreUtils (基盤層) テスト.Get-CrossPlatformEncoding 関数.常に有効なエンコーディングオブジェクトを返すこと" time="0.0332" asserts="0" success="True" result="Success" executed="True" />
                </results>
              </test-suite>
              <test-suite type="TestFixture" name="CoreUtils (基盤層) テスト.Get-Timestamp 関数" executed="True" result="Success" success="True" time="0.4419" asserts="0" description="CoreUtils (基盤層) テスト.Get-Timestamp 関数">
                <results>
                  <test-case description="デフォルトフォーマットでタイムスタンプを返すこと" name="CoreUtils (基盤層) テスト.Get-Timestamp 関数.デフォルトフォーマットでタイムスタンプを返すこと" time="0.0073" asserts="0" success="True" result="Success" executed="True" />
                  <test-case description="カスタムフォーマットパラメータを受け入れること" name="CoreUtils (基盤層) テスト.Get-Timestamp 関数.カスタムフォーマットパラメータを受け入れること" time="0.0071" asserts="0" success="True" result="Success" executed="True" />
                  <test-case description="Asia/Tokyoタイムゾーンを正しく処理すること" name="CoreUtils (基盤層) テスト.Get-Timestamp 関数.Asia/Tokyoタイムゾーンを正しく処理すること" time="0.0102" asserts="0" success="True" result="Success" executed="True" />
                  <test-case description="タイムゾーンに失敗した場合にUTC+9フォールバックを使用すること" name="CoreUtils (基盤層) テスト.Get-Timestamp 関数.タイムゾーンに失敗した場合にUTC+9フォールバックを使用すること" time="0.0121" asserts="0" success="True" result="Success" executed="True" />
                  <test-case description="異なるタイムゾーン値を処理すること" name="CoreUtils (基盤層) テスト.Get-Timestamp 関数.異なるタイムゾーン値を処理すること" time="0.0091" asserts="0" success="True" result="Success" executed="True" />
                  <test-case description="カスタムフォーマット文字列を正しく処理すること" name="CoreUtils (基盤層) テスト.Get-Timestamp 関数.カスタムフォーマット文字列を正しく処理すること" time="0.0119" asserts="0" success="True" result="Success" executed="True" />
                </results>
              </test-suite>
              <test-suite type="TestFixture" name="CoreUtils (基盤層) テスト.基盤層関数統合" executed="True" result="Success" success="True" time="0.5029" asserts="0" description="CoreUtils (基盤層) テスト.基盤層関数統合">
                <results>
                  <test-case description="設定依存なしで連携動作すること" name="CoreUtils (基盤層) テスト.基盤層関数統合.設定依存なしで連携動作すること" time="0.0323" asserts="0" success="True" result="Success" executed="True" />
                  <test-case description="上位層から呼び出し可能であること" name="CoreUtils (基盤層) テスト.基盤層関数統合.上位層から呼び出し可能であること" time="0.0218" asserts="0" success="True" result="Success" executed="True" />
                </results>
              </test-suite>
              <test-suite type="TestFixture" name="CoreUtils (基盤層) テスト.エラーハンドリングとエッジケース" executed="True" result="Success" success="True" time="1.1702" asserts="0" description="CoreUtils (基盤層) テスト.エラーハンドリングとエッジケース">
                <results>
                  <test-case description="nullまたは空のパラメータを適切に処理すること" name="CoreUtils (基盤層) テスト.エラーハンドリングとエッジケース.nullまたは空のパラメータを適切に処理すること" time="0.0088" asserts="0" success="True" result="Success" executed="True" />
                  <test-case description="複数回の呼び出しで一貫した動作を維持すること" name="CoreUtils (基盤層) テスト.エラーハンドリングとエッジケース.複数回の呼び出しで一貫した動作を維持すること" time="0.0363" asserts="0" success="True" result="Success" executed="True" />
                  <test-case description="並行アクセスを安全に処理すること" name="CoreUtils (基盤層) テスト.エラーハンドリングとエッジケース.並行アクセスを安全に処理すること" time="0.6138" asserts="0" success="True" result="Success" executed="True" />
                </results>
              </test-suite>
              <test-suite type="TestFixture" name="CoreUtils (基盤層) テスト.パフォーマンスとリソース使用量" executed="True" result="Success" success="True" time="1.3303" asserts="0" description="CoreUtils (基盤層) テスト.パフォーマンスとリソース使用量">
                <results>
                  <test-case description="関数を高速で実行すること" name="CoreUtils (基盤層) テスト.パフォーマンスとリソース使用量.関数を高速で実行すること" time="0.0157" asserts="0" success="True" result="Success" executed="True" />
                  <test-case description="繰り返し呼び出しでメモリリークしないこと" name="CoreUtils (基盤層) テスト.パフォーマンスとリソース使用量.繰り返し呼び出しでメモリリークしないこと" time="0.1377" asserts="0" success="True" result="Success" executed="True" />
                </results>
              </test-suite>
            </results>
          </test-suite>
        </results>
      </test-suite>
      <test-suite type="TestFixture" name="/workspaces/ps-sqlite/tests/Utils/Infrastructure/ConfigurationUtils.Tests.ps1" executed="True" result="Failure" success="False" time="1.6578" asserts="0" description="/workspaces/ps-sqlite/tests/Utils/Infrastructure/ConfigurationUtils.Tests.ps1">
        <results>
          <test-suite type="TestFixture" name="ConfigurationUtils (インフラストラクチャ層) テスト" executed="True" result="Failure" success="False" time="1.2796" asserts="0" description="ConfigurationUtils (インフラストラクチャ層) テスト">
            <results>
              <test-suite type="TestFixture" name="ConfigurationUtils (インフラストラクチャ層) テスト.Layer Architecture Validation" executed="True" result="Failure" success="False" time="0.0483" asserts="0" description="ConfigurationUtils (インフラストラクチャ層) テスト.Layer Architecture Validation">
                <results>
                  <test-case description="should be Layer 2 with Foundation dependencies only" name="ConfigurationUtils (インフラストラクチャ層) テスト.Layer Architecture Validation.should be Layer 2 with Foundation dependencies only" time="0.0089" asserts="0" success="True" result="Success" executed="True" />
                  <test-case description="should use Foundation layer functions" name="ConfigurationUtils (インフラストラクチャ層) テスト.Layer Architecture Validation.should use Foundation layer functions" time="0.0323" asserts="0" success="False" result="Failure" executed="True">
                    <failure>
                      <message>RuntimeException: Should -Invoke: Could not find Mock for command Get-CrossPlatformEncoding in module ConfigurationUtils. Was the mock defined? Did you use the same -ModuleName as on the Mock? When using InModuleScope are InModuleScope, Mock and Should -Invoke using the same -ModuleName?</message>
                      <stack-trace />
                    </failure>
                  </test-case>
                </results>
              </test-suite>
              <test-suite type="TestFixture" name="ConfigurationUtils (インフラストラクチャ層) テスト.Get-DataSyncConfig Function - Configuration Loading" executed="True" result="Failure" success="False" time="0.1551" asserts="0" description="ConfigurationUtils (インフラストラクチャ層) テスト.Get-DataSyncConfig Function - Configuration Loading">
                <results>
                  <test-case description="should load configuration from specified path" name="ConfigurationUtils (インフラストラクチャ層) テスト.Get-DataSyncConfig Function - Configuration Loading.should load configuration from specified path" time="0.0111" asserts="0" success="True" result="Success" executed="True" />
                  <test-case description="should cache configuration after first load" name="ConfigurationUtils (インフラストラクチャ層) テスト.Get-DataSyncConfig Function - Configuration Loading.should cache configuration after first load" time="0.0135" asserts="0" success="True" result="Success" executed="True" />
                  <test-case description="should force reload with -Force parameter" name="ConfigurationUtils (インフラストラクチャ層) テスト.Get-DataSyncConfig Function - Configuration Loading.should force reload with -Force parameter" time="0.0276" asserts="0" success="False" result="Failure" executed="True">
                    <failure>
                      <message>Expected strings to be the same, but they were different.
Expected length: 10
Actual length:   3
Strings differ at index 0.
Expected: 'Asia/Tokyo'
But was:  'UTC'
           ^</message>
                      <stack-trace>at $config1.file_paths.timezone | Should -Be "Asia/Tokyo"  # 元の値, /workspaces/ps-sqlite/tests/Utils/Infrastructure/ConfigurationUtils.Tests.ps1:80
at &lt;ScriptBlock&gt;, /workspaces/ps-sqlite/tests/Utils/Infrastructure/ConfigurationUtils.Tests.ps1:80</stack-trace>
                    </failure>
                  </test-case>
                  <test-case description="should throw error when configuration file not found" name="ConfigurationUtils (インフラストラクチャ層) テスト.Get-DataSyncConfig Function - Configuration Loading.should throw error when configuration file not found" time="0.0229" asserts="0" success="False" result="Failure" executed="True">
                    <failure>
                      <message>Expected an exception with message like '*設定ファイルが見つかりません*' to be thrown, but no exception was thrown.</message>
                      <stack-trace>at { Get-DataSyncConfig -ConfigPath $nonExistentPath } | Should -Throw "*設定ファイルが見つかりません*", /workspaces/ps-sqlite/tests/Utils/Infrastructure/ConfigurationUtils.Tests.ps1:86
at &lt;ScriptBlock&gt;, /workspaces/ps-sqlite/tests/Utils/Infrastructure/ConfigurationUtils.Tests.ps1:86</stack-trace>
                    </failure>
                  </test-case>
                  <test-case description="should throw error when called without ConfigPath if not cached" name="ConfigurationUtils (インフラストラクチャ層) テスト.Get-DataSyncConfig Function - Configuration Loading.should throw error when called without ConfigPath if not cached" time="0.0203" asserts="0" success="False" result="Failure" executed="True">
                    <failure>
                      <message>Expected an exception with message like '*設定がまだ読み込まれていません*' to be thrown, but no exception was thrown.</message>
                      <stack-trace>at { Get-DataSyncConfig } | Should -Throw "*設定がまだ読み込まれていません*", /workspaces/ps-sqlite/tests/Utils/Infrastructure/ConfigurationUtils.Tests.ps1:93
at &lt;ScriptBlock&gt;, /workspaces/ps-sqlite/tests/Utils/Infrastructure/ConfigurationUtils.Tests.ps1:93</stack-trace>
                    </failure>
                  </test-case>
                </results>
              </test-suite>
              <test-suite type="TestFixture" name="ConfigurationUtils (インフラストラクチャ層) テスト.Configuration File Structure Validation" executed="True" result="Failure" success="False" time="0.2578" asserts="0" description="ConfigurationUtils (インフラストラクチャ層) テスト.Configuration File Structure Validation">
                <results>
                  <test-case description="should validate required file_paths section" name="ConfigurationUtils (インフラストラクチャ層) テスト.Configuration File Structure Validation.should validate required file_paths section" time="0.0314" asserts="0" success="True" result="Success" executed="True" />
                  <test-case description="should validate required tables section" name="ConfigurationUtils (インフラストラクチャ層) テスト.Configuration File Structure Validation.should validate required tables section" time="0.0184" asserts="0" success="True" result="Success" executed="True" />
                  <test-case description="should validate sync_config section" name="ConfigurationUtils (インフラストラクチャ層) テスト.Configuration File Structure Validation.should validate sync_config section" time="0.0312" asserts="0" success="False" result="Failure" executed="True">
                    <failure>
                      <message>Expected the value to have type [array] or any of its subtypes, but got 'employee_id' with type [string].</message>
                      <stack-trace>at $config.sync_config.key_columns | Should -BeOfType [Array], /workspaces/ps-sqlite/tests/Utils/Infrastructure/ConfigurationUtils.Tests.ps1:128
at &lt;ScriptBlock&gt;, /workspaces/ps-sqlite/tests/Utils/Infrastructure/ConfigurationUtils.Tests.ps1:128</stack-trace>
                    </failure>
                  </test-case>
                  <test-case description="should handle timezone configuration" name="ConfigurationUtils (インフラストラクチャ層) テスト.Configuration File Structure Validation.should handle timezone configuration" time="0.0115" asserts="0" success="True" result="Success" executed="True" />
                </results>
              </test-suite>
              <test-suite type="TestFixture" name="ConfigurationUtils (インフラストラクチャ層) テスト.Real Configuration File Integration" executed="True" result="Success" success="True" time="0.3052" asserts="0" description="ConfigurationUtils (インフラストラクチャ層) テスト.Real Configuration File Integration">
                <results>
                  <test-case description="should load the actual project configuration file" name="ConfigurationUtils (インフラストラクチャ層) テスト.Real Configuration File Integration.should load the actual project configuration file" time="0.0214" asserts="0" success="True" result="Success" executed="True" />
                  <test-case description="should validate real configuration has required employee data structure" name="ConfigurationUtils (インフラストラクチャ層) テスト.Real Configuration File Integration.should validate real configuration has required employee data structure" time="0.0177" asserts="0" success="True" result="Success" executed="True" />
                </results>
              </test-suite>
              <test-suite type="TestFixture" name="ConfigurationUtils (インフラストラクチャ層) テスト.Configuration Error Handling" executed="True" result="Failure" success="False" time="0.3751" asserts="0" description="ConfigurationUtils (インフラストラクチャ層) テスト.Configuration Error Handling">
                <results>
                  <test-case description="should handle malformed JSON gracefully" name="ConfigurationUtils (インフラストラクチャ層) テスト.Configuration Error Handling.should handle malformed JSON gracefully" time="0.0201" asserts="0" success="False" result="Failure" executed="True">
                    <failure>
                      <message>Expected an exception to be thrown, but no exception was thrown.</message>
                      <stack-trace>at { Get-DataSyncConfig -ConfigPath $malformedConfigPath } | Should -Throw, /workspaces/ps-sqlite/tests/Utils/Infrastructure/ConfigurationUtils.Tests.ps1:178
at &lt;ScriptBlock&gt;, /workspaces/ps-sqlite/tests/Utils/Infrastructure/ConfigurationUtils.Tests.ps1:178</stack-trace>
                    </failure>
                  </test-case>
                  <test-case description="should handle empty configuration file" name="ConfigurationUtils (インフラストラクチャ層) テスト.Configuration Error Handling.should handle empty configuration file" time="0.0262" asserts="0" success="False" result="Failure" executed="True">
                    <failure>
                      <message>Expected a value, but got $null or empty.</message>
                      <stack-trace>at $config | Should -Not -BeNullOrEmpty, /workspaces/ps-sqlite/tests/Utils/Infrastructure/ConfigurationUtils.Tests.ps1:186
at &lt;ScriptBlock&gt;, /workspaces/ps-sqlite/tests/Utils/Infrastructure/ConfigurationUtils.Tests.ps1:186</stack-trace>
                    </failure>
                  </test-case>
                  <test-case description="should handle permission denied errors" name="ConfigurationUtils (インフラストラクチャ層) テスト.Configuration Error Handling.should handle permission denied errors" time="0.0149" asserts="0" success="True" result="Success" executed="True" />
                </results>
              </test-suite>
              <test-suite type="TestFixture" name="ConfigurationUtils (インフラストラクチャ層) テスト.Configuration Caching Behavior" executed="True" result="Failure" success="False" time="1.1987" asserts="0" description="ConfigurationUtils (インフラストラクチャ層) テスト.Configuration Caching Behavior">
                <results>
                  <test-case description="should maintain cache across multiple function calls" name="ConfigurationUtils (インフラストラクチャ層) テスト.Configuration Caching Behavior.should maintain cache across multiple function calls" time="0.0116" asserts="0" success="True" result="Success" executed="True" />
                  <test-case description="should handle concurrent access to cached configuration" name="ConfigurationUtils (インフラストラクチャ層) テスト.Configuration Caching Behavior.should handle concurrent access to cached configuration" time="0.7998" asserts="0" success="False" result="Failure" executed="True">
                    <failure>
                      <message>Expected a collection with size 5, but got an empty collection.</message>
                      <stack-trace>at $results | Should -HaveCount 5, /workspaces/ps-sqlite/tests/Utils/Infrastructure/ConfigurationUtils.Tests.ps1:243
at &lt;ScriptBlock&gt;, /workspaces/ps-sqlite/tests/Utils/Infrastructure/ConfigurationUtils.Tests.ps1:243</stack-trace>
                    </failure>
                  </test-case>
                </results>
              </test-suite>
              <test-suite type="TestFixture" name="ConfigurationUtils (インフラストラクチャ層) テスト.UTF-8 Encoding Support" executed="True" result="Success" success="True" time="1.2468" asserts="0" description="ConfigurationUtils (インフラストラクチャ層) テスト.UTF-8 Encoding Support">
                <results>
                  <test-case description="should handle UTF-8 encoded configuration files" name="ConfigurationUtils (インフラストラクチャ層) テスト.UTF-8 Encoding Support.should handle UTF-8 encoded configuration files" time="0.0163" asserts="0" success="True" result="Success" executed="True" />
                  <test-case description="should handle BOM in UTF-8 files" name="ConfigurationUtils (インフラストラクチャ層) テスト.UTF-8 Encoding Support.should handle BOM in UTF-8 files" time="0.0221" asserts="0" success="True" result="Success" executed="True" />
                </results>
              </test-suite>
              <test-suite type="TestFixture" name="ConfigurationUtils (インフラストラクチャ層) テスト.Configuration Validation and Defaults" executed="True" result="Success" success="True" time="1.2722" asserts="0" description="ConfigurationUtils (インフラストラクチャ層) テスト.Configuration Validation and Defaults">
                <results>
                  <test-case description="should provide reasonable defaults for missing optional fields" name="ConfigurationUtils (インフラストラクチャ層) テスト.Configuration Validation and Defaults.should provide reasonable defaults for missing optional fields" time="0.0148" asserts="0" success="True" result="Success" executed="True" />
                </results>
              </test-suite>
            </results>
          </test-suite>
        </results>
      </test-suite>
      <test-suite type="TestFixture" name="/workspaces/ps-sqlite/tests/Utils/Infrastructure/ErrorHandlingUtils.Tests.ps1" executed="True" result="Failure" success="False" time="14.5961" asserts="0" description="/workspaces/ps-sqlite/tests/Utils/Infrastructure/ErrorHandlingUtils.Tests.ps1">
        <results>
          <test-suite type="TestFixture" name="ErrorHandlingUtils (インフラストラクチャ層) テスト" executed="True" result="Failure" success="False" time="14.1057" asserts="0" description="ErrorHandlingUtils (インフラストラクチャ層) テスト">
            <results>
              <test-suite type="TestFixture" name="ErrorHandlingUtils (インフラストラクチャ層) テスト.レイヤーアーキテクチャ検証" executed="True" result="Success" success="True" time="0.0137" asserts="0" description="ErrorHandlingUtils (インフラストラクチャ層) テスト.レイヤーアーキテクチャ検証">
                <results>
                  <test-case description="Foundation層のみに依存するLayer 2であること" name="ErrorHandlingUtils (インフラストラクチャ層) テスト.レイヤーアーキテクチャ検証.Foundation層のみに依存するLayer 2であること" time="0.0076" asserts="0" success="True" result="Success" executed="True" />
                </results>
              </test-suite>
              <test-suite type="TestFixture" name="ErrorHandlingUtils (インフラストラクチャ層) テスト.Invoke-WithErrorHandling関数 - 基本操作" executed="True" result="Failure" success="False" time="0.1387" asserts="0" description="ErrorHandlingUtils (インフラストラクチャ層) テスト.Invoke-WithErrorHandling関数 - 基本操作">
                <results>
                  <test-case description="成功するスクリプトブロックを実行すること" name="ErrorHandlingUtils (インフラストラクチャ層) テスト.Invoke-WithErrorHandling関数 - 基本操作.成功するスクリプトブロックを実行すること" time="0.0192" asserts="0" success="True" result="Success" executed="True" />
                  <test-case description="例外を処理して再スローすること" name="ErrorHandlingUtils (インフラストラクチャ層) テスト.Invoke-WithErrorHandling関数 - 基本操作.例外を処理して再スローすること" time="0.0338" asserts="0" success="True" result="Success" executed="True" />
                  <test-case description="エラー時にクリーンアップスクリプトを実行すること" name="ErrorHandlingUtils (インフラストラクチャ層) テスト.Invoke-WithErrorHandling関数 - 基本操作.エラー時にクリーンアップスクリプトを実行すること" time="0.0319" asserts="0" success="False" result="Failure" executed="True">
                    <failure>
                      <message>Expected $true, but got $false.</message>
                      <stack-trace>at $cleanupExecuted | Should -Be $true, /workspaces/ps-sqlite/tests/Utils/Infrastructure/ErrorHandlingUtils.Tests.ps1:60
at &lt;ScriptBlock&gt;, /workspaces/ps-sqlite/tests/Utils/Infrastructure/ErrorHandlingUtils.Tests.ps1:60</stack-trace>
                    </failure>
                  </test-case>
                  <test-case description="成功時にクリーンアップスクリプトを実行すること" name="ErrorHandlingUtils (インフラストラクチャ層) テスト.Invoke-WithErrorHandling関数 - 基本操作.成功時にクリーンアップスクリプトを実行すること" time="0.0322" asserts="0" success="False" result="Failure" executed="True">
                    <failure>
                      <message>Expected $true, but got $false.</message>
                      <stack-trace>at $cleanupExecuted | Should -Be $true, /workspaces/ps-sqlite/tests/Utils/Infrastructure/ErrorHandlingUtils.Tests.ps1:72
at &lt;ScriptBlock&gt;, /workspaces/ps-sqlite/tests/Utils/Infrastructure/ErrorHandlingUtils.Tests.ps1:72</stack-trace>
                    </failure>
                  </test-case>
                </results>
              </test-suite>
              <test-suite type="TestFixture" name="ErrorHandlingUtils (インフラストラクチャ層) テスト.エラーカテゴリと分類" executed="True" result="Failure" success="False" time="3.2502" asserts="0" description="ErrorHandlingUtils (インフラストラクチャ層) テスト.エラーカテゴリと分類">
                <results>
                  <test-case description="Systemカテゴリエラーを処理すること" name="ErrorHandlingUtils (インフラストラクチャ層) テスト.エラーカテゴリと分類.Systemカテゴリエラーを処理すること" time="0.0183" asserts="0" success="True" result="Success" executed="True" />
                  <test-case description="Dataカテゴリエラーを処理すること" name="ErrorHandlingUtils (インフラストラクチャ層) テスト.エラーカテゴリと分類.Dataカテゴリエラーを処理すること" time="0.0259" asserts="0" success="False" result="Failure" executed="True">
                    <failure>
                      <message>Expected an exception with message like 'Invalid data format' to be thrown, but no exception was thrown.</message>
                      <stack-trace>at } | Should -Throw "Invalid data format", /workspaces/ps-sqlite/tests/Utils/Infrastructure/ErrorHandlingUtils.Tests.ps1:90
at &lt;ScriptBlock&gt;, /workspaces/ps-sqlite/tests/Utils/Infrastructure/ErrorHandlingUtils.Tests.ps1:86</stack-trace>
                    </failure>
                  </test-case>
                  <test-case description="Externalカテゴリエラーを処理すること" name="ErrorHandlingUtils (インフラストラクチャ層) テスト.エラーカテゴリと分類.Externalカテゴリエラーを処理すること" time="3.0469" asserts="0" success="True" result="Success" executed="True" />
                  <test-case description="指定されない場合はSystemカテゴリをデフォルトとすること" name="ErrorHandlingUtils (インフラストラクチャ層) テスト.エラーカテゴリと分類.指定されない場合はSystemカテゴリをデフォルトとすること" time="0.0114" asserts="0" success="True" result="Success" executed="True" />
                </results>
              </test-suite>
              <test-suite type="TestFixture" name="ErrorHandlingUtils (インフラストラクチャ層) テスト.コンテキスト情報処理" executed="True" result="Success" success="True" time="3.2816" asserts="0" description="ErrorHandlingUtils (インフラストラクチャ層) テスト.コンテキスト情報処理">
                <results>
                  <test-case description="コンテキストハッシュテーブルを受け入れること" name="ErrorHandlingUtils (インフラストラクチャ層) テスト.コンテキスト情報処理.コンテキストハッシュテーブルを受け入れること" time="0.0088" asserts="0" success="True" result="Success" executed="True" />
                  <test-case description="空のコンテキストを処理すること" name="ErrorHandlingUtils (インフラストラクチャ層) テスト.コンテキスト情報処理.空のコンテキストを処理すること" time="0.009" asserts="0" success="True" result="Success" executed="True" />
                  <test-case description="nullコンテキストを処理すること" name="ErrorHandlingUtils (インフラストラクチャ層) テスト.コンテキスト情報処理.nullコンテキストを処理すること" time="0.0059" asserts="0" success="True" result="Success" executed="True" />
                </results>
              </test-suite>
              <test-suite type="TestFixture" name="ErrorHandlingUtils (インフラストラクチャ層) テスト.Invoke-FileOperationWithErrorHandling関数" executed="True" result="Success" success="True" time="3.3597" asserts="0" description="ErrorHandlingUtils (インフラストラクチャ層) テスト.Invoke-FileOperationWithErrorHandling関数">
                <results>
                  <test-case description="成功するファイル操作を処理すること" name="ErrorHandlingUtils (インフラストラクチャ層) テスト.Invoke-FileOperationWithErrorHandling関数.成功するファイル操作を処理すること" time="0.0132" asserts="0" success="True" result="Success" executed="True" />
                  <test-case description="ファイル未発見エラーを処理すること" name="ErrorHandlingUtils (インフラストラクチャ層) テスト.Invoke-FileOperationWithErrorHandling関数.ファイル未発見エラーを処理すること" time="0.0163" asserts="0" success="True" result="Success" executed="True" />
                  <test-case description="ファイル書き込み操作を処理すること" name="ErrorHandlingUtils (インフラストラクチャ層) テスト.Invoke-FileOperationWithErrorHandling関数.ファイル書き込み操作を処理すること" time="0.0149" asserts="0" success="True" result="Success" executed="True" />
                  <test-case description="ファイル削除操作を処理すること" name="ErrorHandlingUtils (インフラストラクチャ層) テスト.Invoke-FileOperationWithErrorHandling関数.ファイル削除操作を処理すること" time="0.0216" asserts="0" success="True" result="Success" executed="True" />
                </results>
              </test-suite>
              <test-suite type="TestFixture" name="ErrorHandlingUtils (インフラストラクチャ層) テスト.リトライロジックと外部操作" executed="True" result="Success" success="True" time="12.4594" asserts="0" description="ErrorHandlingUtils (インフラストラクチャ層) テスト.リトライロジックと外部操作">
                <results>
                  <test-case description="失敗時に外部操作をリトライすること" name="ErrorHandlingUtils (インフラストラクチャ層) テスト.リトライロジックと外部操作.失敗時に外部操作をリトライすること" time="3.032" asserts="0" success="True" result="Success" executed="True" />
                  <test-case description="タイムアウトシナリオを処理すること" name="ErrorHandlingUtils (インフラストラクチャ層) テスト.リトライロジックと外部操作.タイムアウトシナリオを処理すること" time="6.0538" asserts="0" success="True" result="Success" executed="True" />
                </results>
              </test-suite>
              <test-suite type="TestFixture" name="ErrorHandlingUtils (インフラストラクチャ層) テスト.複雑なエラーシナリオ" executed="True" result="Failure" success="False" time="12.965" asserts="0" description="ErrorHandlingUtils (インフラストラクチャ層) テスト.複雑なエラーシナリオ">
                <results>
                  <test-case description="入れ子のエラーハンドリングを処理すること" name="ErrorHandlingUtils (インフラストラクチャ層) テスト.複雑なエラーシナリオ.入れ子のエラーハンドリングを処理すること" time="0.0073" asserts="0" success="True" result="Success" executed="True" />
                  <test-case description="クリーンアップスクリプトエラーを適切に処理すること" name="ErrorHandlingUtils (インフラストラクチャ層) テスト.複雑なエラーシナリオ.クリーンアップスクリプトエラーを適切に処理すること" time="0.0255" asserts="0" success="False" result="Failure" executed="True">
                    <failure>
                      <message>Expected $true, but got $false.</message>
                      <stack-trace>at $mainOperationExecuted | Should -Be $true, /workspaces/ps-sqlite/tests/Utils/Infrastructure/ErrorHandlingUtils.Tests.ps1:244
at &lt;ScriptBlock&gt;, /workspaces/ps-sqlite/tests/Utils/Infrastructure/ErrorHandlingUtils.Tests.ps1:244</stack-trace>
                    </failure>
                  </test-case>
                  <test-case description="異なるPowerShellコンテキストでの例外を処理すること" name="ErrorHandlingUtils (インフラストラクチャ層) テスト.複雑なエラーシナリオ.異なるPowerShellコンテキストでの例外を処理すること" time="0.4666" asserts="0" success="False" result="Failure" executed="True">
                    <failure>
                      <message>Expected regular expression 'Job context error' to match 'The term 'Invoke-WithErrorHandling' is not recognized as a name of a cmdlet, function, script file, or executable program.
Check the spelling of the name, or if a path was included, verify that the path is correct and try again.', but it did not match.</message>
                      <stack-trace>at $result | Should -Match "Job context error", /workspaces/ps-sqlite/tests/Utils/Infrastructure/ErrorHandlingUtils.Tests.ps1:266
at &lt;ScriptBlock&gt;, /workspaces/ps-sqlite/tests/Utils/Infrastructure/ErrorHandlingUtils.Tests.ps1:266</stack-trace>
                    </failure>
                  </test-case>
                </results>
              </test-suite>
              <test-suite type="TestFixture" name="ErrorHandlingUtils (インフラストラクチャ層) テスト.パフォーマンスとリソース管理" executed="True" result="Failure" success="False" time="14.0304" asserts="0" description="ErrorHandlingUtils (インフラストラクチャ層) テスト.パフォーマンスとリソース管理">
                <results>
                  <test-case description="複数の並行エラーハンドリング操作を処理すること" name="ErrorHandlingUtils (インフラストラクチャ層) テスト.パフォーマンスとリソース管理.複数の並行エラーハンドリング操作を処理すること" time="0.8036" asserts="0" success="False" result="Failure" executed="True">
                    <failure>
                      <message>Expected a collection with size 5, but got an empty collection.</message>
                      <stack-trace>at $results | Should -HaveCount 5, /workspaces/ps-sqlite/tests/Utils/Infrastructure/ErrorHandlingUtils.Tests.ps1:287
at &lt;ScriptBlock&gt;, /workspaces/ps-sqlite/tests/Utils/Infrastructure/ErrorHandlingUtils.Tests.ps1:287</stack-trace>
                    </failure>
                  </test-case>
                  <test-case description="エラーハンドリング中にリソースリークしないこと" name="ErrorHandlingUtils (インフラストラクチャ層) テスト.パフォーマンスとリソース管理.エラーハンドリング中にリソースリークしないこと" time="0.2562" asserts="0" success="True" result="Success" executed="True" />
                </results>
              </test-suite>
              <test-suite type="TestFixture" name="ErrorHandlingUtils (インフラストラクチャ層) テスト.Foundation層との統合" executed="True" result="Success" success="True" time="14.0936" asserts="0" description="ErrorHandlingUtils (インフラストラクチャ層) テスト.Foundation層との統合">
                <results>
                  <test-case description="ログ用にFoundation層ユーティリティを使用すること" name="ErrorHandlingUtils (インフラストラクチャ層) テスト.Foundation層との統合.ログ用にFoundation層ユーティリティを使用すること" time="0.022" asserts="0" success="True" result="Success" executed="True" />
                  <test-case description="Foundation層のタイムスタンプ関数と連携すること" name="ErrorHandlingUtils (インフラストラクチャ層) テスト.Foundation層との統合.Foundation層のタイムスタンプ関数と連携すること" time="0.0352" asserts="0" success="True" result="Success" executed="True" />
                </results>
              </test-suite>
            </results>
          </test-suite>
        </results>
      </test-suite>
      <test-suite type="TestFixture" name="/workspaces/ps-sqlite/tests/Utils/Infrastructure/LoggingUtils.Tests.ps1" executed="True" result="Failure" success="False" time="3.2305" asserts="0" description="/workspaces/ps-sqlite/tests/Utils/Infrastructure/LoggingUtils.Tests.ps1">
        <results>
          <test-suite type="TestFixture" name="LoggingUtils (インフラストラクチャ層) テスト" executed="True" result="Failure" success="False" time="2.7802" asserts="0" description="LoggingUtils (インフラストラクチャ層) テスト">
            <results>
              <test-suite type="TestFixture" name="LoggingUtils (インフラストラクチャ層) テスト.Layer Architecture Validation" executed="True" result="Success" success="True" time="0.0145" asserts="0" description="LoggingUtils (インフラストラクチャ層) テスト.Layer Architecture Validation">
                <results>
                  <test-case description="基盤層のみに依存するLayer 2であること" name="LoggingUtils (インフラストラクチャ層) テスト.Layer Architecture Validation.基盤層のみに依存するLayer 2であること" time="0.0043" asserts="0" success="True" result="Success" executed="True" />
                  <test-case description="基盤層関数を使用すること" name="LoggingUtils (インフラストラクチャ層) テスト.Layer Architecture Validation.基盤層関数を使用すること" time="0.0049" asserts="0" success="True" result="Success" executed="True" />
                </results>
              </test-suite>
              <test-suite type="TestFixture" name="LoggingUtils (インフラストラクチャ層) テスト.Write-SystemLog Function - Basic Logging" executed="True" result="Failure" success="False" time="0.1077" asserts="0" description="LoggingUtils (インフラストラクチャ層) テスト.Write-SystemLog Function - Basic Logging">
                <results>
                  <test-case description="コンソールにログメッセージを書き込むこと" name="LoggingUtils (インフラストラクチャ層) テスト.Write-SystemLog Function - Basic Logging.コンソールにログメッセージを書き込むこと" time="0.0159" asserts="0" success="False" result="Failure" executed="True">
                    <failure>
                      <message>ParameterBindingException: A parameter cannot be found that matches parameter name 'Component'.</message>
                      <stack-trace>at &lt;ScriptBlock&gt;, /workspaces/ps-sqlite/tests/Utils/Infrastructure/LoggingUtils.Tests.ps1:42</stack-trace>
                    </failure>
                  </test-case>
                  <test-case description="異なるログレベルを処理すること" name="LoggingUtils (インフラストラクチャ層) テスト.Write-SystemLog Function - Basic Logging.異なるログレベルを処理すること" time="0.0177" asserts="0" success="False" result="Failure" executed="True">
                    <failure>
                      <message>Expected no exception to be thrown, but an exception "Cannot validate argument on parameter 'Level'. The argument "Debug" does not belong to the set "Info,Warning,Error,Success" specified by the ValidateSet attribute. Supply an argument that is in the set and then try the command again." was thrown from /workspaces/ps-sqlite/tests/Utils/Infrastructure/LoggingUtils.Tests.ps1:52 char:73
    + …  Write-SystemLog -Message "Test $level message" -Level $level } | Sho …
    +                                                          ~~~~~~.</message>
                      <stack-trace>at { Write-SystemLog -Message "Test $level message" -Level $level } | Should -Not -Throw, /workspaces/ps-sqlite/tests/Utils/Infrastructure/LoggingUtils.Tests.ps1:52
at &lt;ScriptBlock&gt;, /workspaces/ps-sqlite/tests/Utils/Infrastructure/LoggingUtils.Tests.ps1:52</stack-trace>
                    </failure>
                  </test-case>
                  <test-case description="コンポーネント情報を含むこと" name="LoggingUtils (インフラストラクチャ層) テスト.Write-SystemLog Function - Basic Logging.コンポーネント情報を含むこと" time="0.005" asserts="0" success="False" result="Failure" executed="True">
                    <failure>
                      <message>ParameterBindingException: A parameter cannot be found that matches parameter name 'Component'.</message>
                      <stack-trace>at &lt;ScriptBlock&gt;, /workspaces/ps-sqlite/tests/Utils/Infrastructure/LoggingUtils.Tests.ps1:57</stack-trace>
                    </failure>
                  </test-case>
                  <test-case description="未指定時にInfoレベルをデフォルトとすること" name="LoggingUtils (インフラストラクチャ層) テスト.Write-SystemLog Function - Basic Logging.未指定時にInfoレベルをデフォルトとすること" time="0.0249" asserts="0" success="True" result="Success" executed="True" />
                  <test-case description="ログメッセージで日本語文字を処理すること" name="LoggingUtils (インフラストラクチャ層) テスト.Write-SystemLog Function - Basic Logging.ログメッセージで日本語文字を処理すること" time="0.0188" asserts="0" success="True" result="Success" executed="True" />
                </results>
              </test-suite>
              <test-suite type="TestFixture" name="LoggingUtils (インフラストラクチャ層) テスト.Write-SystemLog Function - File Logging" executed="True" result="Failure" success="False" time="0.144" asserts="0" description="LoggingUtils (インフラストラクチャ層) テスト.Write-SystemLog Function - File Logging">
                <results>
                  <test-case description="LogFilePathが指定された時にファイルにログを書き込むこと" name="LoggingUtils (インフラストラクチャ層) テスト.Write-SystemLog Function - File Logging.LogFilePathが指定された時にファイルにログを書き込むこと" time="0.0062" asserts="0" success="False" result="Failure" executed="True">
                    <failure>
                      <message>ParameterBindingException: A parameter cannot be found that matches parameter name 'LogFilePath'.</message>
                      <stack-trace>at &lt;ScriptBlock&gt;, /workspaces/ps-sqlite/tests/Utils/Infrastructure/LoggingUtils.Tests.ps1:77</stack-trace>
                    </failure>
                  </test-case>
                  <test-case description="既存のログファイルに追記すること" name="LoggingUtils (インフラストラクチャ層) テスト.Write-SystemLog Function - File Logging.既存のログファイルに追記すること" time="0.0056" asserts="0" success="False" result="Failure" executed="True">
                    <failure>
                      <message>ParameterBindingException: A parameter cannot be found that matches parameter name 'LogFilePath'.</message>
                      <stack-trace>at &lt;ScriptBlock&gt;, /workspaces/ps-sqlite/tests/Utils/Infrastructure/LoggingUtils.Tests.ps1:86</stack-trace>
                    </failure>
                  </test-case>
                  <test-case description="ログディレクトリが存在しない場合に作成すること" name="LoggingUtils (インフラストラクチャ層) テスト.Write-SystemLog Function - File Logging.ログディレクトリが存在しない場合に作成すること" time="0.0055" asserts="0" success="False" result="Failure" executed="True">
                    <failure>
                      <message>ParameterBindingException: A parameter cannot be found that matches parameter name 'LogFilePath'.</message>
                      <stack-trace>at &lt;ScriptBlock&gt;, /workspaces/ps-sqlite/tests/Utils/Infrastructure/LoggingUtils.Tests.ps1:100</stack-trace>
                    </failure>
                  </test-case>
                  <test-case description="ログファイルでUTF-8エンコーディングを処理すること" name="LoggingUtils (インフラストラクチャ層) テスト.Write-SystemLog Function - File Logging.ログファイルでUTF-8エンコーディングを処理すること" time="0.0122" asserts="0" success="False" result="Failure" executed="True">
                    <failure>
                      <message>ParameterBindingException: A parameter cannot be found that matches parameter name 'LogFilePath'.</message>
                      <stack-trace>at &lt;ScriptBlock&gt;, /workspaces/ps-sqlite/tests/Utils/Infrastructure/LoggingUtils.Tests.ps1:109</stack-trace>
                    </failure>
                  </test-case>
                </results>
              </test-suite>
              <test-suite type="TestFixture" name="LoggingUtils (インフラストラクチャ層) テスト.Log Entry Formatting and Structure" executed="True" result="Failure" success="False" time="0.1823" asserts="0" description="LoggingUtils (インフラストラクチャ層) テスト.Log Entry Formatting and Structure">
                <results>
                  <test-case description="ログエントリにタイムスタンプを含むこと" name="LoggingUtils (インフラストラクチャ層) テスト.Log Entry Formatting and Structure.ログエントリにタイムスタンプを含むこと" time="0.0094" asserts="0" success="False" result="Failure" executed="True">
                    <failure>
                      <message>ParameterBindingException: A parameter cannot be found that matches parameter name 'LogFilePath'.</message>
                      <stack-trace>at &lt;ScriptBlock&gt;, /workspaces/ps-sqlite/tests/Utils/Infrastructure/LoggingUtils.Tests.ps1:119</stack-trace>
                    </failure>
                  </test-case>
                  <test-case description="フォーマット済み出力にログレベルを含むこと" name="LoggingUtils (インフラストラクチャ層) テスト.Log Entry Formatting and Structure.フォーマット済み出力にログレベルを含むこと" time="0.0048" asserts="0" success="False" result="Failure" executed="True">
                    <failure>
                      <message>ParameterBindingException: A parameter cannot be found that matches parameter name 'LogFilePath'.</message>
                      <stack-trace>at &lt;ScriptBlock&gt;, /workspaces/ps-sqlite/tests/Utils/Infrastructure/LoggingUtils.Tests.ps1:126</stack-trace>
                    </failure>
                  </test-case>
                  <test-case description="ログエントリを一貫してフォーマットすること" name="LoggingUtils (インフラストラクチャ層) テスト.Log Entry Formatting and Structure.ログエントリを一貫してフォーマットすること" time="0.0124" asserts="0" success="False" result="Failure" executed="True">
                    <failure>
                      <message>ParameterBindingException: A parameter cannot be found that matches parameter name 'LogFilePath'.</message>
                      <stack-trace>at &lt;ScriptBlock&gt;, /workspaces/ps-sqlite/tests/Utils/Infrastructure/LoggingUtils.Tests.ps1:140</stack-trace>
                    </failure>
                  </test-case>
                  <test-case description="複数行メッセージを処理すること" name="LoggingUtils (インフラストラクチャ層) テスト.Log Entry Formatting and Structure.複数行メッセージを処理すること" time="0.0061" asserts="0" success="False" result="Failure" executed="True">
                    <failure>
                      <message>ParameterBindingException: A parameter cannot be found that matches parameter name 'LogFilePath'.</message>
                      <stack-trace>at &lt;ScriptBlock&gt;, /workspaces/ps-sqlite/tests/Utils/Infrastructure/LoggingUtils.Tests.ps1:153</stack-trace>
                    </failure>
                  </test-case>
                </results>
              </test-suite>
              <test-suite type="TestFixture" name="LoggingUtils (インフラストラクチャ層) テスト.Initialize-SystemLogging Function" executed="True" result="Failure" success="False" time="0.2545" asserts="0" description="LoggingUtils (インフラストラクチャ層) テスト.Initialize-SystemLogging Function">
                <results>
                  <test-case description="ログ設定を初期化すること" name="LoggingUtils (インフラストラクチャ層) テスト.Initialize-SystemLogging Function.ログ設定を初期化すること" time="0.0266" asserts="0" success="False" result="Failure" executed="True">
                    <failure>
                      <message>Expected no exception to be thrown, but an exception "The term 'Initialize-SystemLogging' is not recognized as a name of a cmdlet, function, script file, or executable program.
Check the spelling of the name, or if a path was included, verify that the path is correct and try again." was thrown from /workspaces/ps-sqlite/tests/Utils/Infrastructure/LoggingUtils.Tests.ps1:171 char:15
    +             { Initialize-SystemLogging -Configuration $logConfig } |  …
    +               ~~~~~~~~~~~~~~~~~~~~~~~~.</message>
                      <stack-trace>at { Initialize-SystemLogging -Configuration $logConfig } | Should -Not -Throw, /workspaces/ps-sqlite/tests/Utils/Infrastructure/LoggingUtils.Tests.ps1:171
at &lt;ScriptBlock&gt;, /workspaces/ps-sqlite/tests/Utils/Infrastructure/LoggingUtils.Tests.ps1:171</stack-trace>
                    </failure>
                  </test-case>
                  <test-case description="初期化時にログファイルを作成すること" name="LoggingUtils (インフラストラクチャ層) テスト.Initialize-SystemLogging Function.初期化時にログファイルを作成すること" time="0.0246" asserts="0" success="False" result="Failure" executed="True">
                    <failure>
                      <message>CommandNotFoundException: The term 'Initialize-SystemLogging' is not recognized as a name of a cmdlet, function, script file, or executable program.
Check the spelling of the name, or if a path was included, verify that the path is correct and try again.</message>
                      <stack-trace>at &lt;ScriptBlock&gt;, /workspaces/ps-sqlite/tests/Utils/Infrastructure/LoggingUtils.Tests.ps1:178</stack-trace>
                    </failure>
                  </test-case>
                  <test-case description="設定パラメータを検証すること" name="LoggingUtils (インフラストラクチャ層) テスト.Initialize-SystemLogging Function.設定パラメータを検証すること" time="0.016" asserts="0" success="True" result="Success" executed="True" />
                </results>
              </test-suite>
              <test-suite type="TestFixture" name="LoggingUtils (インフラストラクチャ層) テスト.Write-PerformanceLog Function - Performance Logging" executed="True" result="Failure" success="False" time="0.3297" asserts="0" description="LoggingUtils (インフラストラクチャ層) テスト.Write-PerformanceLog Function - Performance Logging">
                <results>
                  <test-case description="パフォーマンス指標をログに記録すること" name="LoggingUtils (インフラストラクチャ層) テスト.Write-PerformanceLog Function - Performance Logging.パフォーマンス指標をログに記録すること" time="0.0246" asserts="0" success="False" result="Failure" executed="True">
                    <failure>
                      <message>Expected no exception to be thrown, but an exception "The term 'Write-PerformanceLog' is not recognized as a name of a cmdlet, function, script file, or executable program.
Check the spelling of the name, or if a path was included, verify that the path is correct and try again." was thrown from /workspaces/ps-sqlite/tests/Utils/Infrastructure/LoggingUtils.Tests.ps1:202 char:15
    +             { Write-PerformanceLog -Metrics $metrics -LogFilePath $sc …
    +               ~~~~~~~~~~~~~~~~~~~~.</message>
[...]
                    <failure>
                      <message>Expected 6, but got 0.</message>
                      <stack-trace>at $result.Statistics.ExcludedCount | Should -Be $excludedItems.Count, /workspaces/ps-sqlite/tests/Utils/DataProcessing/DataFilteringUtils.Tests.ps1:166
at &lt;ScriptBlock&gt;, /workspaces/ps-sqlite/tests/Utils/DataProcessing/DataFilteringUtils.Tests.ps1:166</stack-trace>
                    </failure>
                  </test-case>
                  <test-case description="複雑なGLOBパターンを処理すること" name="DataFilteringUtils (データ処理層) テスト.GLOB Pattern Matching.複雑なGLOBパターンを処理すること" time="0.0111" asserts="0" success="False" result="Failure" executed="True">
                    <failure>
                      <message>Expected 2, but got 0.</message>
                      <stack-trace>at $result.Statistics.ExcludedCount | Should -Be $excludedItems.Count, /workspaces/ps-sqlite/tests/Utils/DataProcessing/DataFilteringUtils.Tests.ps1:178
at &lt;ScriptBlock&gt;, /workspaces/ps-sqlite/tests/Utils/DataProcessing/DataFilteringUtils.Tests.ps1:178</stack-trace>
                    </failure>
                  </test-case>
                  <test-case description="大文字小文字を区別するパターンマッチングを処理すること" name="DataFilteringUtils (データ処理層) テスト.GLOB Pattern Matching.大文字小文字を区別するパターンマッチングを処理すること" time="0.0098" asserts="0" success="False" result="Failure" executed="True">
                    <failure>
                      <message>Expected the actual value to be greater than or equal to 1, but got 0.</message>
                      <stack-trace>at $result.Statistics.ExcludedCount | Should -BeGreaterOrEqual 1, /workspaces/ps-sqlite/tests/Utils/DataProcessing/DataFilteringUtils.Tests.ps1:196
at &lt;ScriptBlock&gt;, /workspaces/ps-sqlite/tests/Utils/DataProcessing/DataFilteringUtils.Tests.ps1:196</stack-trace>
                    </failure>
                  </test-case>
                  <test-case description="空文字およびnullパターンを処理すること" name="DataFilteringUtils (データ処理層) テスト.GLOB Pattern Matching.空文字およびnullパターンを処理すること" time="0.0065" asserts="0" success="True" result="Success" executed="True" />
                </results>
              </test-suite>
              <test-suite type="TestFixture" name="DataFilteringUtils (データ処理層) テスト.Filtering Statistics and Reporting" executed="True" result="Failure" success="False" time="0.2541" asserts="0" description="DataFilteringUtils (データ処理層) テスト.Filtering Statistics and Reporting">
                <results>
                  <test-case description="正確なフィルタリング統計を計算すること" name="DataFilteringUtils (データ処理層) テスト.Filtering Statistics and Reporting.正確なフィルタリング統計を計算すること" time="0.0144" asserts="0" success="False" result="Failure" executed="True">
                    <failure>
                      <message>Expected 90, but got 100.</message>
                      <stack-trace>at $result.Statistics.FilteredCount | Should -Be 90  # Z*を除外した数, /workspaces/ps-sqlite/tests/Utils/DataProcessing/DataFilteringUtils.Tests.ps1:230
at &lt;ScriptBlock&gt;, /workspaces/ps-sqlite/tests/Utils/DataProcessing/DataFilteringUtils.Tests.ps1:230</stack-trace>
                    </failure>
                  </test-case>
                  <test-case description="詳細なフィルタ操作ログを提供すること" name="DataFilteringUtils (データ処理層) テスト.Filtering Statistics and Reporting.詳細なフィルタ操作ログを提供すること" time="0.0181" asserts="0" success="False" result="Failure" executed="True">
                    <failure>
                      <message>Expected 'T*' to be found in collection @($null), but it was not found.</message>
                      <stack-trace>at $result.Statistics.FilterPatterns | Should -Contain "T*", /workspaces/ps-sqlite/tests/Utils/DataProcessing/DataFilteringUtils.Tests.ps1:245
at &lt;ScriptBlock&gt;, /workspaces/ps-sqlite/tests/Utils/DataProcessing/DataFilteringUtils.Tests.ps1:245</stack-trace>
                    </failure>
                  </test-case>
                  <test-case description="フィルタリングパフォーマンス指標を追跡すること" name="DataFilteringUtils (データ処理層) テスト.Filtering Statistics and Reporting.フィルタリングパフォーマンス指標を追跡すること" time="0.0533" asserts="0" success="False" result="Failure" executed="True">
                    <failure>
                      <message>Expected a value, but got $null or empty.</message>
                      <stack-trace>at $result.Statistics.ProcessingTime | Should -Not -BeNullOrEmpty, /workspaces/ps-sqlite/tests/Utils/DataProcessing/DataFilteringUtils.Tests.ps1:265
at &lt;ScriptBlock&gt;, /workspaces/ps-sqlite/tests/Utils/DataProcessing/DataFilteringUtils.Tests.ps1:265</stack-trace>
                    </failure>
                  </test-case>
                </results>
              </test-suite>
              <test-suite type="TestFixture" name="DataFilteringUtils (データ処理層) テスト.Japanese Text and Unicode Handling" executed="True" result="Failure" success="False" time="0.284" asserts="0" description="DataFilteringUtils (データ処理層) テスト.Japanese Text and Unicode Handling">
                <results>
                  <test-case description="フィルタパターンで日本語テキストを処理すること" name="DataFilteringUtils (データ処理層) テスト.Japanese Text and Unicode Handling.フィルタパターンで日本語テキストを処理すること" time="0.0071" asserts="0" success="False" result="Failure" executed="True">
                    <failure>
                      <message>Expected the actual value to be greater than or equal to 2, but got 0.</message>
                      <stack-trace>at $result.Statistics.ExcludedCount | Should -BeGreaterOrEqual 2  # テスト部、テスト課, /workspaces/ps-sqlite/tests/Utils/DataProcessing/DataFilteringUtils.Tests.ps1:287
at &lt;ScriptBlock&gt;, /workspaces/ps-sqlite/tests/Utils/DataProcessing/DataFilteringUtils.Tests.ps1:287</stack-trace>
                    </failure>
                  </test-case>
                  <test-case description="データ内のUnicode文字を処理すること" name="DataFilteringUtils (データ処理層) テスト.Japanese Text and Unicode Handling.データ内のUnicode文字を処理すること" time="0.0113" asserts="0" success="False" result="Failure" executed="True">
                    <failure>
                      <message>Expected the actual value to be greater than or equal to 1, but got 0.</message>
                      <stack-trace>at $result.Statistics.ExcludedCount | Should -BeGreaterOrEqual 1, /workspaces/ps-sqlite/tests/Utils/DataProcessing/DataFilteringUtils.Tests.ps1:307
at &lt;ScriptBlock&gt;, /workspaces/ps-sqlite/tests/Utils/DataProcessing/DataFilteringUtils.Tests.ps1:307</stack-trace>
                    </failure>
                  </test-case>
                  <test-case description="フィルタ出力でUnicode文字を保持すること" name="DataFilteringUtils (データ処理層) テスト.Japanese Text and Unicode Handling.フィルタ出力でUnicode文字を保持すること" time="0.0058" asserts="0" success="True" result="Success" executed="True" />
                </results>
              </test-suite>
              <test-suite type="TestFixture" name="DataFilteringUtils (データ処理層) テスト.Error Handling and Edge Cases" executed="True" result="Failure" success="False" time="0.4215" asserts="0" description="DataFilteringUtils (データ処理層) テスト.Error Handling and Edge Cases">
                <results>
                  <test-case description="不正な形式のフィルタ設定を処理すること" name="DataFilteringUtils (データ処理層) テスト.Error Handling and Edge Cases.不正な形式のフィルタ設定を処理すること" time="0.0057" asserts="0" success="True" result="Success" executed="True" />
                  <test-case description="フィールドが不足しているデータオブジェクトを処理すること" name="DataFilteringUtils (データ処理層) テスト.Error Handling and Edge Cases.フィールドが不足しているデータオブジェクトを処理すること" time="0.0032" asserts="0" success="True" result="Success" executed="True" />
                  <test-case description="非常に大きなデータセットを効率的に処理すること" name="DataFilteringUtils (データ処理層) テスト.Error Handling and Edge Cases.非常に大きなデータセットを効率的に処理すること" time="0.1187" asserts="0" success="False" result="Failure" executed="True">
                    <failure>
                      <message>Expected 100, but got 0.</message>
                      <stack-trace>at $result.Statistics.ExcludedCount | Should -Be 100  # 100件ごとに1件, /workspaces/ps-sqlite/tests/Utils/DataProcessing/DataFilteringUtils.Tests.ps1:375
at &lt;ScriptBlock&gt;, /workspaces/ps-sqlite/tests/Utils/DataProcessing/DataFilteringUtils.Tests.ps1:375</stack-trace>
                    </failure>
                  </test-case>
                  <test-case description="データ内の循環参照を処理すること" name="DataFilteringUtils (データ処理層) テスト.Error Handling and Edge Cases.データ内の循環参照を処理すること" time="0.0041" asserts="0" success="True" result="Success" executed="True" />
                </results>
              </test-suite>
              <test-suite type="TestFixture" name="DataFilteringUtils (データ処理層) テスト.Performance and Memory Management" executed="True" result="Failure" success="False" time="1.3377" asserts="0" description="DataFilteringUtils (データ処理層) テスト.Performance and Memory Management">
                <results>
                  <test-case description="メモリリークなしで大量データセットをフィルタリングすること" name="DataFilteringUtils (データ処理層) テスト.Performance and Memory Management.メモリリークなしで大量データセットをフィルタリングすること" time="0.2037" asserts="0" success="True" result="Success" executed="True" />
                  <test-case description="並行フィルタリング操作を処理すること" name="DataFilteringUtils (データ処理層) テスト.Performance and Memory Management.並行フィルタリング操作を処理すること" time="0.7077" asserts="0" success="False" result="Failure" executed="True">
                    <failure>
                      <message>Expected 80, but got 100.</message>
                      <stack-trace>at $_.FilteredCount | Should -Be 80  # E5*とE6*を除外, /workspaces/ps-sqlite/tests/Utils/DataProcessing/DataFilteringUtils.Tests.ps1:449
at &lt;ScriptBlock&gt;, /workspaces/ps-sqlite/tests/Utils/DataProcessing/DataFilteringUtils.Tests.ps1:449
at &lt;ScriptBlock&gt;, /workspaces/ps-sqlite/tests/Utils/DataProcessing/DataFilteringUtils.Tests.ps1:447</stack-trace>
                    </failure>
                  </test-case>
                </results>
              </test-suite>
              <test-suite type="TestFixture" name="DataFilteringUtils (データ処理層) テスト.Integration with Lower Layers" executed="True" result="Failure" success="False" time="1.3768" asserts="0" description="DataFilteringUtils (データ処理層) テスト.Integration with Lower Layers">
                <results>
                  <test-case description="インフラストラクチャ層の設定を使用すること" name="DataFilteringUtils (データ処理層) テスト.Integration with Lower Layers.インフラストラクチャ層の設定を使用すること" time="0.0061" asserts="0" success="True" result="Success" executed="True" />
                  <test-case description="基盤層のユーティリティを使用すること" name="DataFilteringUtils (データ処理層) テスト.Integration with Lower Layers.基盤層のユーティリティを使用すること" time="0.0179" asserts="0" success="False" result="Failure" executed="True">
                    <failure>
                      <message>Expected '20250817_120000', but got $null.</message>
                      <stack-trace>at $result.Statistics.Timestamp | Should -Be "20250817_120000", /workspaces/ps-sqlite/tests/Utils/DataProcessing/DataFilteringUtils.Tests.ps1:470
at &lt;ScriptBlock&gt;, /workspaces/ps-sqlite/tests/Utils/DataProcessing/DataFilteringUtils.Tests.ps1:470</stack-trace>
                    </failure>
                  </test-case>
                  <test-case description="ログ関数と統合すること" name="DataFilteringUtils (データ処理層) テスト.Integration with Lower Layers.ログ関数と統合すること" time="0.0088" asserts="0" success="True" result="Success" executed="True" />
                </results>
              </test-suite>
            </results>
          </test-suite>
        </results>
      </test-suite>
      <test-suite type="TestFixture" name="/workspaces/ps-sqlite/tests/Integration/FullSystem.Tests.ps1" executed="True" result="Failure" success="False" time="1.9378" asserts="0" description="/workspaces/ps-sqlite/tests/Integration/FullSystem.Tests.ps1">
        <results>
          <test-suite type="TestFixture" name="全システム統合テスト" executed="True" result="Failure" success="False" time="1.6596" asserts="0" description="全システム統合テスト">
            <results>
              <test-suite type="TestFixture" name="全システム統合テスト.エンドツーエンドデータ同期" executed="True" result="Failure" success="False" time="0.0551" asserts="0" description="全システム統合テスト.エンドツーエンドデータ同期">
                <results>
                  <test-case description="基本同期ワークフローを完了すること" name="全システム統合テスト.エンドツーエンドデータ同期.基本同期ワークフローを完了すること" time="0.027" asserts="0" success="True" result="Success" executed="True" />
                  <test-case description="同期中のフィルタリングを処理すること" name="全システム統合テスト.エンドツーエンドデータ同期.同期中のフィルタリングを処理すること" time="0.006" asserts="0" success="True" result="Success" executed="True" />
                  <test-case description="エッジケースを適切に処理すること" name="全システム統合テスト.エンドツーエンドデータ同期.エッジケースを適切に処理すること" time="0.0171" asserts="0" success="False" result="Failure" executed="True">
                    <failure>
                      <message>RuntimeException: Method invocation failed because [System.Management.Automation.PSCustomObject] does not contain a method named 'ContainsKey'.</message>
                      <stack-trace>at Test-MockDataIntegrity, /workspaces/ps-sqlite/tests/TestHelpers/MockHelpers.psm1:479
at &lt;ScriptBlock&gt;, /workspaces/ps-sqlite/tests/Integration/FullSystem.Tests.ps1:110</stack-trace>
                    </failure>
                  </test-case>
                </results>
              </test-suite>
              <test-suite type="TestFixture" name="全システム統合テスト.設定統合" executed="True" result="Success" success="True" time="0.0937" asserts="0" description="全システム統合テスト.設定統合">
                <results>
                  <test-case description="設定を読み込み検証すること" name="全システム統合テスト.設定統合.設定を読み込み検証すること" time="0.0185" asserts="0" success="True" result="Success" executed="True" />
                  <test-case description="設定のバリエーションを処理すること" name="全システム統合テスト.設定統合.設定のバリエーションを処理すること" time="0.015" asserts="0" success="True" result="Success" executed="True" />
                </results>
              </test-suite>
              <test-suite type="TestFixture" name="全システム統合テスト.エラーハンドリングと復旧" executed="True" result="Success" success="True" time="0.1184" asserts="0" description="全システム統合テスト.エラーハンドリングと復旧">
                <results>
                  <test-case description="入力ファイルの欠如を処理すること" name="全システム統合テスト.エラーハンドリングと復旧.入力ファイルの欠如を処理すること" time="0.0106" asserts="0" success="True" result="Success" executed="True" />
                  <test-case description="データベース接続エラーを処理すること" name="全システム統合テスト.エラーハンドリングと復旧.データベース接続エラーを処理すること" time="0.0042" asserts="0" success="True" result="Success" executed="True" />
                  <test-case description="意味のあるエラーメッセージを提供すること" name="全システム統合テスト.エラーハンドリングと復旧.意味のあるエラーメッセージを提供すること" time="0.0047" asserts="0" success="True" result="Success" executed="True" />
                </results>
              </test-suite>
              <test-suite type="TestFixture" name="全システム統合テスト.パフォーマンスとスケール" executed="True" result="Success" success="True" time="1.5944" asserts="0" description="全システム統合テスト.パフォーマンスとスケール">
                <results>
                  <test-case description="適切なデータ量を効率的に処理すること" name="全システム統合テスト.パフォーマンスとスケール.適切なデータ量を効率的に処理すること" time="1.1131" asserts="0" success="True" result="Success" executed="True" />
                  <test-case description="一貨したメモリ使用量を維持すること" name="全システム統合テスト.パフォーマンスとスケール.一貨したメモリ使用量を維持すること" time="0.3577" asserts="0" success="True" result="Success" executed="True" />
                </results>
              </test-suite>
              <test-suite type="TestFixture" name="全システム統合テスト.データ整合性と一貨性" executed="True" result="Success" success="True" time="1.6544" asserts="0" description="全システム統合テスト.データ整合性と一貨性">
                <results>
                  <test-case description="参照整合性を維持すること" name="全システム統合テスト.データ整合性と一貨性.参照整合性を維持すること" time="0.0451" asserts="0" success="True" result="Success" executed="True" />
                  <test-case description="重複レコードを検出し処理すること" name="全システム統合テスト.データ整合性と一貨性.重複レコードを検出し処理すること" time="0.0099" asserts="0" success="True" result="Success" executed="True" />
                </results>
              </test-suite>
            </results>
          </test-suite>
          <test-suite type="TestFixture" name="システムコンポーネント統合テスト" executed="True" result="Success" success="True" time="1.7459" asserts="0" description="システムコンポーネント統合テスト">
            <results>
              <test-suite type="TestFixture" name="システムコンポーネント統合テスト.モジュール間連携" executed="True" result="Success" success="True" time="0.0394" asserts="0" description="システムコンポーネント統合テスト.モジュール間連携">
                <results>
                  <test-case description="CSV処理とデータフィルタリングを統合すること" name="システムコンポーネント統合テスト.モジュール間連携.CSV処理とデータフィルタリングを統合すること" time="0.0177" asserts="0" success="True" result="Success" executed="True" />
                  <test-case description="データベース操作と同期ロジックを統合すること" name="システムコンポーネント統合テスト.モジュール間連携.データベース操作と同期ロジックを統合すること" time="0.0125" asserts="0" success="True" result="Success" executed="True" />
                </results>
              </test-suite>
              <test-suite type="TestFixture" name="システムコンポーネント統合テスト.設定駆動処理" executed="True" result="Success" success="True" time="0.0711" asserts="0" description="システムコンポーネント統合テスト.設定駆動処理">
                <results>
                  <test-case description="異なるテーブルスキーマに適応すること" name="システムコンポーネント統合テスト.設定駆動処理.異なるテーブルスキーマに適応すること" time="0.0186" asserts="0" success="True" result="Success" executed="True" />
                </results>
              </test-suite>
            </results>
          </test-suite>
        </results>
      </test-suite>
      <test-suite type="TestFixture" name="/workspaces/ps-sqlite/tests/Feature/ExcludedDataKeepOutput.Tests.ps1" executed="True" result="Failure" success="False" time="0.075" asserts="0" description="/workspaces/ps-sqlite/tests/Feature/ExcludedDataKeepOutput.Tests.ps1">
        <results>
          <test-suite type="TestFixture" name="除外データKEEP出力機能" executed="True" result="Failure" success="False" time="0.0437" asserts="0" description="除外データKEEP出力機能">
            <results>
              <test-suite type="TestFixture" name="除外データKEEP出力機能.除外データKEEP出力が無効の場合" executed="True" result="Failure" success="False" time="0.0097" asserts="0" description="除外データKEEP出力機能.除外データKEEP出力が無効の場合">
                <results>
                  <test-case description="フィルタ除外されたcurrent_dataは出力されない" name="除外データKEEP出力機能.除外データKEEP出力が無効の場合.フィルタ除外されたcurrent_dataは出力されない" time="0.005" asserts="0" success="False" result="Failure" executed="True">
                    <failure>
                      <message>ParameterBindingValidationException: Cannot bind argument to parameter 'FilePath' because it is null.</message>
                      <stack-trace>at &lt;ScriptBlock&gt;, /workspaces/ps-sqlite/tests/Feature/ExcludedDataKeepOutput.Tests.ps1:164</stack-trace>
                    </failure>
                  </test-case>
                </results>
              </test-suite>
              <test-suite type="TestFixture" name="除外データKEEP出力機能.除外データKEEP出力が有効の場合" executed="True" result="Failure" success="False" time="0.0247" asserts="0" description="除外データKEEP出力機能.除外データKEEP出力が有効の場合">
                <results>
                  <test-case description="フィルタ除外されたcurrent_dataがKEEPアクションで出力される" name="除外データKEEP出力機能.除外データKEEP出力が有効の場合.フィルタ除外されたcurrent_dataがKEEPアクションで出力される" time="0.006" asserts="0" success="False" result="Failure" executed="True">
                    <failure>
                      <message>ParameterBindingValidationException: Cannot bind argument to parameter 'FilePath' because it is null.</message>
                      <stack-trace>at &lt;ScriptBlock&gt;, /workspaces/ps-sqlite/tests/Feature/ExcludedDataKeepOutput.Tests.ps1:199</stack-trace>
                    </failure>
                  </test-case>
                </results>
              </test-suite>
            </results>
          </test-suite>
        </results>
      </test-suite>
    </results>
  </test-suite>
</test-results>